#
# There is insufficient memory for the Java Runtime Environment to continue.
# Native memory allocation (malloc) failed to allocate 32744 bytes for ChunkPool::allocate
# Possible reasons:
#   The system is out of physical RAM or swap space
#   The process is running with CompressedOops enabled, and the Java Heap may be blocking the growth of the native heap
# Possible solutions:
#   Reduce memory load on the system
#   Increase physical memory or swap space
#   Check if swap backing store is full
#   Decrease Java heap size (-Xmx/-Xms)
#   Decrease number of Java threads
#   Decrease Java thread stack sizes (-Xss)
#   Set larger code cache with -XX:ReservedCodeCacheSize=
#   JVM is running with Unscaled Compressed Oops mode in which the Java heap is
#     placed in the first 4GB address space. The Java Heap base address is the
#     maximum limit for the native heap growth. Please use -XX:HeapBaseMinAddress
#     to set the Java Heap base and to place the Java Heap above 4GB virtual address.
# This output file may be truncated or incomplete.
#
#  Out of Memory Error (arena.cpp:78), pid=1036, tid=408
#
# JRE version: OpenJDK Runtime Environment (17.0.2+8) (build 17.0.2+8-86)
# Java VM: OpenJDK 64-Bit Server VM (17.0.2+8-86, mixed mode, sharing, tiered, compressed oops, compressed class ptrs, g1 gc, windows-amd64)
# No core dump will be written. Minidumps are not enabled by default on client versions of Windows
#

---------------  S U M M A R Y ------------

Command Line: -Xmx64m -Xms64m -Dorg.gradle.appname=gradlew org.gradle.wrapper.GradleWrapperMain app:installDebug -PreactNativeDevServerPort=8081

Host: Intel(R) Core(TM) i3-4010U CPU @ 1.70GHz, 4 cores, 5G,  Windows 10 , 64 bit Build 19041 (10.0.19041.4842)
Time: Thu Oct 10 00:52:22 2024 India Standard Time elapsed time: 0.227893 seconds (0d 0h 0m 0s)

---------------  T H R E A D  ---------------

Current thread (0x000001b07e2d5b50):  JavaThread "C2 CompilerThread0" daemon [_thread_in_native, id=408, stack(0x000000764a500000,0x000000764a600000)]


Current CompileTask:
C2:    228  162       4       java.util.concurrent.ConcurrentHashMap::tabAt (22 bytes)

Stack: [0x000000764a500000,0x000000764a600000]
Native frames: (J=compiled Java code, j=interpreted, Vv=VM code, C=native code)
V  [jvm.dll+0x670baa]
V  [jvm.dll+0x7cfcb4]
V  [jvm.dll+0x7d145e]
V  [jvm.dll+0x7d1ac3]
V  [jvm.dll+0x242bc5]
V  [jvm.dll+0xaa7c0]
V  [jvm.dll+0xaab0c]
V  [jvm.dll+0x5fd7a0]
V  [jvm.dll+0x5fd936]
V  [jvm.dll+0x5fd936]
V  [jvm.dll+0x5fd936]
V  [jvm.dll+0x6034f7]
V  [jvm.dll+0x604372]
V  [jvm.dll+0x6028d4]
V  [jvm.dll+0x215b08]
V  [jvm.dll+0x2150b1]
V  [jvm.dll+0x1a1bbd]
V  [jvm.dll+0x224908]
V  [jvm.dll+0x222a6c]
V  [jvm.dll+0x7859bb]
V  [jvm.dll+0x77ff7a]
V  [jvm.dll+0x66fa35]
C  [ucrtbase.dll+0x21bb2]
C  [KERNEL32.DLL+0x17374]
C  [ntdll.dll+0x4cc91]


---------------  P R O C E S S  ---------------

Threads class SMR info:
_java_thread_list=0x000001b07ed3a000, length=12, elements={
0x000001b07bb77c50, 0x000001b07bc414a0, 0x000001b07bc44ac0, 0x000001b07e2cb150,
0x000001b07e2ccb10, 0x000001b07e2cfc70, 0x000001b07e2d11d0, 0x000001b07e2d5b50,
0x000001b07e2d6d90, 0x000001b07e2edee0, 0x000001b07ed6b600, 0x000001b07ed70920
}

Java Threads: ( => current thread )
  0x000001b07bb77c50 JavaThread "main" [_thread_in_vm, id=10724, stack(0x0000007649800000,0x0000007649900000)]
  0x000001b07bc414a0 JavaThread "Reference Handler" daemon [_thread_blocked, id=5480, stack(0x0000007649f00000,0x000000764a000000)]
  0x000001b07bc44ac0 JavaThread "Finalizer" daemon [_thread_blocked, id=11608, stack(0x000000764a000000,0x000000764a100000)]
  0x000001b07e2cb150 JavaThread "Signal Dispatcher" daemon [_thread_blocked, id=10604, stack(0x000000764a100000,0x000000764a200000)]
  0x000001b07e2ccb10 JavaThread "Attach Listener" daemon [_thread_blocked, id=9868, stack(0x000000764a200000,0x000000764a300000)]
  0x000001b07e2cfc70 JavaThread "Service Thread" daemon [_thread_blocked, id=6152, stack(0x000000764a300000,0x000000764a400000)]
  0x000001b07e2d11d0 JavaThread "Monitor Deflation Thread" daemon [_thread_blocked, id=6968, stack(0x000000764a400000,0x000000764a500000)]
=>0x000001b07e2d5b50 JavaThread "C2 CompilerThread0" daemon [_thread_in_native, id=408, stack(0x000000764a500000,0x000000764a600000)]
  0x000001b07e2d6d90 JavaThread "C1 CompilerThread0" daemon [_thread_blocked, id=3624, stack(0x000000764a600000,0x000000764a700000)]
  0x000001b07e2edee0 JavaThread "Sweeper thread" daemon [_thread_blocked, id=1360, stack(0x000000764a700000,0x000000764a800000)]
  0x000001b07ed6b600 JavaThread "Notification Thread" daemon [_thread_blocked, id=11952, stack(0x000000764a800000,0x000000764a900000)]
  0x000001b07ed70920 JavaThread "Common-Cleaner" daemon [_thread_blocked, id=14080, stack(0x000000764aa00000,0x000000764ab00000)]

Other Threads:
  0x000001b07bc3b0f0 VMThread "VM Thread" [stack: 0x0000007649e00000,0x0000007649f00000] [id=11660]
  0x000001b07bba1040 WatcherThread [stack: 0x000000764a900000,0x000000764aa00000] [id=12628]
  0x000001b07bb96cb0 GCTaskThread "GC Thread#0" [stack: 0x0000007649900000,0x0000007649a00000] [id=7308]
  0x000001b07bb983f0 ConcurrentGCThread "G1 Main Marker" [stack: 0x0000007649a00000,0x0000007649b00000] [id=12804]
  0x000001b07bb995a0 ConcurrentGCThread "G1 Conc#0" [stack: 0x0000007649b00000,0x0000007649c00000] [id=13208]
  0x000001b07bc1eb60 ConcurrentGCThread "G1 Refine#0" [stack: 0x0000007649c00000,0x0000007649d00000] [id=4724]
  0x000001b07bc1f580 ConcurrentGCThread "G1 Service" [stack: 0x0000007649d00000,0x0000007649e00000] [id=11016]

Threads with active compile tasks:
C2 CompilerThread0      274  162       4       java.util.concurrent.ConcurrentHashMap::tabAt (22 bytes)

VM state: not at safepoint (normal execution)

VM Mutex/Monitor currently owned by a thread:  ([mutex/lock_event])
[0x000001b07bb72cb0] Metaspace_lock - owner thread: 0x000001b07bb77c50

Heap address: 0x00000000fc000000, size: 64 MB, Compressed Oops mode: 32-bit

CDS archive(s) mapped at: [0x0000000800000000-0x0000000800bc0000-0x0000000800bc0000), size 12320768, SharedBaseAddress: 0x0000000800000000, ArchiveRelocationMode: 0.
Compressed class space mapped at: 0x0000000800c00000-0x0000000840c00000, reserved size: 1073741824
Narrow klass base: 0x0000000800000000, Narrow klass shift: 0, Narrow klass range: 0x100000000

GC Precious Log:
 CPUs: 4 total, 4 available
 Memory: 6024M
 Large Page Support: Disabled
 NUMA Support: Disabled
 Compressed Oops: Enabled (32-bit)
 Heap Region Size: 1M
 Heap Min Capacity: 64M
 Heap Initial Capacity: 64M
 Heap Max Capacity: 64M
 Pre-touch: Disabled
 Parallel Workers: 4
 Concurrent Workers: 1
 Concurrent Refinement Workers: 4
 Periodic GC: Disabled

Heap:
 garbage-first heap   total 65536K, used 1024K [0x00000000fc000000, 0x0000000100000000)
  region size 1024K, 2 young (2048K), 0 survivors (0K)
 Metaspace       used 716K, committed 832K, reserved 1056768K
  class space    used 71K, committed 128K, reserved 1048576K

Heap Regions: E=young(eden), S=young(survivor), O=old, HS=humongous(starts), HC=humongous(continues), CS=collection set, F=free, OA=open archive, CA=closed archive, TAMS=top-at-mark-start (previous, next)
|   0|0x00000000fc000000, 0x00000000fc000000, 0x00000000fc100000|  0%| F|  |TAMS 0x00000000fc000000, 0x00000000fc000000| Untracked 
|   1|0x00000000fc100000, 0x00000000fc100000, 0x00000000fc200000|  0%| F|  |TAMS 0x00000000fc100000, 0x00000000fc100000| Untracked 
|   2|0x00000000fc200000, 0x00000000fc200000, 0x00000000fc300000|  0%| F|  |TAMS 0x00000000fc200000, 0x00000000fc200000| Untracked 
|   3|0x00000000fc300000, 0x00000000fc300000, 0x00000000fc400000|  0%| F|  |TAMS 0x00000000fc300000, 0x00000000fc300000| Untracked 
|   4|0x00000000fc400000, 0x00000000fc400000, 0x00000000fc500000|  0%| F|  |TAMS 0x00000000fc400000, 0x00000000fc400000| Untracked 
|   5|0x00000000fc500000, 0x00000000fc500000, 0x00000000fc600000|  0%| F|  |TAMS 0x00000000fc500000, 0x00000000fc500000| Untracked 
|   6|0x00000000fc600000, 0x00000000fc600000, 0x00000000fc700000|  0%| F|  |TAMS 0x00000000fc600000, 0x00000000fc600000| Untracked 
|   7|0x00000000fc700000, 0x00000000fc700000, 0x00000000fc800000|  0%| F|  |TAMS 0x00000000fc700000, 0x00000000fc700000| Untracked 
|   8|0x00000000fc800000, 0x00000000fc800000, 0x00000000fc900000|  0%| F|  |TAMS 0x00000000fc800000, 0x00000000fc800000| Untracked 
|   9|0x00000000fc900000, 0x00000000fc900000, 0x00000000fca00000|  0%| F|  |TAMS 0x00000000fc900000, 0x00000000fc900000| Untracked 
|  10|0x00000000fca00000, 0x00000000fca00000, 0x00000000fcb00000|  0%| F|  |TAMS 0x00000000fca00000, 0x00000000fca00000| Untracked 
|  11|0x00000000fcb00000, 0x00000000fcb00000, 0x00000000fcc00000|  0%| F|  |TAMS 0x00000000fcb00000, 0x00000000fcb00000| Untracked 
|  12|0x00000000fcc00000, 0x00000000fcc00000, 0x00000000fcd00000|  0%| F|  |TAMS 0x00000000fcc00000, 0x00000000fcc00000| Untracked 
|  13|0x00000000fcd00000, 0x00000000fcd00000, 0x00000000fce00000|  0%| F|  |TAMS 0x00000000fcd00000, 0x00000000fcd00000| Untracked 
|  14|0x00000000fce00000, 0x00000000fce00000, 0x00000000fcf00000|  0%| F|  |TAMS 0x00000000fce00000, 0x00000000fce00000| Untracked 
|  15|0x00000000fcf00000, 0x00000000fcf00000, 0x00000000fd000000|  0%| F|  |TAMS 0x00000000fcf00000, 0x00000000fcf00000| Untracked 
|  16|0x00000000fd000000, 0x00000000fd000000, 0x00000000fd100000|  0%| F|  |TAMS 0x00000000fd000000, 0x00000000fd000000| Untracked 
|  17|0x00000000fd100000, 0x00000000fd100000, 0x00000000fd200000|  0%| F|  |TAMS 0x00000000fd100000, 0x00000000fd100000| Untracked 
|  18|0x00000000fd200000, 0x00000000fd200000, 0x00000000fd300000|  0%| F|  |TAMS 0x00000000fd200000, 0x00000000fd200000| Untracked 
|  19|0x00000000fd300000, 0x00000000fd300000, 0x00000000fd400000|  0%| F|  |TAMS 0x00000000fd300000, 0x00000000fd300000| Untracked 
|  20|0x00000000fd400000, 0x00000000fd400000, 0x00000000fd500000|  0%| F|  |TAMS 0x00000000fd400000, 0x00000000fd400000| Untracked 
|  21|0x00000000fd500000, 0x00000000fd500000, 0x00000000fd600000|  0%| F|  |TAMS 0x00000000fd500000, 0x00000000fd500000| Untracked 
|  22|0x00000000fd600000, 0x00000000fd600000, 0x00000000fd700000|  0%| F|  |TAMS 0x00000000fd600000, 0x00000000fd600000| Untracked 
|  23|0x00000000fd700000, 0x00000000fd700000, 0x00000000fd800000|  0%| F|  |TAMS 0x00000000fd700000, 0x00000000fd700000| Untracked 
|  24|0x00000000fd800000, 0x00000000fd800000, 0x00000000fd900000|  0%| F|  |TAMS 0x00000000fd800000, 0x00000000fd800000| Untracked 
|  25|0x00000000fd900000, 0x00000000fd900000, 0x00000000fda00000|  0%| F|  |TAMS 0x00000000fd900000, 0x00000000fd900000| Untracked 
|  26|0x00000000fda00000, 0x00000000fda00000, 0x00000000fdb00000|  0%| F|  |TAMS 0x00000000fda00000, 0x00000000fda00000| Untracked 
|  27|0x00000000fdb00000, 0x00000000fdb00000, 0x00000000fdc00000|  0%| F|  |TAMS 0x00000000fdb00000, 0x00000000fdb00000| Untracked 
|  28|0x00000000fdc00000, 0x00000000fdc00000, 0x00000000fdd00000|  0%| F|  |TAMS 0x00000000fdc00000, 0x00000000fdc00000| Untracked 
|  29|0x00000000fdd00000, 0x00000000fdd00000, 0x00000000fde00000|  0%| F|  |TAMS 0x00000000fdd00000, 0x00000000fdd00000| Untracked 
|  30|0x00000000fde00000, 0x00000000fde00000, 0x00000000fdf00000|  0%| F|  |TAMS 0x00000000fde00000, 0x00000000fde00000| Untracked 
|  31|0x00000000fdf00000, 0x00000000fdf00000, 0x00000000fe000000|  0%| F|  |TAMS 0x00000000fdf00000, 0x00000000fdf00000| Untracked 
|  32|0x00000000fe000000, 0x00000000fe000000, 0x00000000fe100000|  0%| F|  |TAMS 0x00000000fe000000, 0x00000000fe000000| Untracked 
|  33|0x00000000fe100000, 0x00000000fe100000, 0x00000000fe200000|  0%| F|  |TAMS 0x00000000fe100000, 0x00000000fe100000| Untracked 
|  34|0x00000000fe200000, 0x00000000fe200000, 0x00000000fe300000|  0%| F|  |TAMS 0x00000000fe200000, 0x00000000fe200000| Untracked 
|  35|0x00000000fe300000, 0x00000000fe300000, 0x00000000fe400000|  0%| F|  |TAMS 0x00000000fe300000, 0x00000000fe300000| Untracked 
|  36|0x00000000fe400000, 0x00000000fe400000, 0x00000000fe500000|  0%| F|  |TAMS 0x00000000fe400000, 0x00000000fe400000| Untracked 
|  37|0x00000000fe500000, 0x00000000fe500000, 0x00000000fe600000|  0%| F|  |TAMS 0x00000000fe500000, 0x00000000fe500000| Untracked 
|  38|0x00000000fe600000, 0x00000000fe600000, 0x00000000fe700000|  0%| F|  |TAMS 0x00000000fe600000, 0x00000000fe600000| Untracked 
|  39|0x00000000fe700000, 0x00000000fe700000, 0x00000000fe800000|  0%| F|  |TAMS 0x00000000fe700000, 0x00000000fe700000| Untracked 
|  40|0x00000000fe800000, 0x00000000fe800000, 0x00000000fe900000|  0%| F|  |TAMS 0x00000000fe800000, 0x00000000fe800000| Untracked 
|  41|0x00000000fe900000, 0x00000000fe900000, 0x00000000fea00000|  0%| F|  |TAMS 0x00000000fe900000, 0x00000000fe900000| Untracked 
|  42|0x00000000fea00000, 0x00000000fea00000, 0x00000000feb00000|  0%| F|  |TAMS 0x00000000fea00000, 0x00000000fea00000| Untracked 
|  43|0x00000000feb00000, 0x00000000feb00000, 0x00000000fec00000|  0%| F|  |TAMS 0x00000000feb00000, 0x00000000feb00000| Untracked 
|  44|0x00000000fec00000, 0x00000000fec00000, 0x00000000fed00000|  0%| F|  |TAMS 0x00000000fec00000, 0x00000000fec00000| Untracked 
|  45|0x00000000fed00000, 0x00000000fed00000, 0x00000000fee00000|  0%| F|  |TAMS 0x00000000fed00000, 0x00000000fed00000| Untracked 
|  46|0x00000000fee00000, 0x00000000fee00000, 0x00000000fef00000|  0%| F|  |TAMS 0x00000000fee00000, 0x00000000fee00000| Untracked 
|  47|0x00000000fef00000, 0x00000000fef00000, 0x00000000ff000000|  0%| F|  |TAMS 0x00000000fef00000, 0x00000000fef00000| Untracked 
|  48|0x00000000ff000000, 0x00000000ff000000, 0x00000000ff100000|  0%| F|  |TAMS 0x00000000ff000000, 0x00000000ff000000| Untracked 
|  49|0x00000000ff100000, 0x00000000ff100000, 0x00000000ff200000|  0%| F|  |TAMS 0x00000000ff100000, 0x00000000ff100000| Untracked 
|  50|0x00000000ff200000, 0x00000000ff200000, 0x00000000ff300000|  0%| F|  |TAMS 0x00000000ff200000, 0x00000000ff200000| Untracked 
|  51|0x00000000ff300000, 0x00000000ff300000, 0x00000000ff400000|  0%| F|  |TAMS 0x00000000ff300000, 0x00000000ff300000| Untracked 
|  52|0x00000000ff400000, 0x00000000ff400000, 0x00000000ff500000|  0%| F|  |TAMS 0x00000000ff400000, 0x00000000ff400000| Untracked 
|  53|0x00000000ff500000, 0x00000000ff500000, 0x00000000ff600000|  0%| F|  |TAMS 0x00000000ff500000, 0x00000000ff500000| Untracked 
|  54|0x00000000ff600000, 0x00000000ff600000, 0x00000000ff700000|  0%| F|  |TAMS 0x00000000ff600000, 0x00000000ff600000| Untracked 
|  55|0x00000000ff700000, 0x00000000ff700000, 0x00000000ff800000|  0%| F|  |TAMS 0x00000000ff700000, 0x00000000ff700000| Untracked 
|  56|0x00000000ff800000, 0x00000000ff800000, 0x00000000ff900000|  0%| F|  |TAMS 0x00000000ff800000, 0x00000000ff800000| Untracked 
|  57|0x00000000ff900000, 0x00000000ff900000, 0x00000000ffa00000|  0%| F|  |TAMS 0x00000000ff900000, 0x00000000ff900000| Untracked 
|  58|0x00000000ffa00000, 0x00000000ffa00000, 0x00000000ffb00000|  0%| F|  |TAMS 0x00000000ffa00000, 0x00000000ffa00000| Untracked 
|  59|0x00000000ffb00000, 0x00000000ffb00000, 0x00000000ffc00000|  0%| F|  |TAMS 0x00000000ffb00000, 0x00000000ffb00000| Untracked 
|  60|0x00000000ffc00000, 0x00000000ffc00000, 0x00000000ffd00000|  0%| F|  |TAMS 0x00000000ffc00000, 0x00000000ffc00000| Untracked 
|  61|0x00000000ffd00000, 0x00000000ffd00000, 0x00000000ffe00000|  0%| F|  |TAMS 0x00000000ffd00000, 0x00000000ffd00000| Untracked 
|  62|0x00000000ffe00000, 0x00000000fff00000, 0x00000000fff00000|100%| E|  |TAMS 0x00000000ffe00000, 0x00000000ffe00000| Complete 
|  63|0x00000000fff00000, 0x0000000100000000, 0x0000000100000000|100%| E|CS|TAMS 0x00000000fff00000, 0x00000000fff00000| Complete 

Card table byte_map: [0x000001b079b30000,0x000001b079b50000] _byte_map_base: 0x000001b079350000

Marking Bits (Prev, Next): (CMBitMap*) 0x000001b07bb972c0, (CMBitMap*) 0x000001b07bb97300
 Prev Bits: [0x000001b07b970000, 0x000001b07ba70000)
 Next Bits: [0x000001b07bc50000, 0x000001b07bd50000)

Polling page: 0x000001b079ae0000

Metaspace:

Usage:
  Non-class:    645.06 KB used.
      Class:     71.10 KB used.
       Both:    716.16 KB used.

Virtual space:
  Non-class space:        8.00 MB reserved,     704.00 KB (  9%) committed,  1 nodes.
      Class space:        1.00 GB reserved,     128.00 KB ( <1%) committed,  1 nodes.
             Both:        1.01 GB reserved,     832.00 KB ( <1%) committed. 

Chunk freelists:
   Non-Class:  3.92 MB
       Class:  3.73 MB
        Both:  7.66 MB

MaxMetaspaceSize: unlimited
CompressedClassSpaceSize: 1.00 GB
Initial GC threshold: 21.00 MB
Current GC threshold: 21.00 MB
CDS: on
MetaspaceReclaimPolicy: balanced
 - commit_granule_bytes: 65536.
 - commit_granule_words: 8192.
 - virtual_space_node_default_size: 1048576.
 - enlarge_chunks_in_place: 1.
 - new_chunks_are_fully_committed: 0.
 - uncommit_free_chunks: 1.
 - use_allocation_guard: 0.
 - handle_deallocations: 1.


Internal statistics:

num_allocs_failed_limit: 0.
num_arena_births: 6.
num_arena_deaths: 0.
num_vsnodes_births: 2.
num_vsnodes_deaths: 0.
num_space_committed: 13.
num_space_uncommitted: 0.
num_chunks_returned_to_freelist: 0.
num_chunks_taken_from_freelist: 16.
num_chunk_merges: 0.
num_chunk_splits: 8.
num_chunks_enlarged: 5.
num_purges: 0.
num_inconsistent_stats: 0.

CodeHeap 'non-profiled nmethods': size=120000Kb used=42Kb max_used=42Kb free=119957Kb
 bounds [0x000001b00f240000, 0x000001b00f4b0000, 0x000001b016770000]
CodeHeap 'profiled nmethods': size=120000Kb used=212Kb max_used=212Kb free=119788Kb
 bounds [0x000001b007d10000, 0x000001b007f80000, 0x000001b00f240000]
CodeHeap 'non-nmethods': size=5760Kb used=1100Kb max_used=1112Kb free=4659Kb
 bounds [0x000001b007770000, 0x000001b0079e0000, 0x000001b007d10000]
 total_blobs=539 nmethods=163 adapters=289
 compilation: enabled
              stopped_count=0, restarted_count=0
 full_count=0

Compilation events (20 events):
Event: 0.207 Thread 0x000001b07e2d6d90 nmethod 147 0x000001b007d3ae10 code [0x000001b007d3afc0, 0x000001b007d3b278]
Event: 0.207 Thread 0x000001b07e2d5b50 nmethod 148 0x000001b00f249690 code [0x000001b00f249800, 0x000001b00f249898]
Event: 0.208 Thread 0x000001b07e2d6d90  149       3       java.util.concurrent.ConcurrentHashMap::put (8 bytes)
Event: 0.208 Thread 0x000001b07e2d6d90 nmethod 149 0x000001b007d3b390 code [0x000001b007d3b520, 0x000001b007d3b668]
Event: 0.208 Thread 0x000001b07e2d6d90  150       1       sun.util.locale.BaseLocale::getLanguage (5 bytes)
Event: 0.208 Thread 0x000001b07e2d6d90 nmethod 150 0x000001b00f249990 code [0x000001b00f249b20, 0x000001b00f249bf8]
Event: 0.209 Thread 0x000001b07e2d6d90  151       1       sun.security.util.KnownOIDs::registerNames (2 bytes)
Event: 0.209 Thread 0x000001b07e2d6d90 nmethod 151 0x000001b00f249c90 code [0x000001b00f249e20, 0x000001b00f249ef8]
Event: 0.209 Thread 0x000001b07e2d6d90  152       3       java.lang.StringLatin1::toUpperCase (186 bytes)
Event: 0.210 Thread 0x000001b07e2d5b50  153       4       jdk.internal.misc.Unsafe::putReferenceRelease (9 bytes)
Event: 0.211 Thread 0x000001b07e2d6d90 nmethod 152 0x000001b007d3b710 code [0x000001b007d3b980, 0x000001b007d3c4d8]
Event: 0.212 Thread 0x000001b07e2d6d90  155       3       java.lang.String::toUpperCase (29 bytes)
Event: 0.212 Thread 0x000001b07e2d6d90 nmethod 155 0x000001b007d3c910 code [0x000001b007d3cae0, 0x000001b007d3cd98]
Event: 0.212 Thread 0x000001b07e2d6d90  157       3       sun.security.util.KnownOIDs::register (349 bytes)
Event: 0.212 Thread 0x000001b07e2d5b50 nmethod 153 0x000001b00f249f90 code [0x000001b00f24a100, 0x000001b00f24a238]
Event: 0.213 Thread 0x000001b07e2d5b50  154       4       java.util.concurrent.ConcurrentHashMap::casTabAt (21 bytes)
Event: 0.216 Thread 0x000001b07e2d5b50 nmethod 154 0x000001b00f24a290 code [0x000001b00f24a400, 0x000001b00f24a538]
Event: 0.216 Thread 0x000001b07e2d5b50  158       4       java.lang.StringLatin1::canEncode (13 bytes)
Event: 0.217 Thread 0x000001b07e2d5b50 nmethod 158 0x000001b00f24a590 code [0x000001b00f24a700, 0x000001b00f24a778]
Event: 0.217 Thread 0x000001b07e2d5b50  162       4       java.util.concurrent.ConcurrentHashMap::tabAt (22 bytes)

GC Heap History (0 events):
No events

Deoptimization events (0 events):
No events

Classes unloaded (0 events):
No events

Classes redefined (0 events):
No events

Internal exceptions (0 events):
No events

VM Operations (2 events):
Event: 0.121 Executing VM operation: HandshakeAllThreads
Event: 0.121 Executing VM operation: HandshakeAllThreads done

Events (20 events):
Event: 0.204 loading class sun/security/util/KnownOIDs$3
Event: 0.204 loading class sun/security/util/KnownOIDs$3 done
Event: 0.205 loading class sun/security/util/KnownOIDs$4
Event: 0.205 loading class sun/security/util/KnownOIDs$4 done
Event: 0.205 loading class sun/security/util/KnownOIDs$5
Event: 0.205 loading class sun/security/util/KnownOIDs$5 done
Event: 0.205 loading class sun/security/util/KnownOIDs$6
Event: 0.205 loading class sun/security/util/KnownOIDs$6 done
Event: 0.205 loading class sun/security/util/KnownOIDs$7
Event: 0.205 loading class sun/security/util/KnownOIDs$7 done
Event: 0.205 loading class sun/security/util/KnownOIDs$8
Event: 0.205 loading class sun/security/util/KnownOIDs$8 done
Event: 0.205 loading class sun/security/util/KnownOIDs$9
Event: 0.206 loading class sun/security/util/KnownOIDs$9 done
Event: 0.206 loading class sun/security/util/KnownOIDs$10
Event: 0.206 loading class sun/security/util/KnownOIDs$10 done
Event: 0.216 loading class java/util/LinkedHashMap$LinkedKeySet
Event: 0.216 loading class java/util/LinkedHashMap$LinkedKeySet done
Event: 0.216 loading class java/util/LinkedHashMap$LinkedKeyIterator
Event: 0.216 loading class java/util/LinkedHashMap$LinkedKeyIterator done


Dynamic libraries:
0x00007ff6f1720000 - 0x00007ff6f172e000 	C:\Program Files\Microsoft\jdk-17.0.2\bin\java.exe
0x00007ff97f630000 - 0x00007ff97f828000 	C:\Windows\SYSTEM32\ntdll.dll
0x00007ff97e870000 - 0x00007ff97e931000 	C:\Windows\System32\KERNEL32.DLL
0x00007ff97d1c0000 - 0x00007ff97d4bd000 	C:\Windows\System32\KERNELBASE.dll
0x00007ff97d4f0000 - 0x00007ff97d5f0000 	C:\Windows\System32\ucrtbase.dll
0x00007ff941b60000 - 0x00007ff941b78000 	C:\Program Files\Microsoft\jdk-17.0.2\bin\jli.dll
0x00007ff97ebf0000 - 0x00007ff97ed8d000 	C:\Windows\System32\USER32.dll
0x00007ff97cce0000 - 0x00007ff97cd02000 	C:\Windows\System32\win32u.dll
0x00007ff97de90000 - 0x00007ff97debb000 	C:\Windows\System32\GDI32.dll
0x00007ff97cdf0000 - 0x00007ff97cf07000 	C:\Windows\System32\gdi32full.dll
0x00007ff97d120000 - 0x00007ff97d1bd000 	C:\Windows\System32\msvcp_win.dll
0x00007ff942f30000 - 0x00007ff942f4a000 	C:\Program Files\Microsoft\jdk-17.0.2\bin\VCRUNTIME140.dll
0x00007ff96fc30000 - 0x00007ff96feca000 	C:\Windows\WinSxS\amd64_microsoft.windows.common-controls_6595b64144ccf1df_6.0.19041.4355_none_60b8b9eb71f62e16\COMCTL32.dll
0x00007ff97dfd0000 - 0x00007ff97e06e000 	C:\Windows\System32\msvcrt.dll
0x00007ff97dd50000 - 0x00007ff97dd7f000 	C:\Windows\System32\IMM32.DLL
0x00007ff963b90000 - 0x00007ff963b9c000 	C:\Program Files\Microsoft\jdk-17.0.2\bin\vcruntime140_1.dll
0x00007ff9320f0000 - 0x00007ff93217d000 	C:\Program Files\Microsoft\jdk-17.0.2\bin\msvcp140.dll
0x00007ff930ed0000 - 0x00007ff931a91000 	C:\Program Files\Microsoft\jdk-17.0.2\bin\server\jvm.dll
0x00007ff97daf0000 - 0x00007ff97dba0000 	C:\Windows\System32\ADVAPI32.dll
0x00007ff97e940000 - 0x00007ff97e9e0000 	C:\Windows\System32\sechost.dll
0x00007ff97e9e0000 - 0x00007ff97eb03000 	C:\Windows\System32\RPCRT4.dll
0x00007ff97d4c0000 - 0x00007ff97d4e7000 	C:\Windows\System32\bcrypt.dll
0x00007ff97dde0000 - 0x00007ff97dde8000 	C:\Windows\System32\PSAPI.DLL
0x00007ff963a90000 - 0x00007ff963a99000 	C:\Windows\SYSTEM32\WSOCK32.dll
0x00007ff97f580000 - 0x00007ff97f5eb000 	C:\Windows\System32\WS2_32.dll
0x00007ff973050000 - 0x00007ff973077000 	C:\Windows\SYSTEM32\WINMM.dll
0x00007ff973b00000 - 0x00007ff973b0a000 	C:\Windows\SYSTEM32\VERSION.dll
0x00007ff97ab60000 - 0x00007ff97ab72000 	C:\Windows\SYSTEM32\kernel.appcore.dll
0x00007ff9633b0000 - 0x00007ff9633ba000 	C:\Program Files\Microsoft\jdk-17.0.2\bin\jimage.dll
0x00007ff96a310000 - 0x00007ff96a4f4000 	C:\Windows\SYSTEM32\DBGHELP.DLL
0x00007ff96a050000 - 0x00007ff96a084000 	C:\Windows\SYSTEM32\dbgcore.DLL
0x00007ff97cd60000 - 0x00007ff97cde2000 	C:\Windows\System32\bcryptPrimitives.dll
0x00007ff941b30000 - 0x00007ff941b55000 	C:\Program Files\Microsoft\jdk-17.0.2\bin\java.dll
0x00007ff932010000 - 0x00007ff9320e6000 	C:\Program Files\Microsoft\jdk-17.0.2\bin\jsvml.dll
0x00007ff97ed90000 - 0x00007ff97f4ff000 	C:\Windows\System32\SHELL32.dll
0x00007ff97ad60000 - 0x00007ff97b503000 	C:\Windows\SYSTEM32\windows.storage.dll
0x00007ff97d790000 - 0x00007ff97dae3000 	C:\Windows\System32\combase.dll
0x00007ff97c710000 - 0x00007ff97c73e000 	C:\Windows\SYSTEM32\Wldp.dll
0x00007ff97d660000 - 0x00007ff97d72d000 	C:\Windows\System32\OLEAUT32.dll
0x00007ff97e350000 - 0x00007ff97e3fd000 	C:\Windows\System32\SHCORE.dll
0x00007ff97dec0000 - 0x00007ff97df15000 	C:\Windows\System32\shlwapi.dll
0x00007ff97cc10000 - 0x00007ff97cc34000 	C:\Windows\SYSTEM32\profapi.dll
0x00007ff940f60000 - 0x00007ff940f79000 	C:\Program Files\Microsoft\jdk-17.0.2\bin\net.dll
0x00007ff976700000 - 0x00007ff97680d000 	C:\Windows\SYSTEM32\WINHTTP.dll
0x00007ff97c470000 - 0x00007ff97c4da000 	C:\Windows\system32\mswsock.dll
0x00007ff940d80000 - 0x00007ff940d96000 	C:\Program Files\Microsoft\jdk-17.0.2\bin\nio.dll
0x00007ff940c40000 - 0x00007ff940c58000 	C:\Program Files\Microsoft\jdk-17.0.2\bin\zip.dll
0x00007ff979330000 - 0x00007ff979340000 	C:\Program Files\Microsoft\jdk-17.0.2\bin\verify.dll

dbghelp: loaded successfully - version: 4.0.5 - missing functions: none
symbol engine: initialized successfully - sym options: 0x614 - pdb path: .;C:\Program Files\Microsoft\jdk-17.0.2\bin;C:\Windows\SYSTEM32;C:\Windows\WinSxS\amd64_microsoft.windows.common-controls_6595b64144ccf1df_6.0.19041.4355_none_60b8b9eb71f62e16;C:\Program Files\Microsoft\jdk-17.0.2\bin\server

VM Arguments:
jvm_args: -Xmx64m -Xms64m -Dorg.gradle.appname=gradlew 
java_command: org.gradle.wrapper.GradleWrapperMain app:installDebug -PreactNativeDevServerPort=8081
java_class_path (initial): C:\Users\aanan\Desktop\GitUsers\android\\gradle\wrapper\gradle-wrapper.jar
Launcher Type: SUN_STANDARD

[Global flags]
     intx CICompilerCount                          = 3                                         {product} {ergonomic}
     uint ConcGCThreads                            = 1                                         {product} {ergonomic}
     uint G1ConcRefinementThreads                  = 4                                         {product} {ergonomic}
   size_t G1HeapRegionSize                         = 1048576                                   {product} {ergonomic}
    uintx GCDrainStackTargetSize                   = 64                                        {product} {ergonomic}
   size_t InitialHeapSize                          = 67108864                                  {product} {command line}
   size_t MarkStackSize                            = 4194304                                   {product} {ergonomic}
   size_t MaxHeapSize                              = 67108864                                  {product} {command line}
   size_t MaxNewSize                               = 39845888                                  {product} {ergonomic}
   size_t MinHeapDeltaBytes                        = 1048576                                   {product} {ergonomic}
   size_t MinHeapSize                              = 67108864                                  {product} {command line}
    uintx NonNMethodCodeHeapSize                   = 5832780                                {pd product} {ergonomic}
    uintx NonProfiledCodeHeapSize                  = 122912730                              {pd product} {ergonomic}
    uintx ProfiledCodeHeapSize                     = 122912730                              {pd product} {ergonomic}
    uintx ReservedCodeCacheSize                    = 251658240                              {pd product} {ergonomic}
     bool SegmentedCodeCache                       = true                                      {product} {ergonomic}
   size_t SoftMaxHeapSize                          = 67108864                               {manageable} {ergonomic}
     bool UseCompressedClassPointers               = true                           {product lp64_product} {ergonomic}
     bool UseCompressedOops                        = true                           {product lp64_product} {ergonomic}
     bool UseG1GC                                  = true                                      {product} {ergonomic}
     bool UseLargePagesIndividualAllocation        = false                                  {pd product} {ergonomic}

Logging:
Log output configuration:
 #0: stdout all=warning uptime,level,tags
 #1: stderr all=off uptime,level,tags

Environment Variables:
JAVA_HOME=C:\Program Files\Microsoft\jdk-17.0.2
CLASSPATH=C:\Users\aanan\Desktop\GitUsers\android\\gradle\wrapper\gradle-wrapper.jar
PATH=C:\Users\aanan\Desktop\GitUsers\node_modules\.bin;C:\Users\aanan\Desktop\node_modules\.bin;C:\Users\aanan\node_modules\.bin;C:\Users\node_modules\.bin;C:\node_modules\.bin;C:\Users\aanan\AppData\Roaming\nvm\v20.11.1\node_modules\npm\node_modules\@npmcli\run-script\lib\node-gyp-bin;C:\Program Files (x86)\Intel\iCLS Client\;C:\Program Files\Intel\iCLS Client\;C:\Windows\system32;C:\Windows;C:\Windows\System32\Wbem;C:\Windows\System32\WindowsPowerShell\v1.0\;C:\Windows\System32\OpenSSH\;C:\Program Files\dotnet\;C:\Program Files\Intel\Intel(R) Management Engine Components\DAL;C:\Program Files\Intel\Intel(R) Management Engine Components\IPT;C:\Program Files (x86)\Intel\Intel(R) Management Engine Components\DAL;C:\Program Files (x86)\Intel\Intel(R) Management Engine Components\IPT;C:\ProgramData\chocolatey\bin;C:\Users\aanan\AppData\Local\Android\Sdk\platform-tools;C:\Program Files\Git\cmd;C:\Program Files\Git\mingw64\bin;C:\Program Files\Git\usr\bin;C:\Program Files\Microsoft\jdk-17.0.2\bin;C:\Users\aanan\AppData\Roaming\nvm;C:\Program Files\nodejs;C:\Program Files\MongoDB\Server\7.0\bin;C:\Users\aanan\AppData\Local\Microsoft\WindowsApps;C:\Users\aanan\AppData\Local\Programs\Microsoft VS Code\bin;C:\Users\aanan\AppData\Roaming\npm;C:\Users\aanan\AppData\Roaming\nvm;C:\Program Files\nodejs;C:\Program Files\mongosh\
USERNAME=Devendra
OS=Windows_NT
PROCESSOR_IDENTIFIER=Intel64 Family 6 Model 69 Stepping 1, GenuineIntel



---------------  S Y S T E M  ---------------

OS:
 Windows 10 , 64 bit Build 19041 (10.0.19041.4842)
OS uptime: 1 days 5:32 hours

CPU: total 4 (initial active 4) (2 cores per cpu, 2 threads per core) family 6 model 69 stepping 1 microcode 0x25, cx8, cmov, fxsr, ht, mmx, sse, sse2, sse3, ssse3, sse4.1, sse4.2, popcnt, lzcnt, tsc, tscinvbit, avx, avx2, aes, erms, clmul, bmi1, bmi2, fma, vzeroupper, clflush

Memory: 4k page, system-wide physical 6024M (1354M free)
TotalPageFile size 8072M (AvailPageFile size 4M)
current process WorkingSet (physical memory assigned to process): 32M, peak: 32M
current process commit charge ("private bytes"): 135M, peak: 135M

vm_info: OpenJDK 64-Bit Server VM (17.0.2+8-86) for windows-amd64 JRE (17.0.2+8-86), built on Dec  7 2021 21:49:10 by "mach5one" with MS VC++ 16.8 / 16.9 (VS2019)

END.
