#
# There is insufficient memory for the Java Runtime Environment to continue.
# Native memory allocation (malloc) failed to allocate 456336 bytes for Chunk::new
# Possible reasons:
#   The system is out of physical RAM or swap space
#   The process is running with CompressedOops enabled, and the Java Heap may be blocking the growth of the native heap
# Possible solutions:
#   Reduce memory load on the system
#   Increase physical memory or swap space
#   Check if swap backing store is full
#   Decrease Java heap size (-Xmx/-Xms)
#   Decrease number of Java threads
#   Decrease Java thread stack sizes (-Xss)
#   Set larger code cache with -XX:ReservedCodeCacheSize=
#   JVM is running with Unscaled Compressed Oops mode in which the Java heap is
#     placed in the first 4GB address space. The Java Heap base address is the
#     maximum limit for the native heap growth. Please use -XX:HeapBaseMinAddress
#     to set the Java Heap base and to place the Java Heap above 4GB virtual address.
# This output file may be truncated or incomplete.
#
#  Out of Memory Error (arena.cpp:189), pid=6360, tid=124
#
# JRE version: OpenJDK Runtime Environment (17.0.2+8) (build 17.0.2+8-86)
# Java VM: OpenJDK 64-Bit Server VM (17.0.2+8-86, mixed mode, sharing, tiered, compressed oops, compressed class ptrs, g1 gc, windows-amd64)
# No core dump will be written. Minidumps are not enabled by default on client versions of Windows
#

---------------  S U M M A R Y ------------

Command Line: -XX:MaxMetaspaceSize=512m --add-opens=java.base/java.util=ALL-UNNAMED --add-opens=java.base/java.lang=ALL-UNNAMED --add-opens=java.base/java.lang.invoke=ALL-UNNAMED --add-opens=java.prefs/java.util.prefs=ALL-UNNAMED --add-opens=java.base/java.nio.charset=ALL-UNNAMED --add-opens=java.base/java.net=ALL-UNNAMED --add-opens=java.base/java.util.concurrent.atomic=ALL-UNNAMED -Xmx2048m -Dfile.encoding=windows-1252 -Duser.country=IN -Duser.language=en -Duser.variant -javaagent:C:\Users\aanan\.gradle\wrapper\dists\gradle-8.8-all\6gdy1pgp427xkqcjbxw3ylt6h\gradle-8.8\lib\agents\gradle-instrumentation-agent-8.8.jar org.gradle.launcher.daemon.bootstrap.GradleDaemon 8.8

Host: Intel(R) Core(TM) i3-4010U CPU @ 1.70GHz, 4 cores, 5G,  Windows 10 , 64 bit Build 19041 (10.0.19041.4842)
Time: Tue Oct  8 17:18:02 2024 India Standard Time elapsed time: 39.864558 seconds (0d 0h 0m 39s)

---------------  T H R E A D  ---------------

Current thread (0x0000020dc4f57c00):  JavaThread "C2 CompilerThread0" daemon [_thread_in_native, id=124, stack(0x0000001f62d00000,0x0000001f62e00000)]


Current CompileTask:
C2:  39864 7262       4       org.gradle.internal.reflect.MethodSet::add (50 bytes)

Stack: [0x0000001f62d00000,0x0000001f62e00000]
Native frames: (J=compiled Java code, j=interpreted, Vv=VM code, C=native code)
V  [jvm.dll+0x670baa]
V  [jvm.dll+0x7cfcb4]
V  [jvm.dll+0x7d145e]
V  [jvm.dll+0x7d1ac3]
V  [jvm.dll+0x242bc5]
V  [jvm.dll+0xaa57b]
V  [jvm.dll+0xaab0c]
V  [jvm.dll+0x35fcb2]
V  [jvm.dll+0x1b9982]
V  [jvm.dll+0x215de9]
V  [jvm.dll+0x2150b1]
V  [jvm.dll+0x1a1bbd]
V  [jvm.dll+0x224908]
V  [jvm.dll+0x222a6c]
V  [jvm.dll+0x7859bb]
V  [jvm.dll+0x77ff7a]
V  [jvm.dll+0x66fa35]
C  [ucrtbase.dll+0x21bb2]
C  [KERNEL32.DLL+0x17374]
C  [ntdll.dll+0x4cc91]


---------------  P R O C E S S  ---------------

Threads class SMR info:
_java_thread_list=0x0000020dc89353c0, length=40, elements={
0x0000020da7691bd0, 0x0000020dc4f3e790, 0x0000020dc4f3f510, 0x0000020dc4f525c0,
0x0000020dc4f53e90, 0x0000020dc4f55f00, 0x0000020dc4f567c0, 0x0000020dc4f57c00,
0x0000020dc4f63b60, 0x0000020dc4f82070, 0x0000020da7758240, 0x0000020dc5d5ca10,
0x0000020dc6c3a860, 0x0000020dc5d8c000, 0x0000020dc73a39e0, 0x0000020dc5f5fa70,
0x0000020dc741b7b0, 0x0000020dc71e2030, 0x0000020dc73f0870, 0x0000020dc687c5e0,
0x0000020dc687cab0, 0x0000020dc687d920, 0x0000020dc687ec60, 0x0000020dc687ddf0,
0x0000020dc687cf80, 0x0000020dc687e2c0, 0x0000020dc687e790, 0x0000020dc687f130,
0x0000020dc687fad0, 0x0000020dc687f600, 0x0000020dc687c110, 0x0000020dc744b1e0,
0x0000020dc744d860, 0x0000020dc74481c0, 0x0000020dc744b6b0, 0x0000020dc744e6d0,
0x0000020dc744f540, 0x0000020dc744c520, 0x0000020dc744cec0, 0x0000020dc7448690
}

Java Threads: ( => current thread )
  0x0000020da7691bd0 JavaThread "main" [_thread_blocked, id=13364, stack(0x0000001f62000000,0x0000001f62100000)]
  0x0000020dc4f3e790 JavaThread "Reference Handler" daemon [_thread_blocked, id=6440, stack(0x0000001f62700000,0x0000001f62800000)]
  0x0000020dc4f3f510 JavaThread "Finalizer" daemon [_thread_blocked, id=6264, stack(0x0000001f62800000,0x0000001f62900000)]
  0x0000020dc4f525c0 JavaThread "Signal Dispatcher" daemon [_thread_blocked, id=6908, stack(0x0000001f62900000,0x0000001f62a00000)]
  0x0000020dc4f53e90 JavaThread "Attach Listener" daemon [_thread_blocked, id=3404, stack(0x0000001f62a00000,0x0000001f62b00000)]
  0x0000020dc4f55f00 JavaThread "Service Thread" daemon [_thread_blocked, id=2576, stack(0x0000001f62b00000,0x0000001f62c00000)]
  0x0000020dc4f567c0 JavaThread "Monitor Deflation Thread" daemon [_thread_blocked, id=12892, stack(0x0000001f62c00000,0x0000001f62d00000)]
=>0x0000020dc4f57c00 JavaThread "C2 CompilerThread0" daemon [_thread_in_native, id=124, stack(0x0000001f62d00000,0x0000001f62e00000)]
  0x0000020dc4f63b60 JavaThread "C1 CompilerThread0" daemon [_thread_blocked, id=3572, stack(0x0000001f62e00000,0x0000001f62f00000)]
  0x0000020dc4f82070 JavaThread "Sweeper thread" daemon [_thread_blocked, id=14284, stack(0x0000001f62f00000,0x0000001f63000000)]
  0x0000020da7758240 JavaThread "Common-Cleaner" daemon [_thread_blocked, id=9048, stack(0x0000001f63000000,0x0000001f63100000)]
  0x0000020dc5d5ca10 JavaThread "Notification Thread" daemon [_thread_blocked, id=2968, stack(0x0000001f63100000,0x0000001f63200000)]
  0x0000020dc6c3a860 JavaThread "Daemon health stats" [_thread_blocked, id=14660, stack(0x0000001f63700000,0x0000001f63800000)]
  0x0000020dc5d8c000 JavaThread "Incoming local TCP Connector on port 58419" [_thread_in_native, id=11672, stack(0x0000001f63600000,0x0000001f63700000)]
  0x0000020dc73a39e0 JavaThread "Daemon periodic checks" [_thread_blocked, id=6668, stack(0x0000001f63800000,0x0000001f63900000)]
  0x0000020dc5f5fa70 JavaThread "Daemon" [_thread_blocked, id=1556, stack(0x0000001f63a00000,0x0000001f63b00000)]
  0x0000020dc741b7b0 JavaThread "Handler for socket connection from /127.0.0.1:58419 to /127.0.0.1:58420" [_thread_in_native, id=15424, stack(0x0000001f63b00000,0x0000001f63c00000)]
  0x0000020dc71e2030 JavaThread "Cancel handler" [_thread_blocked, id=15112, stack(0x0000001f63900000,0x0000001f63a00000)]
  0x0000020dc73f0870 JavaThread "Daemon worker" [_thread_in_Java, id=8860, stack(0x0000001f63c00000,0x0000001f63d00000)]
  0x0000020dc687c5e0 JavaThread "Asynchronous log dispatcher for DefaultDaemonConnection: socket connection from /127.0.0.1:58419 to /127.0.0.1:58420" [_thread_in_Java, id=12996, stack(0x0000001f63d00000,0x0000001f63e00000)]
  0x0000020dc687cab0 JavaThread "Stdin handler" [_thread_blocked, id=4764, stack(0x0000001f63e00000,0x0000001f63f00000)]
  0x0000020dc687d920 JavaThread "Daemon client event forwarder" [_thread_blocked, id=16108, stack(0x0000001f63f00000,0x0000001f64000000)]
  0x0000020dc687ec60 JavaThread "Cache worker for journal cache (C:\Users\aanan\.gradle\caches\journal-1)" [_thread_blocked, id=6480, stack(0x0000001f64000000,0x0000001f64100000)]
  0x0000020dc687ddf0 JavaThread "File lock request listener" [_thread_in_native, id=9072, stack(0x0000001f64100000,0x0000001f64200000)]
  0x0000020dc687cf80 JavaThread "Cache worker for file hash cache (C:\Users\aanan\.gradle\caches\8.8\fileHashes)" [_thread_blocked, id=12784, stack(0x0000001f64200000,0x0000001f64300000)]
  0x0000020dc687e2c0 JavaThread "Cache worker for file hash cache (C:\Users\aanan\Desktop\GitUsers\android\.gradle\8.8\fileHashes)" [_thread_blocked, id=3820, stack(0x0000001f64300000,0x0000001f64400000)]
  0x0000020dc687e790 JavaThread "File watcher server" daemon [_thread_in_native, id=9184, stack(0x0000001f64400000,0x0000001f64500000)]
  0x0000020dc687f130 JavaThread "File watcher consumer" daemon [_thread_blocked, id=772, stack(0x0000001f64500000,0x0000001f64600000)]
  0x0000020dc687fad0 JavaThread "Cache worker for checksums cache (C:\Users\aanan\Desktop\GitUsers\android\.gradle\8.8\checksums)" [_thread_blocked, id=4084, stack(0x0000001f64600000,0x0000001f64700000)]
  0x0000020dc687f600 JavaThread "Cache worker for file content cache (C:\Users\aanan\.gradle\caches\8.8\fileContent)" [_thread_blocked, id=9716, stack(0x0000001f64700000,0x0000001f64800000)]
  0x0000020dc687c110 JavaThread "Cache worker for cache directory md-rule (C:\Users\aanan\.gradle\caches\8.8\md-rule)" [_thread_blocked, id=12020, stack(0x0000001f64800000,0x0000001f64900000)]
  0x0000020dc744b1e0 JavaThread "Cache worker for cache directory md-supplier (C:\Users\aanan\.gradle\caches\8.8\md-supplier)" [_thread_blocked, id=16288, stack(0x0000001f64900000,0x0000001f64a00000)]
  0x0000020dc744d860 JavaThread "jar transforms" [_thread_blocked, id=2080, stack(0x0000001f64a00000,0x0000001f64b00000)]
  0x0000020dc74481c0 JavaThread "Unconstrained build operations" [_thread_blocked, id=14000, stack(0x0000001f64c00000,0x0000001f64d00000)]
  0x0000020dc744b6b0 JavaThread "Unconstrained build operations Thread 2" [_thread_blocked, id=14832, stack(0x0000001f64d00000,0x0000001f64e00000)]
  0x0000020dc744e6d0 JavaThread "Unconstrained build operations Thread 3" [_thread_blocked, id=12848, stack(0x0000001f64e00000,0x0000001f64f00000)]
  0x0000020dc744f540 JavaThread "Unconstrained build operations Thread 4" [_thread_blocked, id=7136, stack(0x0000001f64f00000,0x0000001f65000000)]
  0x0000020dc744c520 JavaThread "Unconstrained build operations Thread 5" [_thread_blocked, id=16052, stack(0x0000001f65000000,0x0000001f65100000)]
  0x0000020dc744cec0 JavaThread "Unconstrained build operations Thread 6" [_thread_blocked, id=14580, stack(0x0000001f65100000,0x0000001f65200000)]
  0x0000020dc7448690 JavaThread "Cache worker for Build Output Cleanup Cache (C:\Users\aanan\Desktop\GitUsers\node_modules\@react-native\gradle-plugin\.gradle\buildOutputCleanup)" [_thread_blocked, id=16020, stack(0x0000001f65300000,0x0000001f65400000)]

Other Threads:
  0x0000020dc4f39e90 VMThread "VM Thread" [stack: 0x0000001f62600000,0x0000001f62700000] [id=6984]
  0x0000020da7692a90 WatcherThread [stack: 0x0000001f63200000,0x0000001f63300000] [id=5904]
  0x0000020da56be880 GCTaskThread "GC Thread#0" [stack: 0x0000001f62100000,0x0000001f62200000] [id=14408]
  0x0000020dc5db3120 GCTaskThread "GC Thread#1" [stack: 0x0000001f63300000,0x0000001f63400000] [id=10708]
  0x0000020dc5e031e0 GCTaskThread "GC Thread#2" [stack: 0x0000001f63400000,0x0000001f63500000] [id=14748]
  0x0000020dc6a923c0 GCTaskThread "GC Thread#3" [stack: 0x0000001f63500000,0x0000001f63600000] [id=9740]
  0x0000020da76dd230 ConcurrentGCThread "G1 Main Marker" [stack: 0x0000001f62200000,0x0000001f62300000] [id=11352]
  0x0000020da76ddb50 ConcurrentGCThread "G1 Conc#0" [stack: 0x0000001f62300000,0x0000001f62400000] [id=1780]
  0x0000020da773eba0 ConcurrentGCThread "G1 Refine#0" [stack: 0x0000001f62400000,0x0000001f62500000] [id=8688]
  0x0000020dc8652260 ConcurrentGCThread "G1 Refine#1" [stack: 0x0000001f64b00000,0x0000001f64c00000] [id=12172]
  0x0000020da773f4d0 ConcurrentGCThread "G1 Service" [stack: 0x0000001f62500000,0x0000001f62600000] [id=12076]

Threads with active compile tasks:
C2 CompilerThread0    39943 7262       4       org.gradle.internal.reflect.MethodSet::add (50 bytes)

VM state: not at safepoint (normal execution)

VM Mutex/Monitor currently owned by a thread: None

Heap address: 0x0000000080000000, size: 2048 MB, Compressed Oops mode: 32-bit

CDS archive(s) mapped at: [0x0000000800000000-0x0000000800bc0000-0x0000000800bc0000), size 12320768, SharedBaseAddress: 0x0000000800000000, ArchiveRelocationMode: 0.
Compressed class space mapped at: 0x0000000800c00000-0x000000081a800000, reserved size: 432013312
Narrow klass base: 0x0000000800000000, Narrow klass shift: 0, Narrow klass range: 0x100000000

GC Precious Log:
 CPUs: 4 total, 4 available
 Memory: 6024M
 Large Page Support: Disabled
 NUMA Support: Disabled
 Compressed Oops: Enabled (32-bit)
 Heap Region Size: 1M
 Heap Min Capacity: 8M
 Heap Initial Capacity: 96M
 Heap Max Capacity: 2G
 Pre-touch: Disabled
 Parallel Workers: 4
 Concurrent Workers: 1
 Concurrent Refinement Workers: 4
 Periodic GC: Disabled

Heap:
 garbage-first heap   total 89088K, used 52353K [0x0000000080000000, 0x0000000100000000)
  region size 1024K, 5 young (5120K), 4 survivors (4096K)
 Metaspace       used 69277K, committed 69824K, reserved 487424K
  class space    used 9434K, committed 9664K, reserved 421888K

Heap Regions: E=young(eden), S=young(survivor), O=old, HS=humongous(starts), HC=humongous(continues), CS=collection set, F=free, OA=open archive, CA=closed archive, TAMS=top-at-mark-start (previous, next)
|   0|0x0000000080000000, 0x0000000080100000, 0x0000000080100000|100%|HS|  |TAMS 0x0000000080100000, 0x0000000080100000| Complete 
|   1|0x0000000080100000, 0x0000000080200000, 0x0000000080200000|100%|HC|  |TAMS 0x0000000080200000, 0x0000000080200000| Complete 
|   2|0x0000000080200000, 0x0000000080300000, 0x0000000080300000|100%|HC|  |TAMS 0x0000000080300000, 0x0000000080300000| Complete 
|   3|0x0000000080300000, 0x0000000080400000, 0x0000000080400000|100%|HC|  |TAMS 0x0000000080400000, 0x0000000080400000| Complete 
|   4|0x0000000080400000, 0x0000000080500000, 0x0000000080500000|100%| O|  |TAMS 0x0000000080500000, 0x0000000080500000| Untracked 
|   5|0x0000000080500000, 0x0000000080600000, 0x0000000080600000|100%| O|  |TAMS 0x0000000080600000, 0x0000000080600000| Untracked 
|   6|0x0000000080600000, 0x0000000080700000, 0x0000000080700000|100%| O|  |TAMS 0x0000000080700000, 0x0000000080700000| Untracked 
|   7|0x0000000080700000, 0x0000000080800000, 0x0000000080800000|100%| O|  |TAMS 0x0000000080800000, 0x0000000080800000| Untracked 
|   8|0x0000000080800000, 0x0000000080900000, 0x0000000080900000|100%| O|  |TAMS 0x0000000080900000, 0x0000000080900000| Untracked 
|   9|0x0000000080900000, 0x0000000080a00000, 0x0000000080a00000|100%| O|  |TAMS 0x0000000080a00000, 0x0000000080a00000| Untracked 
|  10|0x0000000080a00000, 0x0000000080b00000, 0x0000000080b00000|100%| O|  |TAMS 0x0000000080b00000, 0x0000000080b00000| Untracked 
|  11|0x0000000080b00000, 0x0000000080c00000, 0x0000000080c00000|100%| O|  |TAMS 0x0000000080c00000, 0x0000000080c00000| Untracked 
|  12|0x0000000080c00000, 0x0000000080d00000, 0x0000000080d00000|100%|HS|  |TAMS 0x0000000080d00000, 0x0000000080d00000| Complete 
|  13|0x0000000080d00000, 0x0000000080e00000, 0x0000000080e00000|100%| O|  |TAMS 0x0000000080e00000, 0x0000000080e00000| Untracked 
|  14|0x0000000080e00000, 0x0000000080f00000, 0x0000000080f00000|100%| O|  |TAMS 0x0000000080f00000, 0x0000000080f00000| Untracked 
|  15|0x0000000080f00000, 0x0000000081000000, 0x0000000081000000|100%| O|  |TAMS 0x0000000081000000, 0x0000000081000000| Untracked 
|  16|0x0000000081000000, 0x0000000081100000, 0x0000000081100000|100%| O|  |TAMS 0x0000000081100000, 0x0000000081100000| Untracked 
|  17|0x0000000081100000, 0x0000000081200000, 0x0000000081200000|100%| O|  |TAMS 0x0000000081200000, 0x0000000081200000| Untracked 
|  18|0x0000000081200000, 0x0000000081300000, 0x0000000081300000|100%| O|  |TAMS 0x0000000081300000, 0x0000000081300000| Untracked 
|  19|0x0000000081300000, 0x0000000081400000, 0x0000000081400000|100%| O|  |TAMS 0x0000000081400000, 0x0000000081400000| Untracked 
|  20|0x0000000081400000, 0x0000000081500000, 0x0000000081500000|100%| O|  |TAMS 0x0000000081500000, 0x0000000081500000| Untracked 
|  21|0x0000000081500000, 0x0000000081600000, 0x0000000081600000|100%| O|  |TAMS 0x0000000081600000, 0x0000000081600000| Untracked 
|  22|0x0000000081600000, 0x0000000081700000, 0x0000000081700000|100%| O|  |TAMS 0x0000000081700000, 0x0000000081700000| Untracked 
|  23|0x0000000081700000, 0x0000000081800000, 0x0000000081800000|100%| O|  |TAMS 0x0000000081800000, 0x0000000081800000| Untracked 
|  24|0x0000000081800000, 0x0000000081900000, 0x0000000081900000|100%| O|  |TAMS 0x0000000081900000, 0x0000000081900000| Untracked 
|  25|0x0000000081900000, 0x0000000081a00000, 0x0000000081a00000|100%| O|  |TAMS 0x0000000081a00000, 0x0000000081a00000| Untracked 
|  26|0x0000000081a00000, 0x0000000081b00000, 0x0000000081b00000|100%| O|  |TAMS 0x0000000081b00000, 0x0000000081b00000| Untracked 
|  27|0x0000000081b00000, 0x0000000081c00000, 0x0000000081c00000|100%| O|  |TAMS 0x0000000081c00000, 0x0000000081c00000| Untracked 
|  28|0x0000000081c00000, 0x0000000081d00000, 0x0000000081d00000|100%| O|  |TAMS 0x0000000081d00000, 0x0000000081d00000| Untracked 
|  29|0x0000000081d00000, 0x0000000081e00000, 0x0000000081e00000|100%| O|  |TAMS 0x0000000081e00000, 0x0000000081e00000| Untracked 
|  30|0x0000000081e00000, 0x0000000081f00000, 0x0000000081f00000|100%| O|  |TAMS 0x0000000081f00000, 0x0000000081f00000| Untracked 
|  31|0x0000000081f00000, 0x0000000082000000, 0x0000000082000000|100%| O|  |TAMS 0x0000000082000000, 0x0000000082000000| Untracked 
|  32|0x0000000082000000, 0x0000000082100000, 0x0000000082100000|100%| O|  |TAMS 0x0000000082100000, 0x0000000082100000| Untracked 
|  33|0x0000000082100000, 0x0000000082200000, 0x0000000082200000|100%| O|  |TAMS 0x0000000082200000, 0x0000000082200000| Untracked 
|  34|0x0000000082200000, 0x0000000082300000, 0x0000000082300000|100%| O|  |TAMS 0x0000000082300000, 0x0000000082300000| Untracked 
|  35|0x0000000082300000, 0x0000000082400000, 0x0000000082400000|100%| O|  |TAMS 0x0000000082400000, 0x0000000082400000| Untracked 
|  36|0x0000000082400000, 0x0000000082500000, 0x0000000082500000|100%| O|  |TAMS 0x0000000082500000, 0x0000000082500000| Untracked 
|  37|0x0000000082500000, 0x0000000082600000, 0x0000000082600000|100%| O|  |TAMS 0x0000000082500000, 0x0000000082600000| Untracked 
|  38|0x0000000082600000, 0x0000000082700000, 0x0000000082700000|100%| O|  |TAMS 0x0000000082600000, 0x0000000082700000| Untracked 
|  39|0x0000000082700000, 0x0000000082800000, 0x0000000082800000|100%| O|  |TAMS 0x0000000082800000, 0x0000000082800000| Untracked 
|  40|0x0000000082800000, 0x0000000082900000, 0x0000000082900000|100%| O|  |TAMS 0x0000000082900000, 0x0000000082900000| Untracked 
|  41|0x0000000082900000, 0x0000000082a00000, 0x0000000082a00000|100%| O|  |TAMS 0x0000000082a00000, 0x0000000082a00000| Untracked 
|  42|0x0000000082a00000, 0x0000000082b00000, 0x0000000082b00000|100%| O|  |TAMS 0x0000000082a65000, 0x0000000082b00000| Untracked 
|  43|0x0000000082b00000, 0x0000000082c00000, 0x0000000082c00000|100%| O|  |TAMS 0x0000000082b00000, 0x0000000082c00000| Untracked 
|  44|0x0000000082c00000, 0x0000000082d00000, 0x0000000082d00000|100%| O|  |TAMS 0x0000000082c00000, 0x0000000082cad600| Untracked 
|  45|0x0000000082d00000, 0x0000000082e00000, 0x0000000082e00000|100%| O|  |TAMS 0x0000000082d00000, 0x0000000082d00000| Untracked 
|  46|0x0000000082e00000, 0x0000000082f00000, 0x0000000082f00000|100%| O|  |TAMS 0x0000000082e00000, 0x0000000082e00000| Untracked 
|  47|0x0000000082f00000, 0x0000000082ffda00, 0x0000000083000000| 99%| O|  |TAMS 0x0000000082f00000, 0x0000000082f00000| Untracked 
|  48|0x0000000083000000, 0x0000000083000000, 0x0000000083100000|  0%| F|  |TAMS 0x0000000083000000, 0x0000000083000000| Untracked 
|  49|0x0000000083100000, 0x0000000083100000, 0x0000000083200000|  0%| F|  |TAMS 0x0000000083100000, 0x0000000083100000| Untracked 
|  50|0x0000000083200000, 0x0000000083200000, 0x0000000083300000|  0%| F|  |TAMS 0x0000000083200000, 0x0000000083200000| Untracked 
|  51|0x0000000083300000, 0x0000000083300000, 0x0000000083400000|  0%| F|  |TAMS 0x0000000083300000, 0x0000000083300000| Untracked 
|  52|0x0000000083400000, 0x0000000083400000, 0x0000000083500000|  0%| F|  |TAMS 0x0000000083400000, 0x0000000083400000| Untracked 
|  53|0x0000000083500000, 0x0000000083500000, 0x0000000083600000|  0%| F|  |TAMS 0x0000000083500000, 0x0000000083500000| Untracked 
|  54|0x0000000083600000, 0x0000000083600000, 0x0000000083700000|  0%| F|  |TAMS 0x0000000083600000, 0x0000000083600000| Untracked 
|  55|0x0000000083700000, 0x0000000083700000, 0x0000000083800000|  0%| F|  |TAMS 0x0000000083700000, 0x0000000083700000| Untracked 
|  56|0x0000000083800000, 0x0000000083800000, 0x0000000083900000|  0%| F|  |TAMS 0x0000000083800000, 0x0000000083800000| Untracked 
|  57|0x0000000083900000, 0x0000000083900000, 0x0000000083a00000|  0%| F|  |TAMS 0x0000000083900000, 0x0000000083900000| Untracked 
|  58|0x0000000083a00000, 0x0000000083a00000, 0x0000000083b00000|  0%| F|  |TAMS 0x0000000083a00000, 0x0000000083a00000| Untracked 
|  59|0x0000000083b00000, 0x0000000083b00000, 0x0000000083c00000|  0%| F|  |TAMS 0x0000000083b00000, 0x0000000083b00000| Untracked 
|  60|0x0000000083c00000, 0x0000000083c00000, 0x0000000083d00000|  0%| F|  |TAMS 0x0000000083c00000, 0x0000000083c00000| Untracked 
|  61|0x0000000083d00000, 0x0000000083d00000, 0x0000000083e00000|  0%| F|  |TAMS 0x0000000083d00000, 0x0000000083d00000| Untracked 
|  62|0x0000000083e00000, 0x0000000083e22ce8, 0x0000000083f00000| 13%| S|CS|TAMS 0x0000000083e00000, 0x0000000083e00000| Complete 
|  63|0x0000000083f00000, 0x0000000084000000, 0x0000000084000000|100%| S|CS|TAMS 0x0000000083f00000, 0x0000000083f00000| Complete 
|  64|0x0000000084000000, 0x0000000084100000, 0x0000000084100000|100%| S|CS|TAMS 0x0000000084000000, 0x0000000084000000| Complete 
|  65|0x0000000084100000, 0x0000000084200000, 0x0000000084200000|100%| S|CS|TAMS 0x0000000084100000, 0x0000000084100000| Complete 
|  66|0x0000000084200000, 0x0000000084200000, 0x0000000084300000|  0%| F|  |TAMS 0x0000000084200000, 0x0000000084200000| Untracked 
|  67|0x0000000084300000, 0x0000000084300000, 0x0000000084400000|  0%| F|  |TAMS 0x0000000084300000, 0x0000000084300000| Untracked 
|  68|0x0000000084400000, 0x0000000084400000, 0x0000000084500000|  0%| F|  |TAMS 0x0000000084400000, 0x0000000084400000| Untracked 
|  69|0x0000000084500000, 0x0000000084500000, 0x0000000084600000|  0%| F|  |TAMS 0x0000000084500000, 0x0000000084500000| Untracked 
|  70|0x0000000084600000, 0x0000000084600000, 0x0000000084700000|  0%| F|  |TAMS 0x0000000084600000, 0x0000000084600000| Untracked 
|  71|0x0000000084700000, 0x0000000084700000, 0x0000000084800000|  0%| F|  |TAMS 0x0000000084700000, 0x0000000084700000| Untracked 
|  72|0x0000000084800000, 0x0000000084800000, 0x0000000084900000|  0%| F|  |TAMS 0x0000000084800000, 0x0000000084800000| Untracked 
|  73|0x0000000084900000, 0x0000000084900000, 0x0000000084a00000|  0%| F|  |TAMS 0x0000000084900000, 0x0000000084900000| Untracked 
|  74|0x0000000084a00000, 0x0000000084a00000, 0x0000000084b00000|  0%| F|  |TAMS 0x0000000084a00000, 0x0000000084a00000| Untracked 
|  75|0x0000000084b00000, 0x0000000084b00000, 0x0000000084c00000|  0%| F|  |TAMS 0x0000000084b00000, 0x0000000084b00000| Untracked 
|  76|0x0000000084c00000, 0x0000000084c00000, 0x0000000084d00000|  0%| F|  |TAMS 0x0000000084c00000, 0x0000000084c00000| Untracked 
|  77|0x0000000084d00000, 0x0000000084d00000, 0x0000000084e00000|  0%| F|  |TAMS 0x0000000084d00000, 0x0000000084d00000| Untracked 
|  78|0x0000000084e00000, 0x0000000084e00000, 0x0000000084f00000|  0%| F|  |TAMS 0x0000000084e00000, 0x0000000084e00000| Untracked 
|  79|0x0000000084f00000, 0x0000000084f00000, 0x0000000085000000|  0%| F|  |TAMS 0x0000000084f00000, 0x0000000084f00000| Untracked 
|  80|0x0000000085000000, 0x0000000085000000, 0x0000000085100000|  0%| F|  |TAMS 0x0000000085000000, 0x0000000085000000| Untracked 
|  81|0x0000000085100000, 0x0000000085100000, 0x0000000085200000|  0%| F|  |TAMS 0x0000000085100000, 0x0000000085100000| Untracked 
|  82|0x0000000085200000, 0x0000000085200000, 0x0000000085300000|  0%| F|  |TAMS 0x0000000085200000, 0x0000000085200000| Untracked 
|  83|0x0000000085300000, 0x0000000085300000, 0x0000000085400000|  0%| F|  |TAMS 0x0000000085300000, 0x0000000085300000| Untracked 
|  84|0x0000000085400000, 0x0000000085400000, 0x0000000085500000|  0%| F|  |TAMS 0x0000000085400000, 0x0000000085400000| Untracked 
|  94|0x0000000085e00000, 0x0000000085e00000, 0x0000000085f00000|  0%| F|  |TAMS 0x0000000085e00000, 0x0000000085e00000| Untracked 
|  95|0x0000000085f00000, 0x0000000085f6dd60, 0x0000000086000000| 42%| E|  |TAMS 0x0000000085f00000, 0x0000000085f00000| Complete 

Card table byte_map: [0x0000020dbe2d0000,0x0000020dbe6d0000] _byte_map_base: 0x0000020dbded0000

Marking Bits (Prev, Next): (CMBitMap*) 0x0000020da76ccb80, (CMBitMap*) 0x0000020da76ccb40
 Prev Bits: [0x0000020dc0ad0000, 0x0000020dc2ad0000)
 Next Bits: [0x0000020dbead0000, 0x0000020dc0ad0000)

Polling page: 0x0000020da5540000

Metaspace:

Usage:
  Non-class:     58.44 MB used.
      Class:      9.21 MB used.
       Both:     67.65 MB used.

Virtual space:
  Non-class space:       64.00 MB reserved,      58.75 MB ( 92%) committed,  8 nodes.
      Class space:      412.00 MB reserved,       9.44 MB (  2%) committed,  1 nodes.
             Both:      476.00 MB reserved,      68.19 MB ( 14%) committed. 

Chunk freelists:
   Non-Class:  1008.00 KB
       Class:  2.58 MB
        Both:  3.56 MB

MaxMetaspaceSize: 512.00 MB
CompressedClassSpaceSize: 412.00 MB
Initial GC threshold: 21.00 MB
Current GC threshold: 98.69 MB
CDS: on
MetaspaceReclaimPolicy: balanced
 - commit_granule_bytes: 65536.
 - commit_granule_words: 8192.
 - virtual_space_node_default_size: 1048576.
 - enlarge_chunks_in_place: 1.
 - new_chunks_are_fully_committed: 0.
 - uncommit_free_chunks: 1.
 - use_allocation_guard: 0.
 - handle_deallocations: 1.


Internal statistics:

num_allocs_failed_limit: 6.
num_arena_births: 682.
num_arena_deaths: 2.
num_vsnodes_births: 9.
num_vsnodes_deaths: 0.
num_space_committed: 1091.
num_space_uncommitted: 0.
num_chunks_returned_to_freelist: 10.
num_chunks_taken_from_freelist: 3191.
num_chunk_merges: 6.
num_chunk_splits: 2218.
num_chunks_enlarged: 1640.
num_purges: 2.
num_inconsistent_stats: 0.

CodeHeap 'non-profiled nmethods': size=120000Kb used=3759Kb max_used=3759Kb free=116240Kb
 bounds [0x0000020db69a0000, 0x0000020db6d50000, 0x0000020dbded0000]
CodeHeap 'profiled nmethods': size=120000Kb used=13187Kb max_used=13187Kb free=106812Kb
 bounds [0x0000020daf470000, 0x0000020db0160000, 0x0000020db69a0000]
CodeHeap 'non-nmethods': size=5760Kb used=2401Kb max_used=2458Kb free=3358Kb
 bounds [0x0000020daeed0000, 0x0000020daf140000, 0x0000020daf470000]
 total_blobs=7440 nmethods=6511 adapters=841
 compilation: enabled
              stopped_count=0, restarted_count=0
 full_count=0

Compilation events (20 events):
Event: 39.775 Thread 0x0000020dc4f63b60 nmethod 7273 0x0000020db0143690 code [0x0000020db0143880, 0x0000020db0143be8]
Event: 39.775 Thread 0x0000020dc4f63b60 7274       3       org.gradle.internal.service.DefaultServiceRegistry::getService (13 bytes)
Event: 39.775 Thread 0x0000020dc4f63b60 nmethod 7274 0x0000020db0143d90 code [0x0000020db0143f40, 0x0000020db01440b8]
Event: 39.782 Thread 0x0000020dc4f63b60 7276       3       org.gradle.internal.service.DefaultServiceRegistry$ConstructorService::<init> (59 bytes)
Event: 39.785 Thread 0x0000020dc4f63b60 nmethod 7276 0x0000020db0144190 code [0x0000020db01444c0, 0x0000020db0145a98]
Event: 39.785 Thread 0x0000020dc4f63b60 7277       3       org.gradle.util.internal.ArrayUtils::contains (79 bytes)
Event: 39.786 Thread 0x0000020dc4f63b60 nmethod 7277 0x0000020db0146190 code [0x0000020db0146360, 0x0000020db01467e8]
Event: 39.786 Thread 0x0000020dc4f63b60 7278       3       org.gradle.internal.service.ServiceScopeValidator::validateScope (65 bytes)
Event: 39.788 Thread 0x0000020dc4f63b60 nmethod 7278 0x0000020db0146990 code [0x0000020db0146cc0, 0x0000020db0148048]
Event: 39.823 Thread 0x0000020dc4f63b60 7279       3       sun.reflect.annotation.AnnotationInvocationHandler::cloneArray (143 bytes)
Event: 39.825 Thread 0x0000020dc4f63b60 nmethod 7279 0x0000020db0148710 code [0x0000020db0148a00, 0x0000020db0149e88]
Event: 39.844 Thread 0x0000020dc4f63b60 7280       3       java.lang.ClassLoader::getSystemClassLoader (96 bytes)
Event: 39.846 Thread 0x0000020dc4f63b60 nmethod 7280 0x0000020db014a190 code [0x0000020db014a400, 0x0000020db014b028]
Event: 39.847 Thread 0x0000020dc4f63b60 7281   !   3       org.gradle.internal.event.DefaultListenerManager$EventBroadcast$ListenerDispatch::dispatch (41 bytes)
Event: 39.847 Thread 0x0000020dc4f63b60 nmethod 7281 0x0000020db014b410 code [0x0000020db014b600, 0x0000020db014b9f8]
Event: 39.848 Thread 0x0000020dc4f63b60 7282       3       org.gradle.internal.event.DefaultListenerManager$EventBroadcast::access$500 (6 bytes)
Event: 39.848 Thread 0x0000020dc4f63b60 nmethod 7282 0x0000020db014bc10 code [0x0000020db014bda0, 0x0000020db014bec8]
Event: 39.848 Thread 0x0000020dc4f63b60 7283       3       org.gradle.internal.event.DefaultListenerManager$EventBroadcast::access$600 (6 bytes)
Event: 39.848 Thread 0x0000020dc4f63b60 nmethod 7283 0x0000020db014bf90 code [0x0000020db014c120, 0x0000020db014c248]
Event: 39.855 Thread 0x0000020dc4f63b60 7284       3       org.gradle.internal.dispatch.ProxyDispatchAdapter$DispatchingInvocationHandler::invoke (184 bytes)

GC Heap History (20 events):
Event: 17.354 GC heap before
{Heap before GC invocations=7 (full 0):
 garbage-first heap   total 89088K, used 72382K [0x0000000080000000, 0x0000000100000000)
  region size 1024K, 51 young (52224K), 4 survivors (4096K)
 Metaspace       used 27203K, committed 27584K, reserved 446464K
  class space    used 3951K, committed 4160K, reserved 421888K
}
Event: 17.368 GC heap after
{Heap after GC invocations=8 (full 0):
 garbage-first heap   total 89088K, used 26624K [0x0000000080000000, 0x0000000100000000)
  region size 1024K, 6 young (6144K), 6 survivors (6144K)
 Metaspace       used 27203K, committed 27584K, reserved 446464K
  class space    used 3951K, committed 4160K, reserved 421888K
}
Event: 19.794 GC heap before
{Heap before GC invocations=8 (full 0):
 garbage-first heap   total 89088K, used 67584K [0x0000000080000000, 0x0000000100000000)
  region size 1024K, 47 young (48128K), 6 survivors (6144K)
 Metaspace       used 32673K, committed 33088K, reserved 454656K
  class space    used 4654K, committed 4864K, reserved 421888K
}
Event: 19.813 GC heap after
{Heap after GC invocations=9 (full 0):
 garbage-first heap   total 89088K, used 30591K [0x0000000080000000, 0x0000000100000000)
  region size 1024K, 6 young (6144K), 6 survivors (6144K)
 Metaspace       used 32673K, committed 33088K, reserved 454656K
  class space    used 4654K, committed 4864K, reserved 421888K
}
Event: 21.905 GC heap before
{Heap before GC invocations=9 (full 0):
 garbage-first heap   total 89088K, used 58239K [0x0000000080000000, 0x0000000100000000)
  region size 1024K, 35 young (35840K), 6 survivors (6144K)
 Metaspace       used 35963K, committed 36288K, reserved 454656K
  class space    used 5153K, committed 5312K, reserved 421888K
}
Event: 21.922 GC heap after
{Heap after GC invocations=10 (full 0):
 garbage-first heap   total 89088K, used 32989K [0x0000000080000000, 0x0000000100000000)
  region size 1024K, 3 young (3072K), 3 survivors (3072K)
 Metaspace       used 35963K, committed 36288K, reserved 454656K
  class space    used 5153K, committed 5312K, reserved 421888K
}
Event: 24.431 GC heap before
{Heap before GC invocations=11 (full 0):
 garbage-first heap   total 89088K, used 73949K [0x0000000080000000, 0x0000000100000000)
  region size 1024K, 39 young (39936K), 3 survivors (3072K)
 Metaspace       used 40826K, committed 41216K, reserved 462848K
  class space    used 5718K, committed 5888K, reserved 421888K
}
Event: 24.443 GC heap after
{Heap after GC invocations=12 (full 0):
 garbage-first heap   total 89088K, used 35427K [0x0000000080000000, 0x0000000100000000)
  region size 1024K, 5 young (5120K), 5 survivors (5120K)
 Metaspace       used 40826K, committed 41216K, reserved 462848K
  class space    used 5718K, committed 5888K, reserved 421888K
}
Event: 26.527 GC heap before
{Heap before GC invocations=12 (full 0):
 garbage-first heap   total 89088K, used 70243K [0x0000000080000000, 0x0000000100000000)
  region size 1024K, 39 young (39936K), 5 survivors (5120K)
 Metaspace       used 42740K, committed 43200K, reserved 462848K
  class space    used 6002K, committed 6208K, reserved 421888K
}
Event: 26.541 GC heap after
{Heap after GC invocations=13 (full 0):
 garbage-first heap   total 89088K, used 37497K [0x0000000080000000, 0x0000000100000000)
  region size 1024K, 3 young (3072K), 3 survivors (3072K)
 Metaspace       used 42740K, committed 43200K, reserved 462848K
  class space    used 6002K, committed 6208K, reserved 421888K
}
Event: 28.135 GC heap before
{Heap before GC invocations=13 (full 0):
 garbage-first heap   total 89088K, used 70265K [0x0000000080000000, 0x0000000100000000)
  region size 1024K, 35 young (35840K), 3 survivors (3072K)
 Metaspace       used 46082K, committed 46592K, reserved 462848K
  class space    used 6522K, committed 6720K, reserved 421888K
}
Event: 28.144 GC heap after
{Heap after GC invocations=14 (full 0):
 garbage-first heap   total 89088K, used 38435K [0x0000000080000000, 0x0000000100000000)
  region size 1024K, 4 young (4096K), 4 survivors (4096K)
 Metaspace       used 46082K, committed 46592K, reserved 462848K
  class space    used 6522K, committed 6720K, reserved 421888K
}
Event: 31.436 GC heap before
{Heap before GC invocations=14 (full 0):
 garbage-first heap   total 89088K, used 71203K [0x0000000080000000, 0x0000000100000000)
  region size 1024K, 36 young (36864K), 4 survivors (4096K)
 Metaspace       used 53062K, committed 53568K, reserved 471040K
  class space    used 7409K, committed 7680K, reserved 421888K
}
Event: 31.449 GC heap after
{Heap after GC invocations=15 (full 0):
 garbage-first heap   total 89088K, used 41464K [0x0000000080000000, 0x0000000100000000)
  region size 1024K, 5 young (5120K), 5 survivors (5120K)
 Metaspace       used 53062K, committed 53568K, reserved 471040K
  class space    used 7409K, committed 7680K, reserved 421888K
}
Event: 32.974 GC heap before
{Heap before GC invocations=15 (full 0):
 garbage-first heap   total 89088K, used 71160K [0x0000000080000000, 0x0000000100000000)
  region size 1024K, 33 young (33792K), 5 survivors (5120K)
 Metaspace       used 56328K, committed 56832K, reserved 479232K
  class space    used 7792K, committed 8064K, reserved 421888K
}
Event: 32.988 GC heap after
{Heap after GC invocations=16 (full 0):
 garbage-first heap   total 89088K, used 43964K [0x0000000080000000, 0x0000000100000000)
  region size 1024K, 3 young (3072K), 3 survivors (3072K)
 Metaspace       used 56328K, committed 56832K, reserved 479232K
  class space    used 7792K, committed 8064K, reserved 421888K
}
Event: 34.333 GC heap before
{Heap before GC invocations=16 (full 0):
 garbage-first heap   total 89088K, used 71612K [0x0000000080000000, 0x0000000100000000)
  region size 1024K, 30 young (30720K), 3 survivors (3072K)
 Metaspace       used 59625K, committed 60160K, reserved 479232K
  class space    used 8230K, committed 8448K, reserved 421888K
}
Event: 34.346 GC heap after
{Heap after GC invocations=17 (full 0):
 garbage-first heap   total 89088K, used 45055K [0x0000000080000000, 0x0000000100000000)
  region size 1024K, 2 young (2048K), 2 survivors (2048K)
 Metaspace       used 59625K, committed 60160K, reserved 479232K
  class space    used 8230K, committed 8448K, reserved 421888K
}
Event: 37.358 GC heap before
{Heap before GC invocations=18 (full 0):
 garbage-first heap   total 89088K, used 72703K [0x0000000080000000, 0x0000000100000000)
  region size 1024K, 29 young (29696K), 2 survivors (2048K)
 Metaspace       used 67262K, committed 67776K, reserved 487424K
  class space    used 9188K, committed 9408K, reserved 421888K
}
Event: 37.372 GC heap after
{Heap after GC invocations=19 (full 0):
 garbage-first heap   total 89088K, used 49845K [0x0000000080000000, 0x0000000100000000)
  region size 1024K, 4 young (4096K), 4 survivors (4096K)
 Metaspace       used 67262K, committed 67776K, reserved 487424K
  class space    used 9188K, committed 9408K, reserved 421888K
}

Deoptimization events (20 events):
Event: 38.813 Thread 0x0000020dc73f0870 DEOPT PACKING pc=0x0000020db0024fac sp=0x0000001f63cf57d0
Event: 38.813 Thread 0x0000020dc73f0870 DEOPT UNPACKING pc=0x0000020daef22b43 sp=0x0000001f63cf4b90 mode 0
Event: 38.883 Thread 0x0000020dc73f0870 DEOPT PACKING pc=0x0000020daf655f59 sp=0x0000001f63cf6bf0
Event: 38.883 Thread 0x0000020dc73f0870 DEOPT UNPACKING pc=0x0000020daef22b43 sp=0x0000001f63cf60e8 mode 0
Event: 39.122 Thread 0x0000020dc73f0870 Uncommon trap: trap_request=0xffffffc6 fr.pc=0x0000020db69ff5e8 relative=0x0000000000000788
Event: 39.122 Thread 0x0000020dc73f0870 Uncommon trap: reason=bimorphic_or_optimized_type_check action=maybe_recompile pc=0x0000020db69ff5e8 method=java.util.stream.MatchOps$MatchOp.evaluateSequential(Ljava/util/stream/PipelineHelper;Ljava/util/Spliterator;)Ljava/lang/Boolean; @ 14 c2
Event: 39.122 Thread 0x0000020dc73f0870 DEOPT PACKING pc=0x0000020db69ff5e8 sp=0x0000001f63cf60b0
Event: 39.122 Thread 0x0000020dc73f0870 DEOPT UNPACKING pc=0x0000020daef223a3 sp=0x0000001f63cf5fe8 mode 2
Event: 39.309 Thread 0x0000020dc73f0870 Uncommon trap: trap_request=0xffffffc6 fr.pc=0x0000020db69ff5e8 relative=0x0000000000000788
Event: 39.309 Thread 0x0000020dc73f0870 Uncommon trap: reason=bimorphic_or_optimized_type_check action=maybe_recompile pc=0x0000020db69ff5e8 method=java.util.stream.MatchOps$MatchOp.evaluateSequential(Ljava/util/stream/PipelineHelper;Ljava/util/Spliterator;)Ljava/lang/Boolean; @ 14 c2
Event: 39.309 Thread 0x0000020dc73f0870 DEOPT PACKING pc=0x0000020db69ff5e8 sp=0x0000001f63cf7890
Event: 39.310 Thread 0x0000020dc73f0870 DEOPT UNPACKING pc=0x0000020daef223a3 sp=0x0000001f63cf77c8 mode 2
Event: 39.339 Thread 0x0000020dc73f0870 Uncommon trap: trap_request=0xffffffc6 fr.pc=0x0000020db69ff5e8 relative=0x0000000000000788
Event: 39.339 Thread 0x0000020dc73f0870 Uncommon trap: reason=bimorphic_or_optimized_type_check action=maybe_recompile pc=0x0000020db69ff5e8 method=java.util.stream.MatchOps$MatchOp.evaluateSequential(Ljava/util/stream/PipelineHelper;Ljava/util/Spliterator;)Ljava/lang/Boolean; @ 14 c2
Event: 39.339 Thread 0x0000020dc73f0870 DEOPT PACKING pc=0x0000020db69ff5e8 sp=0x0000001f63cf76b0
Event: 39.339 Thread 0x0000020dc73f0870 DEOPT UNPACKING pc=0x0000020daef223a3 sp=0x0000001f63cf75e8 mode 2
Event: 39.721 Thread 0x0000020dc73f0870 Uncommon trap: trap_request=0xffffff45 fr.pc=0x0000020db6afab3c relative=0x000000000000029c
Event: 39.721 Thread 0x0000020dc73f0870 Uncommon trap: reason=unstable_if action=reinterpret pc=0x0000020db6afab3c method=java.util.HashMap.getNode(Ljava/lang/Object;)Ljava/util/HashMap$Node; @ 85 c2
Event: 39.721 Thread 0x0000020dc73f0870 DEOPT PACKING pc=0x0000020db6afab3c sp=0x0000001f63cf60a0
Event: 39.721 Thread 0x0000020dc73f0870 DEOPT UNPACKING pc=0x0000020daef223a3 sp=0x0000001f63cf5fb0 mode 2

Classes unloaded (3 events):
Event: 34.524 Thread 0x0000020dc4f39e90 Unloading class 0x00000008011543e8 '_BuildScript_$_run_closure2'
Event: 34.524 Thread 0x0000020dc4f39e90 Unloading class 0x0000000801154000 '_BuildScript_$_run_closure1'
Event: 34.524 Thread 0x0000020dc4f39e90 Unloading class 0x0000000801148800 '_BuildScript_'

Classes redefined (0 events):
No events

Internal exceptions (20 events):
Event: 38.215 Thread 0x0000020dc73f0870 Exception <a 'sun/nio/fs/WindowsException'{0x0000000084ce2570}> (0x0000000084ce2570) 
thrown [t:\workspace\open\src\hotspot\share\prims\jni.cpp, line 516]
Event: 38.215 Thread 0x0000020dc73f0870 Exception <a 'sun/nio/fs/WindowsException'{0x0000000084ce2a80}> (0x0000000084ce2a80) 
thrown [t:\workspace\open\src\hotspot\share\prims\jni.cpp, line 516]
Event: 38.215 Thread 0x0000020dc73f0870 Exception <a 'sun/nio/fs/WindowsException'{0x0000000084ce5800}> (0x0000000084ce5800) 
thrown [t:\workspace\open\src\hotspot\share\prims\jni.cpp, line 516]
Event: 38.282 Thread 0x0000020dc73f0870 Exception <a 'sun/nio/fs/WindowsException'{0x0000000084cee7a0}> (0x0000000084cee7a0) 
thrown [t:\workspace\open\src\hotspot\share\prims\jni.cpp, line 516]
Event: 38.360 Thread 0x0000020dc73f0870 Exception <a 'sun/nio/fs/WindowsException'{0x0000000084cf3f78}> (0x0000000084cf3f78) 
thrown [t:\workspace\open\src\hotspot\share\prims\jni.cpp, line 516]
Event: 38.389 Thread 0x0000020dc73f0870 Exception <a 'sun/nio/fs/WindowsException'{0x0000000084cf93d8}> (0x0000000084cf93d8) 
thrown [t:\workspace\open\src\hotspot\share\prims\jni.cpp, line 516]
Event: 38.502 Thread 0x0000020dc73f0870 Exception <a 'sun/nio/fs/WindowsException'{0x0000000084b056f8}> (0x0000000084b056f8) 
thrown [t:\workspace\open\src\hotspot\share\prims\jni.cpp, line 516]
Event: 38.516 Thread 0x0000020dc73f0870 Exception <a 'sun/nio/fs/WindowsException'{0x0000000084b0ae20}> (0x0000000084b0ae20) 
thrown [t:\workspace\open\src\hotspot\share\prims\jni.cpp, line 516]
Event: 38.544 Thread 0x0000020dc73f0870 Exception <a 'sun/nio/fs/WindowsException'{0x0000000084b10830}> (0x0000000084b10830) 
thrown [t:\workspace\open\src\hotspot\share\prims\jni.cpp, line 516]
Event: 38.548 Thread 0x0000020dc73f0870 Exception <a 'sun/nio/fs/WindowsException'{0x0000000084b15d30}> (0x0000000084b15d30) 
thrown [t:\workspace\open\src\hotspot\share\prims\jni.cpp, line 516]
Event: 38.560 Thread 0x0000020dc73f0870 Exception <a 'sun/nio/fs/WindowsException'{0x0000000084b22a88}> (0x0000000084b22a88) 
thrown [t:\workspace\open\src\hotspot\share\prims\jni.cpp, line 516]
Event: 38.844 Thread 0x0000020dc73f0870 Exception <a 'sun/nio/fs/WindowsException'{0x0000000084a85e00}> (0x0000000084a85e00) 
thrown [t:\workspace\open\src\hotspot\share\prims\jni.cpp, line 516]
Event: 38.856 Thread 0x0000020dc73f0870 Exception <a 'sun/nio/fs/WindowsException'{0x0000000084a8d988}> (0x0000000084a8d988) 
thrown [t:\workspace\open\src\hotspot\share\prims\jni.cpp, line 516]
Event: 38.870 Thread 0x0000020dc73f0870 Exception <a 'sun/nio/fs/WindowsException'{0x0000000084a95290}> (0x0000000084a95290) 
thrown [t:\workspace\open\src\hotspot\share\prims\jni.cpp, line 516]
Event: 38.880 Thread 0x0000020dc73f0870 Exception <a 'sun/nio/fs/WindowsException'{0x0000000084a9cdc0}> (0x0000000084a9cdc0) 
thrown [t:\workspace\open\src\hotspot\share\prims\jni.cpp, line 516]
Event: 38.889 Thread 0x0000020dc73f0870 Exception <a 'sun/nio/fs/WindowsException'{0x0000000084aa58a0}> (0x0000000084aa58a0) 
thrown [t:\workspace\open\src\hotspot\share\prims\jni.cpp, line 516]
Event: 38.926 Thread 0x0000020dc73f0870 Exception <a 'sun/nio/fs/WindowsException'{0x0000000084aaae58}> (0x0000000084aaae58) 
thrown [t:\workspace\open\src\hotspot\share\prims\jni.cpp, line 516]
Event: 38.942 Thread 0x0000020dc73f0870 Exception <a 'sun/nio/fs/WindowsException'{0x0000000084ab0c70}> (0x0000000084ab0c70) 
thrown [t:\workspace\open\src\hotspot\share\prims\jni.cpp, line 516]
Event: 38.949 Thread 0x0000020dc73f0870 Exception <a 'sun/nio/fs/WindowsException'{0x0000000084ab6360}> (0x0000000084ab6360) 
thrown [t:\workspace\open\src\hotspot\share\prims\jni.cpp, line 516]
Event: 39.040 Thread 0x0000020dc73f0870 Exception <a 'sun/nio/fs/WindowsException'{0x0000000084ac6cb0}> (0x0000000084ac6cb0) 
thrown [t:\workspace\open\src\hotspot\share\prims\jni.cpp, line 516]

VM Operations (20 events):
Event: 37.358 Executing VM operation: G1CollectForAllocation
Event: 37.372 Executing VM operation: G1CollectForAllocation done
Event: 37.428 Executing VM operation: HandshakeAllThreads
Event: 37.440 Executing VM operation: HandshakeAllThreads done
Event: 37.924 Executing VM operation: HandshakeAllThreads
Event: 37.924 Executing VM operation: HandshakeAllThreads done
Event: 37.986 Executing VM operation: HandshakeAllThreads
Event: 37.986 Executing VM operation: HandshakeAllThreads done
Event: 38.010 Executing VM operation: ICBufferFull
Event: 38.011 Executing VM operation: ICBufferFull done
Event: 38.151 Executing VM operation: HandshakeAllThreads
Event: 38.151 Executing VM operation: HandshakeAllThreads done
Event: 38.734 Executing VM operation: ICBufferFull
Event: 38.735 Executing VM operation: ICBufferFull done
Event: 38.813 Executing VM operation: HandshakeAllThreads
Event: 38.813 Executing VM operation: HandshakeAllThreads done
Event: 39.212 Executing VM operation: ICBufferFull
Event: 39.212 Executing VM operation: ICBufferFull done
Event: 39.562 Executing VM operation: HandshakeAllThreads
Event: 39.562 Executing VM operation: HandshakeAllThreads done

Events (20 events):
Event: 37.289 loading class java/nio/file/FileTreeWalker$1
Event: 37.289 loading class java/nio/file/FileTreeWalker$1 done
Event: 37.446 loading class jdk/internal/access/foreign/MemorySegmentProxy
Event: 37.446 loading class jdk/internal/access/foreign/MemorySegmentProxy done
Event: 37.446 Thread 0x0000020dc4f82070 flushing nmethod 0x0000020daf77d690
Event: 37.447 Thread 0x0000020dc4f82070 flushing nmethod 0x0000020daf839e90
Event: 37.450 Thread 0x0000020dc4f82070 flushing nmethod 0x0000020dafa27310
Event: 38.151 loading class java/util/function/ToIntBiFunction
Event: 38.151 loading class java/util/function/ToIntBiFunction done
Event: 38.215 loading class java/nio/file/Path$1
Event: 38.216 loading class java/nio/file/Path$1 done
Event: 38.939 Thread 0x0000020dc8f91aa0 Thread exited: 0x0000020dc8f91aa0
Event: 39.049 loading class java/util/EnumMap$Values
Event: 39.049 loading class java/util/EnumMap$Values done
Event: 39.049 loading class java/util/EnumMap$ValueIterator
Event: 39.049 loading class java/util/EnumMap$EnumMapIterator
Event: 39.050 loading class java/util/EnumMap$EnumMapIterator done
Event: 39.050 loading class java/util/EnumMap$ValueIterator done
Event: 39.560 loading class java/nio/file/AtomicMoveNotSupportedException
Event: 39.560 loading class java/nio/file/AtomicMoveNotSupportedException done


Dynamic libraries:
0x00007ff6f4910000 - 0x00007ff6f491e000 	C:\Program Files\Microsoft\jdk-17.0.2\bin\java.exe
0x00007ff98b830000 - 0x00007ff98ba28000 	C:\Windows\SYSTEM32\ntdll.dll
0x00007ff98a650000 - 0x00007ff98a711000 	C:\Windows\System32\KERNEL32.DLL
0x00007ff989400000 - 0x00007ff9896fd000 	C:\Windows\System32\KERNELBASE.dll
0x00007ff989010000 - 0x00007ff989110000 	C:\Windows\System32\ucrtbase.dll
0x00007ff97bd40000 - 0x00007ff97bd58000 	C:\Program Files\Microsoft\jdk-17.0.2\bin\jli.dll
0x00007ff97b370000 - 0x00007ff97b38a000 	C:\Program Files\Microsoft\jdk-17.0.2\bin\VCRUNTIME140.dll
0x00007ff989d50000 - 0x00007ff989eed000 	C:\Windows\System32\USER32.dll
0x00007ff989380000 - 0x00007ff9893a2000 	C:\Windows\System32\win32u.dll
0x00007ff978520000 - 0x00007ff9787ba000 	C:\Windows\WinSxS\amd64_microsoft.windows.common-controls_6595b64144ccf1df_6.0.19041.4355_none_60b8b9eb71f62e16\COMCTL32.dll
0x00007ff98a1f0000 - 0x00007ff98a28e000 	C:\Windows\System32\msvcrt.dll
0x00007ff989d20000 - 0x00007ff989d4b000 	C:\Windows\System32\GDI32.dll
0x00007ff989110000 - 0x00007ff989227000 	C:\Windows\System32\gdi32full.dll
0x00007ff988ee0000 - 0x00007ff988f7d000 	C:\Windows\System32\msvcp_win.dll
0x00007ff989b90000 - 0x00007ff989bbf000 	C:\Windows\System32\IMM32.DLL
0x00007ff982f90000 - 0x00007ff982f9c000 	C:\Program Files\Microsoft\jdk-17.0.2\bin\vcruntime140_1.dll
0x00007ff970bb0000 - 0x00007ff970c3d000 	C:\Program Files\Microsoft\jdk-17.0.2\bin\msvcp140.dll
0x00007ff940830000 - 0x00007ff9413f1000 	C:\Program Files\Microsoft\jdk-17.0.2\bin\server\jvm.dll
0x00007ff98b010000 - 0x00007ff98b0c0000 	C:\Windows\System32\ADVAPI32.dll
0x00007ff98b5c0000 - 0x00007ff98b660000 	C:\Windows\System32\sechost.dll
0x00007ff989f00000 - 0x00007ff98a023000 	C:\Windows\System32\RPCRT4.dll
0x00007ff989350000 - 0x00007ff989377000 	C:\Windows\System32\bcrypt.dll
0x00007ff98b0c0000 - 0x00007ff98b0c8000 	C:\Windows\System32\PSAPI.DLL
0x00007ff97fa10000 - 0x00007ff97fa19000 	C:\Windows\SYSTEM32\WSOCK32.dll
0x00007ff979d20000 - 0x00007ff979d47000 	C:\Windows\SYSTEM32\WINMM.dll
0x00007ff98aef0000 - 0x00007ff98af5b000 	C:\Windows\System32\WS2_32.dll
0x00007ff980550000 - 0x00007ff98055a000 	C:\Windows\SYSTEM32\VERSION.dll
0x00007ff986d60000 - 0x00007ff986d72000 	C:\Windows\SYSTEM32\kernel.appcore.dll
0x00007ff97f500000 - 0x00007ff97f50a000 	C:\Program Files\Microsoft\jdk-17.0.2\bin\jimage.dll
0x00007ff974f00000 - 0x00007ff9750e4000 	C:\Windows\SYSTEM32\DBGHELP.DLL
0x00007ff974da0000 - 0x00007ff974dd4000 	C:\Windows\SYSTEM32\dbgcore.DLL
0x00007ff988f80000 - 0x00007ff989002000 	C:\Windows\System32\bcryptPrimitives.dll
0x00007ff97f3c0000 - 0x00007ff97f3ce000 	C:\Program Files\Microsoft\jdk-17.0.2\bin\instrument.dll
0x00007ff979bc0000 - 0x00007ff979be5000 	C:\Program Files\Microsoft\jdk-17.0.2\bin\java.dll
0x00007ff94c220000 - 0x00007ff94c2f6000 	C:\Program Files\Microsoft\jdk-17.0.2\bin\jsvml.dll
0x00007ff98a780000 - 0x00007ff98aeef000 	C:\Windows\System32\SHELL32.dll
0x00007ff986f60000 - 0x00007ff987703000 	C:\Windows\SYSTEM32\windows.storage.dll
0x00007ff98a2f0000 - 0x00007ff98a643000 	C:\Windows\System32\combase.dll
0x00007ff988910000 - 0x00007ff98893e000 	C:\Windows\SYSTEM32\Wldp.dll
0x00007ff989c50000 - 0x00007ff989d1d000 	C:\Windows\System32\OLEAUT32.dll
0x00007ff98af60000 - 0x00007ff98b00d000 	C:\Windows\System32\SHCORE.dll
0x00007ff98b660000 - 0x00007ff98b6b5000 	C:\Windows\System32\shlwapi.dll
0x00007ff988e10000 - 0x00007ff988e34000 	C:\Windows\SYSTEM32\profapi.dll
0x00007ff977c60000 - 0x00007ff977c78000 	C:\Program Files\Microsoft\jdk-17.0.2\bin\zip.dll
0x00007ff97b140000 - 0x00007ff97b159000 	C:\Program Files\Microsoft\jdk-17.0.2\bin\net.dll
0x00007ff980410000 - 0x00007ff98051d000 	C:\Windows\SYSTEM32\WINHTTP.dll
0x00007ff988670000 - 0x00007ff9886da000 	C:\Windows\system32\mswsock.dll
0x00007ff97a050000 - 0x00007ff97a066000 	C:\Program Files\Microsoft\jdk-17.0.2\bin\nio.dll
0x00007ff9837e0000 - 0x00007ff9837f0000 	C:\Program Files\Microsoft\jdk-17.0.2\bin\verify.dll
0x00007ff97b170000 - 0x00007ff97b197000 	C:\Users\aanan\.gradle\native\c067742578af261105cb4f569cf0c3c89f3d7b1fecec35dd04571415982c5e48\windows-amd64\native-platform.dll
0x00007ff95e9b0000 - 0x00007ff95eaf4000 	C:\Users\aanan\.gradle\native\100fb08df4bc3b14c8652ba06237920a3bd2aa13389f12d3474272988ae205f9\windows-amd64\native-platform-file-events.dll
0x00007ff97f200000 - 0x00007ff97f209000 	C:\Program Files\Microsoft\jdk-17.0.2\bin\management.dll
0x00007ff97ee80000 - 0x00007ff97ee8b000 	C:\Program Files\Microsoft\jdk-17.0.2\bin\management_ext.dll
0x00007ff988860000 - 0x00007ff988878000 	C:\Windows\SYSTEM32\CRYPTSP.dll
0x00007ff987f20000 - 0x00007ff987f54000 	C:\Windows\system32\rsaenh.dll
0x00007ff988d90000 - 0x00007ff988dbe000 	C:\Windows\SYSTEM32\USERENV.dll
0x00007ff988880000 - 0x00007ff98888c000 	C:\Windows\SYSTEM32\CRYPTBASE.dll
0x00007ff988300000 - 0x00007ff98833b000 	C:\Windows\SYSTEM32\IPHLPAPI.DLL
0x00007ff98a1e0000 - 0x00007ff98a1e8000 	C:\Windows\System32\NSI.dll
0x00007ff980fb0000 - 0x00007ff980fc7000 	C:\Windows\SYSTEM32\dhcpcsvc6.DLL
0x00007ff9819d0000 - 0x00007ff9819ed000 	C:\Windows\SYSTEM32\dhcpcsvc.DLL
0x00007ff988340000 - 0x00007ff98840a000 	C:\Windows\SYSTEM32\DNSAPI.dll
0x00007ff97bc30000 - 0x00007ff97bc3e000 	C:\Program Files\Microsoft\jdk-17.0.2\bin\sunmscapi.dll
0x00007ff989700000 - 0x00007ff98985c000 	C:\Windows\System32\CRYPT32.dll
0x00007ff988980000 - 0x00007ff9889a9000 	C:\Windows\SYSTEM32\ncrypt.dll
0x00007ff988940000 - 0x00007ff98897b000 	C:\Windows\SYSTEM32\NTASN1.dll
0x00007ff97ba10000 - 0x00007ff97ba17000 	C:\Windows\system32\wshunix.dll
0x00007ff977ea0000 - 0x00007ff977eaa000 	C:\Windows\System32\rasadhlp.dll
0x00007ff979040000 - 0x00007ff9790c0000 	C:\Windows\System32\fwpuclnt.dll

dbghelp: loaded successfully - version: 4.0.5 - missing functions: none
symbol engine: initialized successfully - sym options: 0x614 - pdb path: .;C:\Program Files\Microsoft\jdk-17.0.2\bin;C:\Windows\SYSTEM32;C:\Windows\WinSxS\amd64_microsoft.windows.common-controls_6595b64144ccf1df_6.0.19041.4355_none_60b8b9eb71f62e16;C:\Program Files\Microsoft\jdk-17.0.2\bin\server;C:\Users\aanan\.gradle\native\c067742578af261105cb4f569cf0c3c89f3d7b1fecec35dd04571415982c5e48\windows-amd64;C:\Users\aanan\.gradle\native\100fb08df4bc3b14c8652ba06237920a3bd2aa13389f12d3474272988ae205f9\windows-amd64

VM Arguments:
jvm_args: -XX:MaxMetaspaceSize=512m --add-opens=java.base/java.util=ALL-UNNAMED --add-opens=java.base/java.lang=ALL-UNNAMED --add-opens=java.base/java.lang.invoke=ALL-UNNAMED --add-opens=java.prefs/java.util.prefs=ALL-UNNAMED --add-opens=java.base/java.nio.charset=ALL-UNNAMED --add-opens=java.base/java.net=ALL-UNNAMED --add-opens=java.base/java.util.concurrent.atomic=ALL-UNNAMED -Xmx2048m -Dfile.encoding=windows-1252 -Duser.country=IN -Duser.language=en -Duser.variant -javaagent:C:\Users\aanan\.gradle\wrapper\dists\gradle-8.8-all\6gdy1pgp427xkqcjbxw3ylt6h\gradle-8.8\lib\agents\gradle-instrumentation-agent-8.8.jar 
java_command: org.gradle.launcher.daemon.bootstrap.GradleDaemon 8.8
java_class_path (initial): C:\Users\aanan\.gradle\wrapper\dists\gradle-8.8-all\6gdy1pgp427xkqcjbxw3ylt6h\gradle-8.8\lib\gradle-launcher-8.8.jar
Launcher Type: SUN_STANDARD

[Global flags]
     intx CICompilerCount                          = 3                                         {product} {ergonomic}
   size_t CompressedClassSpaceSize                 = 432013312                                 {product} {ergonomic}
     uint ConcGCThreads                            = 1                                         {product} {ergonomic}
     uint G1ConcRefinementThreads                  = 4                                         {product} {ergonomic}
   size_t G1HeapRegionSize                         = 1048576                                   {product} {ergonomic}
    uintx GCDrainStackTargetSize                   = 64                                        {product} {ergonomic}
   size_t InitialHeapSize                          = 100663296                                 {product} {ergonomic}
   size_t MarkStackSize                            = 4194304                                   {product} {ergonomic}
   size_t MaxHeapSize                              = 2147483648                                {product} {command line}
   size_t MaxMetaspaceSize                         = 536870912                                 {product} {command line}
   size_t MaxNewSize                               = 1287651328                                {product} {ergonomic}
   size_t MinHeapDeltaBytes                        = 1048576                                   {product} {ergonomic}
   size_t MinHeapSize                              = 8388608                                   {product} {ergonomic}
    uintx NonNMethodCodeHeapSize                   = 5832780                                {pd product} {ergonomic}
    uintx NonProfiledCodeHeapSize                  = 122912730                              {pd product} {ergonomic}
    uintx ProfiledCodeHeapSize                     = 122912730                              {pd product} {ergonomic}
    uintx ReservedCodeCacheSize                    = 251658240                              {pd product} {ergonomic}
     bool SegmentedCodeCache                       = true                                      {product} {ergonomic}
   size_t SoftMaxHeapSize                          = 2147483648                             {manageable} {ergonomic}
     bool UseCompressedClassPointers               = true                           {product lp64_product} {ergonomic}
     bool UseCompressedOops                        = true                           {product lp64_product} {ergonomic}
     bool UseG1GC                                  = true                                      {product} {ergonomic}
     bool UseLargePagesIndividualAllocation        = false                                  {pd product} {ergonomic}

Logging:
Log output configuration:
 #0: stdout all=warning uptime,level,tags
 #1: stderr all=off uptime,level,tags

Environment Variables:
JAVA_HOME=C:\Program Files\Microsoft\jdk-17.0.2
CLASSPATH=C:\Users\aanan\Desktop\GitUsers\android\\gradle\wrapper\gradle-wrapper.jar
PATH=C:\Users\aanan\Desktop\GitUsers\node_modules\.bin;C:\Users\aanan\Desktop\GitUsers\node_modules\.bin;C:\Users\aanan\Desktop\node_modules\.bin;C:\Users\aanan\node_modules\.bin;C:\Users\node_modules\.bin;C:\node_modules\.bin;C:\Users\aanan\AppData\Roaming\nvm\v20.11.1\node_modules\npm\node_modules\@npmcli\run-script\lib\node-gyp-bin;C:\Program Files (x86)\Intel\iCLS Client\;C:\Program Files\Intel\iCLS Client\;C:\Windows\system32;C:\Windows;C:\Windows\System32\Wbem;C:\Windows\System32\WindowsPowerShell\v1.0\;C:\Windows\System32\OpenSSH\;C:\Program Files\dotnet\;C:\Program Files\Intel\Intel(R) Management Engine Components\DAL;C:\Program Files\Intel\Intel(R) Management Engine Components\IPT;C:\Program Files (x86)\Intel\Intel(R) Management Engine Components\DAL;C:\Program Files (x86)\Intel\Intel(R) Management Engine Components\IPT;C:\ProgramData\chocolatey\bin;C:\Users\aanan\AppData\Local\Android\Sdk\platform-tools;C:\Program Files\Git\cmd;C:\Program Files\Git\mingw64\bin;C:\Program Files\Git\usr\bin;C:\Program Files\Microsoft\jdk-17.0.2\bin;C:\Users\aanan\AppData\Roaming\nvm;C:\Program Files\nodejs;C:\Program Files\MongoDB\Server\7.0\bin;C:\Users\aanan\AppData\Local\Microsoft\WindowsApps;C:\Users\aanan\AppData\Local\Programs\Microsoft VS Code\bin;C:\Users\aanan\AppData\Roaming\npm;C:\Users\aanan\AppData\Roaming\nvm;C:\Program Files\nodejs;C:\Program Files\mongosh\
USERNAME=Devendra
OS=Windows_NT
PROCESSOR_IDENTIFIER=Intel64 Family 6 Model 69 Stepping 1, GenuineIntel



---------------  S Y S T E M  ---------------

OS:
 Windows 10 , 64 bit Build 19041 (10.0.19041.4842)
OS uptime: 15 days 17:42 hours

CPU: total 4 (initial active 4) (2 cores per cpu, 2 threads per core) family 6 model 69 stepping 1 microcode 0x25, cx8, cmov, fxsr, ht, mmx, sse, sse2, sse3, ssse3, sse4.1, sse4.2, popcnt, lzcnt, tsc, tscinvbit, avx, avx2, aes, erms, clmul, bmi1, bmi2, fma, vzeroupper, clflush

Memory: 4k page, system-wide physical 6024M (444M free)
TotalPageFile size 8072M (AvailPageFile size 5M)
current process WorkingSet (physical memory assigned to process): 283M, peak: 284M
current process commit charge ("private bytes"): 311M, peak: 313M

vm_info: OpenJDK 64-Bit Server VM (17.0.2+8-86) for windows-amd64 JRE (17.0.2+8-86), built on Dec  7 2021 21:49:10 by "mach5one" with MS VC++ 16.8 / 16.9 (VS2019)

END.
