#
# There is insufficient memory for the Java Runtime Environment to continue.
# Native memory allocation (mmap) failed to map 67108864 bytes for G1 virtual space
# Possible reasons:
#   The system is out of physical RAM or swap space
#   The process is running with CompressedOops enabled, and the Java Heap may be blocking the growth of the native heap
# Possible solutions:
#   Reduce memory load on the system
#   Increase physical memory or swap space
#   Check if swap backing store is full
#   Decrease Java heap size (-Xmx/-Xms)
#   Decrease number of Java threads
#   Decrease Java thread stack sizes (-Xss)
#   Set larger code cache with -XX:ReservedCodeCacheSize=
#   JVM is running with Unscaled Compressed Oops mode in which the Java heap is
#     placed in the first 4GB address space. The Java Heap base address is the
#     maximum limit for the native heap growth. Please use -XX:HeapBaseMinAddress
#     to set the Java Heap base and to place the Java Heap above 4GB virtual address.
# This output file may be truncated or incomplete.
#
#  Out of Memory Error (os_windows.cpp:3532), pid=7740, tid=13860
#
# JRE version:  (17.0.2+8) (build )
# Java VM: OpenJDK 64-Bit Server VM (17.0.2+8-86, mixed mode, sharing, tiered, compressed oops, compressed class ptrs, g1 gc, windows-amd64)
# No core dump will be written. Minidumps are not enabled by default on client versions of Windows
#

---------------  S U M M A R Y ------------

Command Line: -Xmx64m -Xms64m -Dorg.gradle.appname=gradlew org.gradle.wrapper.GradleWrapperMain app:installDebug -PreactNativeDevServerPort=8081

Host: Intel(R) Core(TM) i3-4010U CPU @ 1.70GHz, 4 cores, 5G,  Windows 10 , 64 bit Build 19041 (10.0.19041.4842)
Time: Wed Oct  9 20:28:32 2024 India Standard Time elapsed time: 0.354806 seconds (0d 0h 0m 0s)

---------------  T H R E A D  ---------------

Current thread (0x0000024b46af72c0):  JavaThread "Unknown thread" [_thread_in_vm, id=13860, stack(0x0000006892100000,0x0000006892200000)]

Stack: [0x0000006892100000,0x0000006892200000]
Native frames: (J=compiled Java code, j=interpreted, Vv=VM code, C=native code)
V  [jvm.dll+0x670baa]
V  [jvm.dll+0x7cfcb4]
V  [jvm.dll+0x7d145e]
V  [jvm.dll+0x7d1ac3]
V  [jvm.dll+0x242bc5]
V  [jvm.dll+0x66dac9]
V  [jvm.dll+0x662412]
V  [jvm.dll+0x300c0b]
V  [jvm.dll+0x3081a6]
V  [jvm.dll+0x357d0e]
V  [jvm.dll+0x357f3f]
V  [jvm.dll+0x2d7ec8]
V  [jvm.dll+0x2d8e34]
V  [jvm.dll+0x7a18c1]
V  [jvm.dll+0x365a91]
V  [jvm.dll+0x780d2c]
V  [jvm.dll+0x3e845f]
V  [jvm.dll+0x3e9f01]
C  [jli.dll+0x527b]
C  [ucrtbase.dll+0x21bb2]
C  [KERNEL32.DLL+0x17374]
C  [ntdll.dll+0x4cc91]


---------------  P R O C E S S  ---------------

Threads class SMR info:
_java_thread_list=0x00007ff935a79858, length=0, elements={
}

Java Threads: ( => current thread )

Other Threads:
  0x0000024b46b15f30 GCTaskThread "GC Thread#0" [stack: 0x0000006892200000,0x0000006892300000] [id=3768]
  0x0000024b46b17670 ConcurrentGCThread "G1 Main Marker" [stack: 0x0000006892300000,0x0000006892400000] [id=8480]
  0x0000024b46b18820 ConcurrentGCThread "G1 Conc#0" [stack: 0x0000006892400000,0x0000006892500000] [id=6976]

[error occurred during error reporting (printing all threads), id 0xc0000005, EXCEPTION_ACCESS_VIOLATION (0xc0000005) at pc=0x00007ff9352c88a7]

VM state: not at safepoint (not fully initialized)

VM Mutex/Monitor currently owned by a thread:  ([mutex/lock_event])
[0x0000024b46af3600] Heap_lock - owner thread: 0x0000024b46af72c0

Heap address: 0x00000000fc000000, size: 64 MB, Compressed Oops mode: 32-bit

CDS archive(s) mapped at: [0x0000000000000000-0x0000000000000000-0x0000000000000000), size 0, SharedBaseAddress: 0x0000000800000000, ArchiveRelocationMode: 0.
Narrow klass base: 0x0000000000000000, Narrow klass shift: 0, Narrow klass range: 0x0

GC Precious Log:
<Empty>

Heap:
 garbage-first heap   total 0K, used 0K [0x00000000fc000000, 0x0000000100000000)
  region size 1024K, 0 young (0K), 0 survivors (0K)

[error occurred during error reporting (printing heap information), id 0xc0000005, EXCEPTION_ACCESS_VIOLATION (0xc0000005) at pc=0x00007ff9356a9f19]

GC Heap History (0 events):
No events

Deoptimization events (0 events):
No events

Classes unloaded (0 events):
No events

Classes redefined (0 events):
No events

Internal exceptions (0 events):
No events

VM Operations (0 events):
No events

Events (1 events):
Event: 0.032 Loaded shared library C:\Program Files\Microsoft\jdk-17.0.2\bin\java.dll


Dynamic libraries:
0x00007ff708f20000 - 0x00007ff708f2e000 	C:\Program Files\Microsoft\jdk-17.0.2\bin\java.exe
0x00007ff97f630000 - 0x00007ff97f828000 	C:\Windows\SYSTEM32\ntdll.dll
0x00007ff97e870000 - 0x00007ff97e931000 	C:\Windows\System32\KERNEL32.DLL
0x00007ff97d1c0000 - 0x00007ff97d4bd000 	C:\Windows\System32\KERNELBASE.dll
0x00007ff97d4f0000 - 0x00007ff97d5f0000 	C:\Windows\System32\ucrtbase.dll
0x00007ff95fd50000 - 0x00007ff95fd68000 	C:\Program Files\Microsoft\jdk-17.0.2\bin\jli.dll
0x00007ff97ebf0000 - 0x00007ff97ed8d000 	C:\Windows\System32\USER32.dll
0x00007ff97cce0000 - 0x00007ff97cd02000 	C:\Windows\System32\win32u.dll
0x00007ff97de90000 - 0x00007ff97debb000 	C:\Windows\System32\GDI32.dll
0x00007ff97cdf0000 - 0x00007ff97cf07000 	C:\Windows\System32\gdi32full.dll
0x00007ff97d120000 - 0x00007ff97d1bd000 	C:\Windows\System32\msvcp_win.dll
0x00007ff95cdb0000 - 0x00007ff95cdca000 	C:\Program Files\Microsoft\jdk-17.0.2\bin\VCRUNTIME140.dll
0x00007ff96fc30000 - 0x00007ff96feca000 	C:\Windows\WinSxS\amd64_microsoft.windows.common-controls_6595b64144ccf1df_6.0.19041.4355_none_60b8b9eb71f62e16\COMCTL32.dll
0x00007ff97dfd0000 - 0x00007ff97e06e000 	C:\Windows\System32\msvcrt.dll
0x00007ff97dd50000 - 0x00007ff97dd7f000 	C:\Windows\System32\IMM32.DLL
0x00007ff978db0000 - 0x00007ff978dbc000 	C:\Program Files\Microsoft\jdk-17.0.2\bin\vcruntime140_1.dll
0x00007ff93e490000 - 0x00007ff93e51d000 	C:\Program Files\Microsoft\jdk-17.0.2\bin\msvcp140.dll
0x00007ff934fe0000 - 0x00007ff935ba1000 	C:\Program Files\Microsoft\jdk-17.0.2\bin\server\jvm.dll
0x00007ff97daf0000 - 0x00007ff97dba0000 	C:\Windows\System32\ADVAPI32.dll
0x00007ff97e940000 - 0x00007ff97e9e0000 	C:\Windows\System32\sechost.dll
0x00007ff97e9e0000 - 0x00007ff97eb03000 	C:\Windows\System32\RPCRT4.dll
0x00007ff97d4c0000 - 0x00007ff97d4e7000 	C:\Windows\System32\bcrypt.dll
0x00007ff97dde0000 - 0x00007ff97dde8000 	C:\Windows\System32\PSAPI.DLL
0x00007ff9764a0000 - 0x00007ff9764a9000 	C:\Windows\SYSTEM32\WSOCK32.dll
0x00007ff97f580000 - 0x00007ff97f5eb000 	C:\Windows\System32\WS2_32.dll
0x00007ff973050000 - 0x00007ff973077000 	C:\Windows\SYSTEM32\WINMM.dll
0x00007ff973b00000 - 0x00007ff973b0a000 	C:\Windows\SYSTEM32\VERSION.dll
0x00007ff97ab60000 - 0x00007ff97ab72000 	C:\Windows\SYSTEM32\kernel.appcore.dll
0x00007ff973bf0000 - 0x00007ff973bfa000 	C:\Program Files\Microsoft\jdk-17.0.2\bin\jimage.dll
0x00007ff96a310000 - 0x00007ff96a4f4000 	C:\Windows\SYSTEM32\DBGHELP.DLL
0x00007ff96a050000 - 0x00007ff96a084000 	C:\Windows\SYSTEM32\dbgcore.DLL
0x00007ff97cd60000 - 0x00007ff97cde2000 	C:\Windows\System32\bcryptPrimitives.dll
0x00007ff958c40000 - 0x00007ff958c65000 	C:\Program Files\Microsoft\jdk-17.0.2\bin\java.dll

dbghelp: loaded successfully - version: 4.0.5 - missing functions: none
symbol engine: initialized successfully - sym options: 0x614 - pdb path: .;C:\Program Files\Microsoft\jdk-17.0.2\bin;C:\Windows\SYSTEM32;C:\Windows\WinSxS\amd64_microsoft.windows.common-controls_6595b64144ccf1df_6.0.19041.4355_none_60b8b9eb71f62e16;C:\Program Files\Microsoft\jdk-17.0.2\bin\server

VM Arguments:
jvm_args: -Xmx64m -Xms64m -Dorg.gradle.appname=gradlew 
java_command: org.gradle.wrapper.GradleWrapperMain app:installDebug -PreactNativeDevServerPort=8081
java_class_path (initial): C:\Users\aanan\Desktop\GitUsers\android\\gradle\wrapper\gradle-wrapper.jar
Launcher Type: SUN_STANDARD

[Global flags]
     intx CICompilerCount                          = 3                                         {product} {ergonomic}
     uint ConcGCThreads                            = 1                                         {product} {ergonomic}
     uint G1ConcRefinementThreads                  = 4                                         {product} {ergonomic}
   size_t G1HeapRegionSize                         = 1048576                                   {product} {ergonomic}
    uintx GCDrainStackTargetSize                   = 64                                        {product} {ergonomic}
   size_t InitialHeapSize                          = 67108864                                  {product} {command line}
   size_t MarkStackSize                            = 4194304                                   {product} {ergonomic}
   size_t MaxHeapSize                              = 67108864                                  {product} {command line}
   size_t MinHeapDeltaBytes                        = 1048576                                   {product} {ergonomic}
   size_t MinHeapSize                              = 67108864                                  {product} {command line}
    uintx NonNMethodCodeHeapSize                   = 5832780                                {pd product} {ergonomic}
    uintx NonProfiledCodeHeapSize                  = 122912730                              {pd product} {ergonomic}
    uintx ProfiledCodeHeapSize                     = 122912730                              {pd product} {ergonomic}
    uintx ReservedCodeCacheSize                    = 251658240                              {pd product} {ergonomic}
     bool SegmentedCodeCache                       = true                                      {product} {ergonomic}
   size_t SoftMaxHeapSize                          = 67108864                               {manageable} {ergonomic}
     bool UseCompressedClassPointers               = true                           {product lp64_product} {ergonomic}
     bool UseCompressedOops                        = true                           {product lp64_product} {ergonomic}
     bool UseG1GC                                  = true                                      {product} {ergonomic}
     bool UseLargePagesIndividualAllocation        = false                                  {pd product} {ergonomic}

Logging:
Log output configuration:
 #0: stdout all=warning uptime,level,tags
 #1: stderr all=off uptime,level,tags

Environment Variables:
JAVA_HOME=C:\Program Files\Microsoft\jdk-17.0.2
CLASSPATH=C:\Users\aanan\Desktop\GitUsers\android\\gradle\wrapper\gradle-wrapper.jar
PATH=C:\Users\aanan\Desktop\GitUsers\node_modules\.bin;C:\Users\aanan\Desktop\node_modules\.bin;C:\Users\aanan\node_modules\.bin;C:\Users\node_modules\.bin;C:\node_modules\.bin;C:\Users\aanan\AppData\Roaming\nvm\v20.11.1\node_modules\npm\node_modules\@npmcli\run-script\lib\node-gyp-bin;C:\Program Files (x86)\Intel\iCLS Client\;C:\Program Files\Intel\iCLS Client\;C:\Windows\system32;C:\Windows;C:\Windows\System32\Wbem;C:\Windows\System32\WindowsPowerShell\v1.0\;C:\Windows\System32\OpenSSH\;C:\Program Files\dotnet\;C:\Program Files\Intel\Intel(R) Management Engine Components\DAL;C:\Program Files\Intel\Intel(R) Management Engine Components\IPT;C:\Program Files (x86)\Intel\Intel(R) Management Engine Components\DAL;C:\Program Files (x86)\Intel\Intel(R) Management Engine Components\IPT;C:\ProgramData\chocolatey\bin;C:\Users\aanan\AppData\Local\Android\Sdk\platform-tools;C:\Program Files\Git\cmd;C:\Program Files\Git\mingw64\bin;C:\Program Files\Git\usr\bin;C:\Program Files\Microsoft\jdk-17.0.2\bin;C:\Users\aanan\AppData\Roaming\nvm;C:\Program Files\nodejs;C:\Program Files\MongoDB\Server\7.0\bin;C:\Users\aanan\AppData\Local\Microsoft\WindowsApps;C:\Users\aanan\AppData\Local\Programs\Microsoft VS Code\bin;C:\Users\aanan\AppData\Roaming\npm;C:\Users\aanan\AppData\Roaming\nvm;C:\Program Files\nodejs;C:\Program Files\mongosh\
USERNAME=Devendra
OS=Windows_NT
PROCESSOR_IDENTIFIER=Intel64 Family 6 Model 69 Stepping 1, GenuineIntel



---------------  S Y S T E M  ---------------

OS:
 Windows 10 , 64 bit Build 19041 (10.0.19041.4842)
OS uptime: 1 days 1:09 hours

CPU: total 4 (initial active 4) (2 cores per cpu, 2 threads per core) family 6 model 69 stepping 1 microcode 0x25, cx8, cmov, fxsr, ht, mmx, sse, sse2, sse3, ssse3, sse4.1, sse4.2, popcnt, lzcnt, tsc, tscinvbit, avx, avx2, aes, erms, clmul, bmi1, bmi2, fma, vzeroupper, clflush

Memory: 4k page, system-wide physical 6024M (1048M free)
TotalPageFile size 8072M (AvailPageFile size 30M)
current process WorkingSet (physical memory assigned to process): 10M, peak: 10M
current process commit charge ("private bytes"): 51M, peak: 115M

vm_info: OpenJDK 64-Bit Server VM (17.0.2+8-86) for windows-amd64 JRE (17.0.2+8-86), built on Dec  7 2021 21:49:10 by "mach5one" with MS VC++ 16.8 / 16.9 (VS2019)

END.
