#
# There is insufficient memory for the Java Runtime Environment to continue.
# Native memory allocation (malloc) failed to allocate 178304 bytes for Chunk::new
# Possible reasons:
#   The system is out of physical RAM or swap space
#   The process is running with CompressedOops enabled, and the Java Heap may be blocking the growth of the native heap
# Possible solutions:
#   Reduce memory load on the system
#   Increase physical memory or swap space
#   Check if swap backing store is full
#   Decrease Java heap size (-Xmx/-Xms)
#   Decrease number of Java threads
#   Decrease Java thread stack sizes (-Xss)
#   Set larger code cache with -XX:ReservedCodeCacheSize=
#   JVM is running with Unscaled Compressed Oops mode in which the Java heap is
#     placed in the first 4GB address space. The Java Heap base address is the
#     maximum limit for the native heap growth. Please use -XX:HeapBaseMinAddress
#     to set the Java Heap base and to place the Java Heap above 4GB virtual address.
# This output file may be truncated or incomplete.
#
#  Out of Memory Error (arena.cpp:189), pid=7060, tid=2672
#
# JRE version: OpenJDK Runtime Environment (17.0.2+8) (build 17.0.2+8-86)
# Java VM: OpenJDK 64-Bit Server VM (17.0.2+8-86, mixed mode, sharing, tiered, compressed oops, compressed class ptrs, g1 gc, windows-amd64)
# No core dump will be written. Minidumps are not enabled by default on client versions of Windows
#

---------------  S U M M A R Y ------------

Command Line: -Xmx64m -Xms64m -Dorg.gradle.appname=gradlew org.gradle.wrapper.GradleWrapperMain app:installDebug -PreactNativeDevServerPort=8081

Host: Intel(R) Core(TM) i3-4010U CPU @ 1.70GHz, 4 cores, 5G,  Windows 10 , 64 bit Build 19041 (10.0.19041.4842)
Time: Wed Oct  9 13:53:58 2024 India Standard Time elapsed time: 77.178169 seconds (0d 0h 1m 17s)

---------------  T H R E A D  ---------------

Current thread (0x000001aeac85cfb0):  JavaThread "C2 CompilerThread0" daemon [_thread_in_native, id=2672, stack(0x00000020e2900000,0x00000020e2a00000)]


Current CompileTask:
C2:  77178 1672 % !   4       java.io.BufferedReader::readLine @ 139 (327 bytes)

Stack: [0x00000020e2900000,0x00000020e2a00000]
Native frames: (J=compiled Java code, j=interpreted, Vv=VM code, C=native code)
V  [jvm.dll+0x670baa]
V  [jvm.dll+0x7cfcb4]
V  [jvm.dll+0x7d145e]
V  [jvm.dll+0x7d1ac3]
V  [jvm.dll+0x242bc5]
V  [jvm.dll+0xaa57b]
V  [jvm.dll+0xaab0c]
V  [jvm.dll+0x35fd07]
V  [jvm.dll+0x1b9982]
V  [jvm.dll+0x215de9]
V  [jvm.dll+0x2150b1]
V  [jvm.dll+0x1a1bbd]
V  [jvm.dll+0x224908]
V  [jvm.dll+0x222a6c]
V  [jvm.dll+0x7859bb]
V  [jvm.dll+0x77ff7a]
V  [jvm.dll+0x66fa35]
C  [ucrtbase.dll+0x21bb2]
C  [KERNEL32.DLL+0x17374]
C  [ntdll.dll+0x4cc91]


---------------  P R O C E S S  ---------------

Threads class SMR info:
_java_thread_list=0x000001aeae2397e0, length=14, elements={
0x000001ae91a59f10, 0x000001ae91b2ea60, 0x000001aeac83f6a0, 0x000001aeac855640,
0x000001aeac856f10, 0x000001aeac8577d0, 0x000001aeac858ab0, 0x000001aeac85cfb0,
0x000001aeac865970, 0x000001aeac871e60, 0x000001aead436fd0, 0x000001aead4442f0,
0x000001aeae291860, 0x000001aeae297330
}

Java Threads: ( => current thread )
  0x000001ae91a59f10 JavaThread "main" [_thread_blocked, id=13512, stack(0x00000020e1c00000,0x00000020e1d00000)]
  0x000001ae91b2ea60 JavaThread "Reference Handler" daemon [_thread_blocked, id=2408, stack(0x00000020e2300000,0x00000020e2400000)]
  0x000001aeac83f6a0 JavaThread "Finalizer" daemon [_thread_blocked, id=13244, stack(0x00000020e2400000,0x00000020e2500000)]
  0x000001aeac855640 JavaThread "Signal Dispatcher" daemon [_thread_blocked, id=9876, stack(0x00000020e2500000,0x00000020e2600000)]
  0x000001aeac856f10 JavaThread "Attach Listener" daemon [_thread_blocked, id=8856, stack(0x00000020e2600000,0x00000020e2700000)]
  0x000001aeac8577d0 JavaThread "Service Thread" daemon [_thread_blocked, id=1288, stack(0x00000020e2700000,0x00000020e2800000)]
  0x000001aeac858ab0 JavaThread "Monitor Deflation Thread" daemon [_thread_blocked, id=3968, stack(0x00000020e2800000,0x00000020e2900000)]
=>0x000001aeac85cfb0 JavaThread "C2 CompilerThread0" daemon [_thread_in_native, id=2672, stack(0x00000020e2900000,0x00000020e2a00000)]
  0x000001aeac865970 JavaThread "C1 CompilerThread0" daemon [_thread_blocked, id=5520, stack(0x00000020e2a00000,0x00000020e2b00000)]
  0x000001aeac871e60 JavaThread "Sweeper thread" daemon [_thread_blocked, id=3988, stack(0x00000020e2b00000,0x00000020e2c00000)]
  0x000001aead436fd0 JavaThread "Notification Thread" daemon [_thread_blocked, id=13944, stack(0x00000020e2c00000,0x00000020e2d00000)]
  0x000001aead4442f0 JavaThread "Common-Cleaner" daemon [_thread_blocked, id=13708, stack(0x00000020e2e00000,0x00000020e2f00000)]
  0x000001aeae291860 JavaThread "DisconnectableInputStream source reader" daemon [_thread_in_native, id=2792, stack(0x00000020e3400000,0x00000020e3500000)]
  0x000001aeae297330 JavaThread "C2 CompilerThread1" daemon [_thread_in_native, id=6280, stack(0x00000020e1900000,0x00000020e1a00000)]

Other Threads:
  0x000001ae91b29790 VMThread "VM Thread" [stack: 0x00000020e2200000,0x00000020e2300000] [id=9108]
  0x000001ae91a8b570 WatcherThread [stack: 0x00000020e2d00000,0x00000020e2e00000] [id=7804]
  0x000001ae91a79590 GCTaskThread "GC Thread#0" [stack: 0x00000020e1d00000,0x00000020e1e00000] [id=13256]
  0x000001aead669900 GCTaskThread "GC Thread#1" [stack: 0x00000020e2f00000,0x00000020e3000000] [id=14996]
  0x000001aead66c340 GCTaskThread "GC Thread#2" [stack: 0x00000020e3000000,0x00000020e3100000] [id=10904]
  0x000001aead66c5f0 GCTaskThread "GC Thread#3" [stack: 0x00000020e3100000,0x00000020e3200000] [id=8604]
  0x000001ae91a7abd0 ConcurrentGCThread "G1 Main Marker" [stack: 0x00000020e1e00000,0x00000020e1f00000] [id=14728]
  0x000001ae91a7bc80 ConcurrentGCThread "G1 Conc#0" [stack: 0x00000020e1f00000,0x00000020e2000000] [id=5072]
  0x000001ae91aca1b0 ConcurrentGCThread "G1 Refine#0" [stack: 0x00000020e2000000,0x00000020e2100000] [id=2824]
  0x000001ae91acb9f0 ConcurrentGCThread "G1 Service" [stack: 0x00000020e2100000,0x00000020e2200000] [id=11648]

Threads with active compile tasks:
C2 CompilerThread0    77231 1672 % !   4       java.io.BufferedReader::readLine @ 139 (327 bytes)
C2 CompilerThread1    77231 1691       4       org.gradle.internal.logging.text.AbstractLineChoppingStyledTextOutput$1::execute (140 bytes)

VM state: not at safepoint (normal execution)

VM Mutex/Monitor currently owned by a thread: None

Heap address: 0x00000000fc000000, size: 64 MB, Compressed Oops mode: 32-bit

CDS archive(s) mapped at: [0x0000000800000000-0x0000000800bc0000-0x0000000800bc0000), size 12320768, SharedBaseAddress: 0x0000000800000000, ArchiveRelocationMode: 0.
Compressed class space mapped at: 0x0000000800c00000-0x0000000840c00000, reserved size: 1073741824
Narrow klass base: 0x0000000800000000, Narrow klass shift: 0, Narrow klass range: 0x100000000

GC Precious Log:
 CPUs: 4 total, 4 available
 Memory: 6024M
 Large Page Support: Disabled
 NUMA Support: Disabled
 Compressed Oops: Enabled (32-bit)
 Heap Region Size: 1M
 Heap Min Capacity: 64M
 Heap Initial Capacity: 64M
 Heap Max Capacity: 64M
 Pre-touch: Disabled
 Parallel Workers: 4
 Concurrent Workers: 1
 Concurrent Refinement Workers: 4
 Periodic GC: Disabled

Heap:
 garbage-first heap   total 65536K, used 31887K [0x00000000fc000000, 0x0000000100000000)
  region size 1024K, 24 young (24576K), 3 survivors (3072K)
 Metaspace       used 9930K, committed 10112K, reserved 1064960K
  class space    used 1314K, committed 1408K, reserved 1048576K

Heap Regions: E=young(eden), S=young(survivor), O=old, HS=humongous(starts), HC=humongous(continues), CS=collection set, F=free, OA=open archive, CA=closed archive, TAMS=top-at-mark-start (previous, next)
|   0|0x00000000fc000000, 0x00000000fc100000, 0x00000000fc100000|100%|HS|  |TAMS 0x00000000fc000000, 0x00000000fc000000| Complete 
|   1|0x00000000fc100000, 0x00000000fc200000, 0x00000000fc200000|100%|HC|  |TAMS 0x00000000fc100000, 0x00000000fc100000| Complete 
|   2|0x00000000fc200000, 0x00000000fc300000, 0x00000000fc300000|100%|HC|  |TAMS 0x00000000fc200000, 0x00000000fc200000| Complete 
|   3|0x00000000fc300000, 0x00000000fc400000, 0x00000000fc400000|100%|HC|  |TAMS 0x00000000fc300000, 0x00000000fc300000| Complete 
|   4|0x00000000fc400000, 0x00000000fc500000, 0x00000000fc500000|100%| O|  |TAMS 0x00000000fc400000, 0x00000000fc400000| Untracked 
|   5|0x00000000fc500000, 0x00000000fc600000, 0x00000000fc600000|100%| O|  |TAMS 0x00000000fc500000, 0x00000000fc500000| Untracked 
|   6|0x00000000fc600000, 0x00000000fc700000, 0x00000000fc700000|100%| O|  |TAMS 0x00000000fc600000, 0x00000000fc600000| Untracked 
|   7|0x00000000fc700000, 0x00000000fc800000, 0x00000000fc800000|100%| O|  |TAMS 0x00000000fc700000, 0x00000000fc700000| Untracked 
|   8|0x00000000fc800000, 0x00000000fc823c00, 0x00000000fc900000| 13%| O|  |TAMS 0x00000000fc800000, 0x00000000fc800000| Untracked 
|   9|0x00000000fc900000, 0x00000000fc900000, 0x00000000fca00000|  0%| F|  |TAMS 0x00000000fc900000, 0x00000000fc900000| Untracked 
|  10|0x00000000fca00000, 0x00000000fca00000, 0x00000000fcb00000|  0%| F|  |TAMS 0x00000000fca00000, 0x00000000fca00000| Untracked 
|  11|0x00000000fcb00000, 0x00000000fcb00000, 0x00000000fcc00000|  0%| F|  |TAMS 0x00000000fcb00000, 0x00000000fcb00000| Untracked 
|  12|0x00000000fcc00000, 0x00000000fcc00000, 0x00000000fcd00000|  0%| F|  |TAMS 0x00000000fcc00000, 0x00000000fcc00000| Untracked 
|  13|0x00000000fcd00000, 0x00000000fcd00000, 0x00000000fce00000|  0%| F|  |TAMS 0x00000000fcd00000, 0x00000000fcd00000| Untracked 
|  14|0x00000000fce00000, 0x00000000fce00000, 0x00000000fcf00000|  0%| F|  |TAMS 0x00000000fce00000, 0x00000000fce00000| Untracked 
|  15|0x00000000fcf00000, 0x00000000fcf00000, 0x00000000fd000000|  0%| F|  |TAMS 0x00000000fcf00000, 0x00000000fcf00000| Untracked 
|  16|0x00000000fd000000, 0x00000000fd000000, 0x00000000fd100000|  0%| F|  |TAMS 0x00000000fd000000, 0x00000000fd000000| Untracked 
|  17|0x00000000fd100000, 0x00000000fd100000, 0x00000000fd200000|  0%| F|  |TAMS 0x00000000fd100000, 0x00000000fd100000| Untracked 
|  18|0x00000000fd200000, 0x00000000fd200000, 0x00000000fd300000|  0%| F|  |TAMS 0x00000000fd200000, 0x00000000fd200000| Untracked 
|  19|0x00000000fd300000, 0x00000000fd300000, 0x00000000fd400000|  0%| F|  |TAMS 0x00000000fd300000, 0x00000000fd300000| Untracked 
|  20|0x00000000fd400000, 0x00000000fd400000, 0x00000000fd500000|  0%| F|  |TAMS 0x00000000fd400000, 0x00000000fd400000| Untracked 
|  21|0x00000000fd500000, 0x00000000fd500000, 0x00000000fd600000|  0%| F|  |TAMS 0x00000000fd500000, 0x00000000fd500000| Untracked 
|  22|0x00000000fd600000, 0x00000000fd600000, 0x00000000fd700000|  0%| F|  |TAMS 0x00000000fd600000, 0x00000000fd600000| Untracked 
|  23|0x00000000fd700000, 0x00000000fd700000, 0x00000000fd800000|  0%| F|  |TAMS 0x00000000fd700000, 0x00000000fd700000| Untracked 
|  24|0x00000000fd800000, 0x00000000fd800000, 0x00000000fd900000|  0%| F|  |TAMS 0x00000000fd800000, 0x00000000fd800000| Untracked 
|  25|0x00000000fd900000, 0x00000000fd900000, 0x00000000fda00000|  0%| F|  |TAMS 0x00000000fd900000, 0x00000000fd900000| Untracked 
|  26|0x00000000fda00000, 0x00000000fda00000, 0x00000000fdb00000|  0%| F|  |TAMS 0x00000000fda00000, 0x00000000fda00000| Untracked 
|  27|0x00000000fdb00000, 0x00000000fdb00000, 0x00000000fdc00000|  0%| F|  |TAMS 0x00000000fdb00000, 0x00000000fdb00000| Untracked 
|  28|0x00000000fdc00000, 0x00000000fdc00000, 0x00000000fdd00000|  0%| F|  |TAMS 0x00000000fdc00000, 0x00000000fdc00000| Untracked 
|  29|0x00000000fdd00000, 0x00000000fdd00000, 0x00000000fde00000|  0%| F|  |TAMS 0x00000000fdd00000, 0x00000000fdd00000| Untracked 
|  30|0x00000000fde00000, 0x00000000fde00000, 0x00000000fdf00000|  0%| F|  |TAMS 0x00000000fde00000, 0x00000000fde00000| Untracked 
|  31|0x00000000fdf00000, 0x00000000fdf00000, 0x00000000fe000000|  0%| F|  |TAMS 0x00000000fdf00000, 0x00000000fdf00000| Untracked 
|  32|0x00000000fe000000, 0x00000000fe000000, 0x00000000fe100000|  0%| F|  |TAMS 0x00000000fe000000, 0x00000000fe000000| Untracked 
|  33|0x00000000fe100000, 0x00000000fe100000, 0x00000000fe200000|  0%| F|  |TAMS 0x00000000fe100000, 0x00000000fe100000| Untracked 
|  34|0x00000000fe200000, 0x00000000fe200000, 0x00000000fe300000|  0%| F|  |TAMS 0x00000000fe200000, 0x00000000fe200000| Untracked 
|  35|0x00000000fe300000, 0x00000000fe300000, 0x00000000fe400000|  0%| F|  |TAMS 0x00000000fe300000, 0x00000000fe300000| Untracked 
|  36|0x00000000fe400000, 0x00000000fe400000, 0x00000000fe500000|  0%| F|  |TAMS 0x00000000fe400000, 0x00000000fe400000| Untracked 
|  37|0x00000000fe500000, 0x00000000fe500000, 0x00000000fe600000|  0%| F|  |TAMS 0x00000000fe500000, 0x00000000fe500000| Untracked 
|  38|0x00000000fe600000, 0x00000000fe600000, 0x00000000fe700000|  0%| F|  |TAMS 0x00000000fe600000, 0x00000000fe600000| Untracked 
|  39|0x00000000fe700000, 0x00000000fe700000, 0x00000000fe800000|  0%| F|  |TAMS 0x00000000fe700000, 0x00000000fe700000| Untracked 
|  40|0x00000000fe800000, 0x00000000fe84fde0, 0x00000000fe900000| 31%| E|  |TAMS 0x00000000fe800000, 0x00000000fe800000| Complete 
|  41|0x00000000fe900000, 0x00000000fea00000, 0x00000000fea00000|100%| E|CS|TAMS 0x00000000fe900000, 0x00000000fe900000| Complete 
|  42|0x00000000fea00000, 0x00000000feb00000, 0x00000000feb00000|100%| E|CS|TAMS 0x00000000fea00000, 0x00000000fea00000| Complete 
|  43|0x00000000feb00000, 0x00000000fec00000, 0x00000000fec00000|100%| S|CS|TAMS 0x00000000feb00000, 0x00000000feb00000| Complete 
|  44|0x00000000fec00000, 0x00000000fed00000, 0x00000000fed00000|100%| S|CS|TAMS 0x00000000fec00000, 0x00000000fec00000| Complete 
|  45|0x00000000fed00000, 0x00000000fee00000, 0x00000000fee00000|100%| S|CS|TAMS 0x00000000fed00000, 0x00000000fed00000| Complete 
|  46|0x00000000fee00000, 0x00000000fef00000, 0x00000000fef00000|100%| E|CS|TAMS 0x00000000fee00000, 0x00000000fee00000| Complete 
|  47|0x00000000fef00000, 0x00000000ff000000, 0x00000000ff000000|100%| E|CS|TAMS 0x00000000fef00000, 0x00000000fef00000| Complete 
|  48|0x00000000ff000000, 0x00000000ff100000, 0x00000000ff100000|100%| E|CS|TAMS 0x00000000ff000000, 0x00000000ff000000| Complete 
|  49|0x00000000ff100000, 0x00000000ff200000, 0x00000000ff200000|100%| E|CS|TAMS 0x00000000ff100000, 0x00000000ff100000| Complete 
|  50|0x00000000ff200000, 0x00000000ff300000, 0x00000000ff300000|100%| E|CS|TAMS 0x00000000ff200000, 0x00000000ff200000| Complete 
|  51|0x00000000ff300000, 0x00000000ff400000, 0x00000000ff400000|100%| E|CS|TAMS 0x00000000ff300000, 0x00000000ff300000| Complete 
|  52|0x00000000ff400000, 0x00000000ff500000, 0x00000000ff500000|100%| E|CS|TAMS 0x00000000ff400000, 0x00000000ff400000| Complete 
|  53|0x00000000ff500000, 0x00000000ff600000, 0x00000000ff600000|100%| E|CS|TAMS 0x00000000ff500000, 0x00000000ff500000| Complete 
|  54|0x00000000ff600000, 0x00000000ff700000, 0x00000000ff700000|100%| E|CS|TAMS 0x00000000ff600000, 0x00000000ff600000| Complete 
|  55|0x00000000ff700000, 0x00000000ff800000, 0x00000000ff800000|100%| E|CS|TAMS 0x00000000ff700000, 0x00000000ff700000| Complete 
|  56|0x00000000ff800000, 0x00000000ff900000, 0x00000000ff900000|100%| E|CS|TAMS 0x00000000ff800000, 0x00000000ff800000| Complete 
|  57|0x00000000ff900000, 0x00000000ffa00000, 0x00000000ffa00000|100%| E|CS|TAMS 0x00000000ff900000, 0x00000000ff900000| Complete 
|  58|0x00000000ffa00000, 0x00000000ffb00000, 0x00000000ffb00000|100%| E|CS|TAMS 0x00000000ffa00000, 0x00000000ffa00000| Complete 
|  59|0x00000000ffb00000, 0x00000000ffc00000, 0x00000000ffc00000|100%| E|CS|TAMS 0x00000000ffb00000, 0x00000000ffb00000| Complete 
|  60|0x00000000ffc00000, 0x00000000ffd00000, 0x00000000ffd00000|100%| E|CS|TAMS 0x00000000ffc00000, 0x00000000ffc00000| Complete 
|  61|0x00000000ffd00000, 0x00000000ffe00000, 0x00000000ffe00000|100%| E|CS|TAMS 0x00000000ffd00000, 0x00000000ffd00000| Complete 
|  62|0x00000000ffe00000, 0x00000000fff00000, 0x00000000fff00000|100%| E|CS|TAMS 0x00000000ffe00000, 0x00000000ffe00000| Complete 
|  63|0x00000000fff00000, 0x0000000100000000, 0x0000000100000000|100%| E|CS|TAMS 0x00000000fff00000, 0x00000000fff00000| Complete 

Card table byte_map: [0x000001aeaa0e0000,0x000001aeaa100000] _byte_map_base: 0x000001aea9900000

Marking Bits (Prev, Next): (CMBitMap*) 0x000001ae91a79aa0, (CMBitMap*) 0x000001ae91a79ae0
 Prev Bits: [0x000001aeaa120000, 0x000001aeaa220000)
 Next Bits: [0x000001aeaa220000, 0x000001aeaa320000)

Polling page: 0x000001ae91b30000

Metaspace:

Usage:
  Non-class:      8.41 MB used.
      Class:      1.28 MB used.
       Both:      9.70 MB used.

Virtual space:
  Non-class space:       16.00 MB reserved,       8.50 MB ( 53%) committed,  2 nodes.
      Class space:        1.00 GB reserved,       1.38 MB ( <1%) committed,  1 nodes.
             Both:        1.02 GB reserved,       9.88 MB ( <1%) committed. 

Chunk freelists:
   Non-Class:  3.31 MB
       Class:  2.56 MB
        Both:  5.88 MB

MaxMetaspaceSize: unlimited
CompressedClassSpaceSize: 1.00 GB
Initial GC threshold: 21.00 MB
Current GC threshold: 21.00 MB
CDS: on
MetaspaceReclaimPolicy: balanced
 - commit_granule_bytes: 65536.
 - commit_granule_words: 8192.
 - virtual_space_node_default_size: 1048576.
 - enlarge_chunks_in_place: 1.
 - new_chunks_are_fully_committed: 0.
 - uncommit_free_chunks: 1.
 - use_allocation_guard: 0.
 - handle_deallocations: 1.


Internal statistics:

num_allocs_failed_limit: 0.
num_arena_births: 86.
num_arena_deaths: 0.
num_vsnodes_births: 3.
num_vsnodes_deaths: 0.
num_space_committed: 158.
num_space_uncommitted: 0.
num_chunks_returned_to_freelist: 0.
num_chunks_taken_from_freelist: 361.
num_chunk_merges: 0.
num_chunk_splits: 243.
num_chunks_enlarged: 200.
num_purges: 0.
num_inconsistent_stats: 0.

CodeHeap 'non-profiled nmethods': size=120000Kb used=618Kb max_used=618Kb free=119381Kb
 bounds [0x000001aea2560000, 0x000001aea27d0000, 0x000001aea9a90000]
CodeHeap 'profiled nmethods': size=120000Kb used=3255Kb max_used=3255Kb free=116744Kb
 bounds [0x000001ae9b030000, 0x000001ae9b360000, 0x000001aea2560000]
CodeHeap 'non-nmethods': size=5760Kb used=1174Kb max_used=1188Kb free=4585Kb
 bounds [0x000001ae9aa90000, 0x000001ae9ad00000, 0x000001ae9b030000]
 total_blobs=2165 nmethods=1696 adapters=382
 compilation: enabled
              stopped_count=0, restarted_count=0
 full_count=0

Compilation events (20 events):
Event: 77.109 Thread 0x000001aeac865970 nmethod 1680 0x000001ae9b356310 code [0x000001ae9b3564c0, 0x000001ae9b3567b8]
Event: 77.109 Thread 0x000001aeac865970 1681       3       java.util.ImmutableCollections$Set12$1::<init> (32 bytes)
Event: 77.109 Thread 0x000001aeac865970 nmethod 1681 0x000001ae9b356890 code [0x000001ae9b356a40, 0x000001ae9b356c78]
Event: 77.122 Thread 0x000001aeac865970 1686       3       jdk.internal.org.objectweb.asm.Type::getDescriptor (93 bytes)
Event: 77.123 Thread 0x000001aeac865970 nmethod 1686 0x000001ae9b356d90 code [0x000001ae9b357000, 0x000001ae9b357788]
Event: 77.124 Thread 0x000001aeac865970 1687       3       java.nio.CharBuffer::hasArray (20 bytes)
Event: 77.124 Thread 0x000001aeac865970 nmethod 1687 0x000001ae9b357a10 code [0x000001ae9b357ba0, 0x000001ae9b357d58]
Event: 77.124 Thread 0x000001aeac865970 1688       3       java.nio.ByteBuffer::hasArray (20 bytes)
Event: 77.124 Thread 0x000001aeac865970 nmethod 1688 0x000001ae9b357e10 code [0x000001ae9b357fa0, 0x000001ae9b358158]
Event: 77.124 Thread 0x000001aeac865970 1689       3       java.nio.CharBuffer::array (35 bytes)
Event: 77.125 Thread 0x000001aeac865970 nmethod 1689 0x000001ae9b358210 code [0x000001ae9b3583e0, 0x000001ae9b3586b8]
Event: 77.127 Thread 0x000001aeac865970 1693       3       java.nio.HeapCharBuffer::<init> (23 bytes)
Event: 77.127 Thread 0x000001aeac865970 nmethod 1693 0x000001ae9b358810 code [0x000001ae9b3589c0, 0x000001ae9b358b48]
Event: 77.127 Thread 0x000001aeac865970 1694       3       java.nio.CharBuffer::<init> (24 bytes)
Event: 77.128 Thread 0x000001aeac865970 nmethod 1694 0x000001ae9b358c10 code [0x000001ae9b358dc0, 0x000001ae9b358f68]
Event: 77.128 Thread 0x000001aeae297330 1690       4       org.gradle.internal.logging.text.AbstractLineChoppingStyledTextOutput$StateContext::hasChar (25 bytes)
Event: 77.129 Thread 0x000001aeae297330 nmethod 1690 0x000001aea25fa510 code [0x000001aea25fa680, 0x000001aea25fa718]
Event: 77.129 Thread 0x000001aeae297330 1691       4       org.gradle.internal.logging.text.AbstractLineChoppingStyledTextOutput$1::execute (140 bytes)
Event: 77.136 Thread 0x000001aeac865970 1695       3       java.lang.invoke.MethodHandles$Lookup::in (283 bytes)
Event: 77.140 Thread 0x000001aeac865970 nmethod 1695 0x000001ae9b359010 code [0x000001ae9b359440, 0x000001ae9b35af28]

GC Heap History (4 events):
Event: 0.920 GC heap before
{Heap before GC invocations=0 (full 0):
 garbage-first heap   total 65536K, used 12288K [0x00000000fc000000, 0x0000000100000000)
  region size 1024K, 13 young (13312K), 0 survivors (0K)
 Metaspace       used 1638K, committed 1792K, reserved 1056768K
  class space    used 152K, committed 192K, reserved 1048576K
}
Event: 0.928 GC heap after
{Heap after GC invocations=1 (full 0):
 garbage-first heap   total 65536K, used 1944K [0x00000000fc000000, 0x0000000100000000)
  region size 1024K, 2 young (2048K), 2 survivors (2048K)
 Metaspace       used 1638K, committed 1792K, reserved 1056768K
  class space    used 152K, committed 192K, reserved 1048576K
}
Event: 1.931 GC heap before
{Heap before GC invocations=1 (full 0):
 garbage-first heap   total 65536K, used 21400K [0x00000000fc000000, 0x0000000100000000)
  region size 1024K, 18 young (18432K), 2 survivors (2048K)
 Metaspace       used 4179K, committed 4288K, reserved 1056768K
  class space    used 538K, committed 576K, reserved 1048576K
}
Event: 1.946 GC heap after
{Heap after GC invocations=2 (full 0):
 garbage-first heap   total 65536K, used 11407K [0x00000000fc000000, 0x0000000100000000)
  region size 1024K, 3 young (3072K), 3 survivors (3072K)
 Metaspace       used 4179K, committed 4288K, reserved 1056768K
  class space    used 538K, committed 576K, reserved 1048576K
}

Deoptimization events (20 events):
Event: 2.371 Thread 0x000001ae91a59f10 DEOPT PACKING pc=0x000001aea25d43b0 sp=0x00000020e1cfac00
Event: 2.371 Thread 0x000001ae91a59f10 DEOPT UNPACKING pc=0x000001ae9aae23a3 sp=0x00000020e1cfaba0 mode 2
Event: 2.871 Thread 0x000001ae91a59f10 Uncommon trap: trap_request=0xffffff45 fr.pc=0x000001aea259d3e0 relative=0x0000000000000620
Event: 2.871 Thread 0x000001ae91a59f10 Uncommon trap: reason=unstable_if action=reinterpret pc=0x000001aea259d3e0 method=java.lang.AbstractStringBuilder.append(Ljava/lang/String;)Ljava/lang/AbstractStringBuilder; @ 1 c2
Event: 2.871 Thread 0x000001ae91a59f10 DEOPT PACKING pc=0x000001aea259d3e0 sp=0x00000020e1cfc430
Event: 2.871 Thread 0x000001ae91a59f10 DEOPT UNPACKING pc=0x000001ae9aae23a3 sp=0x00000020e1cfc3b0 mode 2
Event: 2.925 Thread 0x000001ae91a59f10 Uncommon trap: trap_request=0xffffff45 fr.pc=0x000001aea2599f8c relative=0x0000000000000aec
Event: 2.925 Thread 0x000001ae91a59f10 Uncommon trap: reason=unstable_if action=reinterpret pc=0x000001aea2599f8c method=java.util.HashMap.putVal(ILjava/lang/Object;Ljava/lang/Object;ZZ)Ljava/lang/Object; @ 162 c2
Event: 2.925 Thread 0x000001ae91a59f10 DEOPT PACKING pc=0x000001aea2599f8c sp=0x00000020e1cfa3b0
Event: 2.926 Thread 0x000001ae91a59f10 DEOPT UNPACKING pc=0x000001ae9aae23a3 sp=0x00000020e1cfa2e8 mode 2
Event: 3.027 Thread 0x000001ae91a59f10 DEOPT PACKING pc=0x000001ae9b111fe8 sp=0x00000020e1cf71f0
Event: 3.027 Thread 0x000001ae91a59f10 DEOPT UNPACKING pc=0x000001ae9aae2b43 sp=0x00000020e1cf6680 mode 0
Event: 3.032 Thread 0x000001ae91a59f10 Uncommon trap: trap_request=0xffffff45 fr.pc=0x000001aea25b9ae8 relative=0x0000000000000408
Event: 3.032 Thread 0x000001ae91a59f10 Uncommon trap: reason=unstable_if action=reinterpret pc=0x000001aea25b9ae8 method=java.util.regex.Matcher.match(II)Z @ 76 c2
Event: 3.032 Thread 0x000001ae91a59f10 DEOPT PACKING pc=0x000001aea25b9ae8 sp=0x00000020e1cfb700
Event: 3.032 Thread 0x000001ae91a59f10 DEOPT UNPACKING pc=0x000001ae9aae23a3 sp=0x00000020e1cfb6b8 mode 2
Event: 77.094 Thread 0x000001ae91a59f10 Uncommon trap: trap_request=0xffffff45 fr.pc=0x000001aea25f5674 relative=0x0000000000000154
Event: 77.094 Thread 0x000001ae91a59f10 Uncommon trap: reason=unstable_if action=reinterpret pc=0x000001aea25f5674 method=com.esotericsoftware.kryo.io.Input.require(I)I @ 180 c2
Event: 77.094 Thread 0x000001ae91a59f10 DEOPT PACKING pc=0x000001aea25f5674 sp=0x00000020e1cfc440
Event: 77.094 Thread 0x000001ae91a59f10 DEOPT UNPACKING pc=0x000001ae9aae23a3 sp=0x00000020e1cfc3e8 mode 2

Classes unloaded (0 events):
No events

Classes redefined (0 events):
No events

Internal exceptions (20 events):
Event: 1.804 Thread 0x000001ae91a59f10 Exception <a 'java/lang/NoClassDefFoundError'{0x00000000fef05e18}: org/slf4j/impl/StaticMarkerBinder> (0x00000000fef05e18) 
thrown [t:\workspace\open\src\hotspot\share\classfile\systemDictionary.cpp, line 245]
Event: 1.831 Thread 0x000001ae91a59f10 Exception <a 'java/lang/NoSuchMethodError'{0x00000000fef77b90}: 'java.lang.Object java.lang.invoke.DirectMethodHandle$Holder.invokeVirtual(java.lang.Object, java.lang.Object, java.lang.Object)'> (0x00000000fef77b90) 
thrown [t:\workspace\open\src\hotspot\share\interpreter\linkResolver.cpp, line 766]
Event: 1.847 Thread 0x000001ae91a59f10 Exception <a 'java/lang/NoSuchMethodError'{0x00000000fefbef40}: 'java.lang.Object java.lang.invoke.DirectMethodHandle$Holder.invokeVirtual(java.lang.Object, java.lang.Object, java.lang.Object, java.lang.Object, java.lang.Object, java.lang.Object, java.lang.Object)'> (0x00000000fefbef40) 
thrown [t:\workspace\open\src\hotspot\share\interpreter\linkResolver.cpp, line 766]
Event: 1.852 Thread 0x000001ae91a59f10 Exception <a 'java/lang/NoSuchMethodError'{0x00000000fefd0568}: 'java.lang.Object java.lang.invoke.Invokers$Holder.invoker(java.lang.Object, java.lang.Object, java.lang.Object)'> (0x00000000fefd0568) 
thrown [t:\workspace\open\src\hotspot\share\interpreter\linkResolver.cpp, line 766]
Event: 1.856 Thread 0x000001ae91a59f10 Exception <a 'java/lang/NoSuchMethodError'{0x00000000fefd94e0}: 'java.lang.Object java.lang.invoke.DirectMethodHandle$Holder.invokeStatic(java.lang.Object, java.lang.Object, int)'> (0x00000000fefd94e0) 
thrown [t:\workspace\open\src\hotspot\share\interpreter\linkResolver.cpp, line 766]
Event: 1.859 Thread 0x000001ae91a59f10 Exception <a 'java/lang/NoSuchMethodError'{0x00000000fefe51d0}: 'void java.lang.invoke.DelegatingMethodHandle$Holder.delegate(java.lang.Object, java.lang.Object, int, java.lang.Object)'> (0x00000000fefe51d0) 
thrown [t:\workspace\open\src\hotspot\share\interpreter\linkResolver.cpp, line 766]
Event: 1.860 Thread 0x000001ae91a59f10 Exception <a 'java/lang/NoSuchMethodError'{0x00000000fefe9318}: 'int java.lang.invoke.DirectMethodHandle$Holder.invokeSpecial(java.lang.Object, java.lang.Object, java.lang.Object)'> (0x00000000fefe9318) 
thrown [t:\workspace\open\src\hotspot\share\interpreter\linkResolver.cpp, line 766]
Event: 1.866 Thread 0x000001ae91a59f10 Exception <a 'java/lang/NoSuchMethodError'{0x00000000feffc728}: 'java.lang.Object java.lang.invoke.Invokers$Holder.invokeExact_MT(java.lang.Object, java.lang.Object, java.lang.Object, java.lang.Object)'> (0x00000000feffc728) 
thrown [t:\workspace\open\src\hotspot\share\interpreter\linkResolver.cpp, line 766]
Event: 2.228 Thread 0x000001ae91a59f10 Exception <a 'java/lang/NoSuchMethodError'{0x00000000ff92d060}: 'void java.lang.invoke.DirectMethodHandle$Holder.invokeSpecial(java.lang.Object, java.lang.Object, java.lang.Object)'> (0x00000000ff92d060) 
thrown [t:\workspace\open\src\hotspot\share\interpreter\linkResolver.cpp, line 766]
Event: 2.253 Thread 0x000001ae91a59f10 Implicit null exception at 0x000001aea25b7fac to 0x000001aea25b83e8
Event: 2.253 Thread 0x000001ae91a59f10 Implicit null exception at 0x000001aea25a082c to 0x000001aea25a0c54
Event: 2.304 Thread 0x000001ae91a59f10 Exception <a 'java/lang/NoSuchMethodError'{0x00000000ff8a9cf0}: 'java.lang.Object java.lang.invoke.DirectMethodHandle$Holder.invokeStaticInit(java.lang.Object)'> (0x00000000ff8a9cf0) 
thrown [t:\workspace\open\src\hotspot\share\interpreter\linkResolver.cpp, line 766]
Event: 2.360 Thread 0x000001ae91a59f10 Exception <a 'java/lang/NoSuchMethodError'{0x00000000ff73f938}: 'int java.lang.invoke.DirectMethodHandle$Holder.invokeVirtual(java.lang.Object, java.lang.Object, java.lang.Object)'> (0x00000000ff73f938) 
thrown [t:\workspace\open\src\hotspot\share\interpreter\linkResolver.cpp, line 766]
Event: 2.548 Thread 0x000001ae91a59f10 Exception <a 'java/lang/NoSuchMethodError'{0x00000000ff3eec40}: 'java.lang.Object java.lang.invoke.DirectMethodHandle$Holder.invokeStaticInit(java.lang.Object, int, int, int, int)'> (0x00000000ff3eec40) 
thrown [t:\workspace\open\src\hotspot\share\interpreter\linkResolver.cpp, line 766]
Event: 2.628 Thread 0x000001ae91a59f10 Exception <a 'java/lang/NoSuchMethodError'{0x00000000ff21fbd0}: 'java.lang.Object java.lang.invoke.DirectMethodHandle$Holder.invokeStaticInit(java.lang.Object, java.lang.Object, int, int, int, int)'> (0x00000000ff21fbd0) 
thrown [t:\workspace\open\src\hotspot\share\interpreter\linkResolver.cpp, line 766]
Event: 2.838 Thread 0x000001ae91a59f10 Exception <a 'java/lang/NoSuchMethodError'{0x00000000ff250100}: 'void java.lang.invoke.DirectMethodHandle$Holder.invokeStatic(java.lang.Object, java.lang.Object, java.lang.Object)'> (0x00000000ff250100) 
thrown [t:\workspace\open\src\hotspot\share\interpreter\linkResolver.cpp, line 766]
Event: 2.871 Thread 0x000001ae91a59f10 Implicit null exception at 0x000001aea259cdf2 to 0x000001aea259d3c8
Event: 77.093 Thread 0x000001ae91a59f10 Exception <a 'sun/net/ConnectionResetException'{0x00000000fee657d0}: Connection reset> (0x00000000fee657d0) 
thrown [t:\workspace\open\src\hotspot\share\prims\jni.cpp, line 535]
Event: 77.106 Thread 0x000001ae91a59f10 Exception <a 'java/lang/NoSuchMethodError'{0x00000000fe977bd8}: 'int java.lang.invoke.DirectMethodHandle$Holder.invokeVirtual(java.lang.Object, java.lang.Object)'> (0x00000000fe977bd8) 
thrown [t:\workspace\open\src\hotspot\share\interpreter\linkResolver.cpp, line 766]
Event: 77.118 Thread 0x000001aeae2edfb0 Exception <a 'java/io/IOException'{0x00000000fef843e0}: Connection reset by peer> (0x00000000fef843e0) 
thrown [t:\workspace\open\src\hotspot\share\prims\jni.cpp, line 535]

VM Operations (20 events):
Event: 46.651 Executing VM operation: Cleanup
Event: 46.651 Executing VM operation: Cleanup done
Event: 47.657 Executing VM operation: Cleanup
Event: 47.657 Executing VM operation: Cleanup done
Event: 49.664 Executing VM operation: Cleanup
Event: 49.665 Executing VM operation: Cleanup done
Event: 51.679 Executing VM operation: Cleanup
Event: 51.679 Executing VM operation: Cleanup done
Event: 54.683 Executing VM operation: Cleanup
Event: 54.684 Executing VM operation: Cleanup done
Event: 56.701 Executing VM operation: Cleanup
Event: 56.701 Executing VM operation: Cleanup done
Event: 57.711 Executing VM operation: Cleanup
Event: 57.711 Executing VM operation: Cleanup done
Event: 59.713 Executing VM operation: Cleanup
Event: 59.713 Executing VM operation: Cleanup done
Event: 62.742 Executing VM operation: Cleanup
Event: 62.743 Executing VM operation: Cleanup done
Event: 70.803 Executing VM operation: Cleanup
Event: 70.803 Executing VM operation: Cleanup done

Events (20 events):
Event: 44.746 loading class sun/util/logging/PlatformLogger$ConfigurableBridge$LoggerConfiguration done
Event: 44.747 loading class sun/util/logging/internal/LoggingProviderImpl$JULWrapper done
Event: 44.747 loading class java/io/ObjectInputFilter
Event: 44.747 loading class java/io/ObjectInputFilter done
Event: 44.748 loading class java/io/ObjectInputFilter$Config$BuiltinFilterFactory
Event: 44.748 loading class java/io/ObjectInputFilter$Config$BuiltinFilterFactory done
Event: 44.748 loading class jdk/internal/access/JavaObjectInputFilterAccess
Event: 44.748 loading class jdk/internal/access/JavaObjectInputFilterAccess done
Event: 44.749 loading class java/lang/System$Logger$Level
Event: 44.749 loading class java/lang/System$Logger$Level done
Event: 44.750 loading class java/io/Bits
Event: 44.750 loading class java/io/Bits done
Event: 77.093 loading class sun/net/ConnectionResetException
Event: 77.093 loading class sun/net/ConnectionResetException done
Event: 77.110 loading class java/util/concurrent/locks/AbstractQueuedSynchronizer$ExclusiveNode
Event: 77.110 loading class java/util/concurrent/locks/AbstractQueuedSynchronizer$ExclusiveNode done
Event: 77.119 Thread 0x000001aeae2edfb0 Thread exited: 0x000001aeae2edfb0
Event: 77.121 loading class java/util/concurrent/ConcurrentLinkedQueue$Itr
Event: 77.121 loading class java/util/concurrent/ConcurrentLinkedQueue$Itr done
Event: 77.127 Thread 0x000001aeae297330 Thread added: 0x000001aeae297330


Dynamic libraries:
0x00007ff7b2d40000 - 0x00007ff7b2d4e000 	C:\Program Files\Microsoft\jdk-17.0.2\bin\java.exe
0x00007ff97f630000 - 0x00007ff97f828000 	C:\Windows\SYSTEM32\ntdll.dll
0x00007ff97e870000 - 0x00007ff97e931000 	C:\Windows\System32\KERNEL32.DLL
0x00007ff97d1c0000 - 0x00007ff97d4bd000 	C:\Windows\System32\KERNELBASE.dll
0x00007ff97d4f0000 - 0x00007ff97d5f0000 	C:\Windows\System32\ucrtbase.dll
0x00007ff971900000 - 0x00007ff971918000 	C:\Program Files\Microsoft\jdk-17.0.2\bin\jli.dll
0x00007ff9718c0000 - 0x00007ff9718da000 	C:\Program Files\Microsoft\jdk-17.0.2\bin\VCRUNTIME140.dll
0x00007ff97ebf0000 - 0x00007ff97ed8d000 	C:\Windows\System32\USER32.dll
0x00007ff97cce0000 - 0x00007ff97cd02000 	C:\Windows\System32\win32u.dll
0x00007ff96fc30000 - 0x00007ff96feca000 	C:\Windows\WinSxS\amd64_microsoft.windows.common-controls_6595b64144ccf1df_6.0.19041.4355_none_60b8b9eb71f62e16\COMCTL32.dll
0x00007ff97de90000 - 0x00007ff97debb000 	C:\Windows\System32\GDI32.dll
0x00007ff97cdf0000 - 0x00007ff97cf07000 	C:\Windows\System32\gdi32full.dll
0x00007ff97d120000 - 0x00007ff97d1bd000 	C:\Windows\System32\msvcp_win.dll
0x00007ff97dfd0000 - 0x00007ff97e06e000 	C:\Windows\System32\msvcrt.dll
0x00007ff97dd50000 - 0x00007ff97dd7f000 	C:\Windows\System32\IMM32.DLL
0x00007ff975510000 - 0x00007ff97551c000 	C:\Program Files\Microsoft\jdk-17.0.2\bin\vcruntime140_1.dll
0x00007ff939a20000 - 0x00007ff939aad000 	C:\Program Files\Microsoft\jdk-17.0.2\bin\msvcp140.dll
0x00007ff932340000 - 0x00007ff932f01000 	C:\Program Files\Microsoft\jdk-17.0.2\bin\server\jvm.dll
0x00007ff97daf0000 - 0x00007ff97dba0000 	C:\Windows\System32\ADVAPI32.dll
0x00007ff97e940000 - 0x00007ff97e9e0000 	C:\Windows\System32\sechost.dll
0x00007ff97e9e0000 - 0x00007ff97eb03000 	C:\Windows\System32\RPCRT4.dll
0x00007ff97d4c0000 - 0x00007ff97d4e7000 	C:\Windows\System32\bcrypt.dll
0x00007ff97dde0000 - 0x00007ff97dde8000 	C:\Windows\System32\PSAPI.DLL
0x00007ff9718b0000 - 0x00007ff9718b9000 	C:\Windows\SYSTEM32\WSOCK32.dll
0x00007ff97f580000 - 0x00007ff97f5eb000 	C:\Windows\System32\WS2_32.dll
0x00007ff973b00000 - 0x00007ff973b0a000 	C:\Windows\SYSTEM32\VERSION.dll
0x00007ff973050000 - 0x00007ff973077000 	C:\Windows\SYSTEM32\WINMM.dll
0x00007ff97ab60000 - 0x00007ff97ab72000 	C:\Windows\SYSTEM32\kernel.appcore.dll
0x00007ff96c610000 - 0x00007ff96c61a000 	C:\Program Files\Microsoft\jdk-17.0.2\bin\jimage.dll
0x00007ff96a310000 - 0x00007ff96a4f4000 	C:\Windows\SYSTEM32\DBGHELP.DLL
0x00007ff96a050000 - 0x00007ff96a084000 	C:\Windows\SYSTEM32\dbgcore.DLL
0x00007ff97cd60000 - 0x00007ff97cde2000 	C:\Windows\System32\bcryptPrimitives.dll
0x00007ff93b2e0000 - 0x00007ff93b305000 	C:\Program Files\Microsoft\jdk-17.0.2\bin\java.dll
0x00007ff932140000 - 0x00007ff932216000 	C:\Program Files\Microsoft\jdk-17.0.2\bin\jsvml.dll
0x00007ff97ed90000 - 0x00007ff97f4ff000 	C:\Windows\System32\SHELL32.dll
0x00007ff97ad60000 - 0x00007ff97b503000 	C:\Windows\SYSTEM32\windows.storage.dll
0x00007ff97d790000 - 0x00007ff97dae3000 	C:\Windows\System32\combase.dll
0x00007ff97c710000 - 0x00007ff97c73e000 	C:\Windows\SYSTEM32\Wldp.dll
0x00007ff97d660000 - 0x00007ff97d72d000 	C:\Windows\System32\OLEAUT32.dll
0x00007ff97e350000 - 0x00007ff97e3fd000 	C:\Windows\System32\SHCORE.dll
0x00007ff97dec0000 - 0x00007ff97df15000 	C:\Windows\System32\shlwapi.dll
0x00007ff97cc10000 - 0x00007ff97cc34000 	C:\Windows\SYSTEM32\profapi.dll
0x00007ff964570000 - 0x00007ff964589000 	C:\Program Files\Microsoft\jdk-17.0.2\bin\net.dll
0x00007ff976700000 - 0x00007ff97680d000 	C:\Windows\SYSTEM32\WINHTTP.dll
0x00007ff97c470000 - 0x00007ff97c4da000 	C:\Windows\system32\mswsock.dll
0x00007ff9620c0000 - 0x00007ff9620d6000 	C:\Program Files\Microsoft\jdk-17.0.2\bin\nio.dll
0x00007ff9620a0000 - 0x00007ff9620b8000 	C:\Program Files\Microsoft\jdk-17.0.2\bin\zip.dll
0x00007ff96c8c0000 - 0x00007ff96c8d0000 	C:\Program Files\Microsoft\jdk-17.0.2\bin\verify.dll
0x00007ff95a670000 - 0x00007ff95a697000 	C:\Users\aanan\.gradle\native\c067742578af261105cb4f569cf0c3c89f3d7b1fecec35dd04571415982c5e48\windows-amd64\native-platform.dll
0x00007ff979360000 - 0x00007ff97936a000 	C:\Users\aanan\.gradle\native\jansi\1.18\windows64\jansi.dll
0x00007ff965570000 - 0x00007ff965579000 	C:\Program Files\Microsoft\jdk-17.0.2\bin\management.dll
0x00007ff965240000 - 0x00007ff96524b000 	C:\Program Files\Microsoft\jdk-17.0.2\bin\management_ext.dll
0x00007ff97c670000 - 0x00007ff97c688000 	C:\Windows\SYSTEM32\CRYPTSP.dll
0x00007ff97bd20000 - 0x00007ff97bd54000 	C:\Windows\system32\rsaenh.dll
0x00007ff97cbd0000 - 0x00007ff97cbfe000 	C:\Windows\SYSTEM32\USERENV.dll
0x00007ff97c660000 - 0x00007ff97c66c000 	C:\Windows\SYSTEM32\CRYPTBASE.dll
0x00007ff97c100000 - 0x00007ff97c13b000 	C:\Windows\SYSTEM32\IPHLPAPI.DLL
0x00007ff97de80000 - 0x00007ff97de88000 	C:\Windows\System32\NSI.dll
0x00007ff974cf0000 - 0x00007ff974d07000 	C:\Windows\SYSTEM32\dhcpcsvc6.DLL
0x00007ff975b60000 - 0x00007ff975b7d000 	C:\Windows\SYSTEM32\dhcpcsvc.DLL
0x00007ff97c140000 - 0x00007ff97c20a000 	C:\Windows\SYSTEM32\DNSAPI.dll
0x00007ff965090000 - 0x00007ff96509e000 	C:\Program Files\Microsoft\jdk-17.0.2\bin\sunmscapi.dll
0x00007ff97cf10000 - 0x00007ff97d06c000 	C:\Windows\System32\CRYPT32.dll
0x00007ff97c780000 - 0x00007ff97c7a9000 	C:\Windows\SYSTEM32\ncrypt.dll
0x00007ff97c740000 - 0x00007ff97c77b000 	C:\Windows\SYSTEM32\NTASN1.dll
0x00007ff964eb0000 - 0x00007ff964eb7000 	C:\Windows\system32\wshunix.dll

dbghelp: loaded successfully - version: 4.0.5 - missing functions: none
symbol engine: initialized successfully - sym options: 0x614 - pdb path: .;C:\Program Files\Microsoft\jdk-17.0.2\bin;C:\Windows\SYSTEM32;C:\Windows\WinSxS\amd64_microsoft.windows.common-controls_6595b64144ccf1df_6.0.19041.4355_none_60b8b9eb71f62e16;C:\Program Files\Microsoft\jdk-17.0.2\bin\server;C:\Users\aanan\.gradle\native\c067742578af261105cb4f569cf0c3c89f3d7b1fecec35dd04571415982c5e48\windows-amd64;C:\Users\aanan\.gradle\native\jansi\1.18\windows64

VM Arguments:
jvm_args: -Xmx64m -Xms64m -Dorg.gradle.appname=gradlew 
java_command: org.gradle.wrapper.GradleWrapperMain app:installDebug -PreactNativeDevServerPort=8081
java_class_path (initial): C:\Users\aanan\Desktop\GitUsers\android\\gradle\wrapper\gradle-wrapper.jar
Launcher Type: SUN_STANDARD

[Global flags]
     intx CICompilerCount                          = 3                                         {product} {ergonomic}
     uint ConcGCThreads                            = 1                                         {product} {ergonomic}
     uint G1ConcRefinementThreads                  = 4                                         {product} {ergonomic}
   size_t G1HeapRegionSize                         = 1048576                                   {product} {ergonomic}
    uintx GCDrainStackTargetSize                   = 64                                        {product} {ergonomic}
   size_t InitialHeapSize                          = 67108864                                  {product} {command line}
   size_t MarkStackSize                            = 4194304                                   {product} {ergonomic}
   size_t MaxHeapSize                              = 67108864                                  {product} {command line}
   size_t MaxNewSize                               = 39845888                                  {product} {ergonomic}
   size_t MinHeapDeltaBytes                        = 1048576                                   {product} {ergonomic}
   size_t MinHeapSize                              = 67108864                                  {product} {command line}
    uintx NonNMethodCodeHeapSize                   = 5832780                                {pd product} {ergonomic}
    uintx NonProfiledCodeHeapSize                  = 122912730                              {pd product} {ergonomic}
    uintx ProfiledCodeHeapSize                     = 122912730                              {pd product} {ergonomic}
    uintx ReservedCodeCacheSize                    = 251658240                              {pd product} {ergonomic}
     bool SegmentedCodeCache                       = true                                      {product} {ergonomic}
   size_t SoftMaxHeapSize                          = 67108864                               {manageable} {ergonomic}
     bool UseCompressedClassPointers               = true                           {product lp64_product} {ergonomic}
     bool UseCompressedOops                        = true                           {product lp64_product} {ergonomic}
     bool UseG1GC                                  = true                                      {product} {ergonomic}
     bool UseLargePagesIndividualAllocation        = false                                  {pd product} {ergonomic}

Logging:
Log output configuration:
 #0: stdout all=warning uptime,level,tags
 #1: stderr all=off uptime,level,tags

Environment Variables:
JAVA_HOME=C:\Program Files\Microsoft\jdk-17.0.2
CLASSPATH=C:\Users\aanan\Desktop\GitUsers\android\\gradle\wrapper\gradle-wrapper.jar
PATH=C:\Users\aanan\Desktop\GitUsers\node_modules\.bin;C:\Users\aanan\Desktop\node_modules\.bin;C:\Users\aanan\node_modules\.bin;C:\Users\node_modules\.bin;C:\node_modules\.bin;C:\Users\aanan\AppData\Roaming\nvm\v20.11.1\node_modules\npm\node_modules\@npmcli\run-script\lib\node-gyp-bin;C:\Program Files (x86)\Intel\iCLS Client\;C:\Program Files\Intel\iCLS Client\;C:\Windows\system32;C:\Windows;C:\Windows\System32\Wbem;C:\Windows\System32\WindowsPowerShell\v1.0\;C:\Windows\System32\OpenSSH\;C:\Program Files\dotnet\;C:\Program Files\Intel\Intel(R) Management Engine Components\DAL;C:\Program Files\Intel\Intel(R) Management Engine Components\IPT;C:\Program Files (x86)\Intel\Intel(R) Management Engine Components\DAL;C:\Program Files (x86)\Intel\Intel(R) Management Engine Components\IPT;C:\ProgramData\chocolatey\bin;C:\Users\aanan\AppData\Local\Android\Sdk\platform-tools;C:\Program Files\Git\cmd;C:\Program Files\Git\mingw64\bin;C:\Program Files\Git\usr\bin;C:\Program Files\Microsoft\jdk-17.0.2\bin;C:\Users\aanan\AppData\Roaming\nvm;C:\Program Files\nodejs;C:\Program Files\MongoDB\Server\7.0\bin;C:\Users\aanan\AppData\Local\Microsoft\WindowsApps;C:\Users\aanan\AppData\Local\Programs\Microsoft VS Code\bin;C:\Users\aanan\AppData\Roaming\npm;C:\Users\aanan\AppData\Roaming\nvm;C:\Program Files\nodejs;C:\Program Files\mongosh\
USERNAME=Devendra
OS=Windows_NT
PROCESSOR_IDENTIFIER=Intel64 Family 6 Model 69 Stepping 1, GenuineIntel



---------------  S Y S T E M  ---------------

OS:
 Windows 10 , 64 bit Build 19041 (10.0.19041.4842)
OS uptime: 0 days 18:34 hours

CPU: total 4 (initial active 4) (2 cores per cpu, 2 threads per core) family 6 model 69 stepping 1 microcode 0x25, cx8, cmov, fxsr, ht, mmx, sse, sse2, sse3, ssse3, sse4.1, sse4.2, popcnt, lzcnt, tsc, tscinvbit, avx, avx2, aes, erms, clmul, bmi1, bmi2, fma, vzeroupper, clflush

Memory: 4k page, system-wide physical 6024M (717M free)
TotalPageFile size 8072M (AvailPageFile size 10M)
current process WorkingSet (physical memory assigned to process): 89M, peak: 89M
current process commit charge ("private bytes"): 158M, peak: 159M

vm_info: OpenJDK 64-Bit Server VM (17.0.2+8-86) for windows-amd64 JRE (17.0.2+8-86), built on Dec  7 2021 21:49:10 by "mach5one" with MS VC++ 16.8 / 16.9 (VS2019)

END.
