#
# There is insufficient memory for the Java Runtime Environment to continue.
# Native memory allocation (malloc) failed to allocate 152256 bytes for Chunk::new
# Possible reasons:
#   The system is out of physical RAM or swap space
#   The process is running with CompressedOops enabled, and the Java Heap may be blocking the growth of the native heap
# Possible solutions:
#   Reduce memory load on the system
#   Increase physical memory or swap space
#   Check if swap backing store is full
#   Decrease Java heap size (-Xmx/-Xms)
#   Decrease number of Java threads
#   Decrease Java thread stack sizes (-Xss)
#   Set larger code cache with -XX:ReservedCodeCacheSize=
#   JVM is running with Unscaled Compressed Oops mode in which the Java heap is
#     placed in the first 4GB address space. The Java Heap base address is the
#     maximum limit for the native heap growth. Please use -XX:HeapBaseMinAddress
#     to set the Java Heap base and to place the Java Heap above 4GB virtual address.
# This output file may be truncated or incomplete.
#
#  Out of Memory Error (arena.cpp:189), pid=10124, tid=8996
#
# JRE version: OpenJDK Runtime Environment (17.0.2+8) (build 17.0.2+8-86)
# Java VM: OpenJDK 64-Bit Server VM (17.0.2+8-86, mixed mode, sharing, tiered, compressed oops, compressed class ptrs, g1 gc, windows-amd64)
# No core dump will be written. Minidumps are not enabled by default on client versions of Windows
#

---------------  S U M M A R Y ------------

Command Line: -Xmx64m -Xms64m -Dorg.gradle.appname=gradlew org.gradle.wrapper.GradleWrapperMain clean

Host: Intel(R) Core(TM) i3-4010U CPU @ 1.70GHz, 4 cores, 5G,  Windows 10 , 64 bit Build 19041 (10.0.19041.4842)
Time: Wed Oct  9 19:34:36 2024 India Standard Time elapsed time: 39.104370 seconds (0d 0h 0m 39s)

---------------  T H R E A D  ---------------

Current thread (0x000001fb5ea4b040):  JavaThread "C2 CompilerThread1" daemon [_thread_in_native, id=8996, stack(0x000000b32e600000,0x000000b32e700000)]


Current CompileTask:
C2:  39104 1786       4       org.gradle.internal.logging.text.AbstractLineChoppingStyledTextOutput$1::execute (140 bytes)

Stack: [0x000000b32e600000,0x000000b32e700000]
Native frames: (J=compiled Java code, j=interpreted, Vv=VM code, C=native code)
V  [jvm.dll+0x670baa]
V  [jvm.dll+0x7cfcb4]
V  [jvm.dll+0x7d145e]
V  [jvm.dll+0x7d1ac3]
V  [jvm.dll+0x242bc5]
V  [jvm.dll+0xaa57b]
V  [jvm.dll+0xaab0c]
V  [jvm.dll+0x35fd07]
V  [jvm.dll+0x32a331]
V  [jvm.dll+0x3297da]
V  [jvm.dll+0x215c91]
V  [jvm.dll+0x2150b1]
V  [jvm.dll+0x1a1bbd]
V  [jvm.dll+0x224908]
V  [jvm.dll+0x222a6c]
V  [jvm.dll+0x7859bb]
V  [jvm.dll+0x77ff7a]
V  [jvm.dll+0x66fa35]
C  [ucrtbase.dll+0x21bb2]
C  [KERNEL32.DLL+0x17374]
C  [ntdll.dll+0x4cc91]


---------------  P R O C E S S  ---------------

Threads class SMR info:
_java_thread_list=0x000001fb5dc5b380, length=15, elements={
0x000001fb440e5230, 0x000001fb441ba860, 0x000001fb441bb6d0, 0x000001fb5cf9ae00,
0x000001fb5cf9f7e0, 0x000001fb5cfa0190, 0x000001fb5cfa0f50, 0x000001fb5cfb0450,
0x000001fb5cfa5480, 0x000001fb5cfdad80, 0x000001fb5dc98030, 0x000001fb5dc9b980,
0x000001fb5ea0d7a0, 0x000001fb5eb67530, 0x000001fb5ea4b040
}

Java Threads: ( => current thread )
  0x000001fb440e5230 JavaThread "main" [_thread_in_native, id=4608, stack(0x000000b32cd00000,0x000000b32ce00000)]
  0x000001fb441ba860 JavaThread "Reference Handler" daemon [_thread_blocked, id=13872, stack(0x000000b32d400000,0x000000b32d500000)]
  0x000001fb441bb6d0 JavaThread "Finalizer" daemon [_thread_blocked, id=2972, stack(0x000000b32d500000,0x000000b32d600000)]
  0x000001fb5cf9ae00 JavaThread "Signal Dispatcher" daemon [_thread_blocked, id=13324, stack(0x000000b32d600000,0x000000b32d700000)]
  0x000001fb5cf9f7e0 JavaThread "Attach Listener" daemon [_thread_blocked, id=3420, stack(0x000000b32d700000,0x000000b32d800000)]
  0x000001fb5cfa0190 JavaThread "Service Thread" daemon [_thread_blocked, id=9496, stack(0x000000b32d800000,0x000000b32d900000)]
  0x000001fb5cfa0f50 JavaThread "Monitor Deflation Thread" daemon [_thread_blocked, id=7924, stack(0x000000b32d900000,0x000000b32da00000)]
  0x000001fb5cfb0450 JavaThread "C2 CompilerThread0" daemon [_thread_in_native, id=5800, stack(0x000000b32da00000,0x000000b32db00000)]
  0x000001fb5cfa5480 JavaThread "C1 CompilerThread0" daemon [_thread_blocked, id=9676, stack(0x000000b32db00000,0x000000b32dc00000)]
  0x000001fb5cfdad80 JavaThread "Sweeper thread" daemon [_thread_blocked, id=1172, stack(0x000000b32dc00000,0x000000b32dd00000)]
  0x000001fb5dc98030 JavaThread "Notification Thread" daemon [_thread_blocked, id=6872, stack(0x000000b32dd00000,0x000000b32de00000)]
  0x000001fb5dc9b980 JavaThread "Common-Cleaner" daemon [_thread_blocked, id=10544, stack(0x000000b32df00000,0x000000b32e000000)]
  0x000001fb5ea0d7a0 JavaThread "pool-1-thread-1" [_thread_blocked, id=1164, stack(0x000000b32e400000,0x000000b32e500000)]
  0x000001fb5eb67530 JavaThread "DisconnectableInputStream source reader" daemon [_thread_in_native, id=6928, stack(0x000000b32e500000,0x000000b32e600000)]
=>0x000001fb5ea4b040 JavaThread "C2 CompilerThread1" daemon [_thread_in_native, id=8996, stack(0x000000b32e600000,0x000000b32e700000)]

Other Threads:
  0x000001fb441b0c40 VMThread "VM Thread" [stack: 0x000000b32d300000,0x000000b32d400000] [id=5976]
  0x000001fb5dc9a920 WatcherThread [stack: 0x000000b32de00000,0x000000b32df00000] [id=8436]
  0x000001fb44103ff0 GCTaskThread "GC Thread#0" [stack: 0x000000b32ce00000,0x000000b32cf00000] [id=2124]
  0x000001fb5dea4fb0 GCTaskThread "GC Thread#1" [stack: 0x000000b32e000000,0x000000b32e100000] [id=14712]
  0x000001fb5df38150 GCTaskThread "GC Thread#2" [stack: 0x000000b32e100000,0x000000b32e200000] [id=12216]
  0x000001fb5df38400 GCTaskThread "GC Thread#3" [stack: 0x000000b32e200000,0x000000b32e300000] [id=13032]
  0x000001fb44105730 ConcurrentGCThread "G1 Main Marker" [stack: 0x000000b32cf00000,0x000000b32d000000] [id=4928]
  0x000001fb44106140 ConcurrentGCThread "G1 Conc#0" [stack: 0x000000b32d000000,0x000000b32d100000] [id=9636]
  0x000001fb44192090 ConcurrentGCThread "G1 Refine#0" [stack: 0x000000b32d100000,0x000000b32d200000] [id=2112]
  0x000001fb44192ab0 ConcurrentGCThread "G1 Service" [stack: 0x000000b32d200000,0x000000b32d300000] [id=13996]

Threads with active compile tasks:
C2 CompilerThread0    39159 1805       4       java.lang.AbstractStringBuilder::append (45 bytes)
C2 CompilerThread1    39159 1786       4       org.gradle.internal.logging.text.AbstractLineChoppingStyledTextOutput$1::execute (140 bytes)

VM state: not at safepoint (normal execution)

VM Mutex/Monitor currently owned by a thread: None

Heap address: 0x00000000fc000000, size: 64 MB, Compressed Oops mode: 32-bit

CDS archive(s) mapped at: [0x0000000800000000-0x0000000800bc0000-0x0000000800bc0000), size 12320768, SharedBaseAddress: 0x0000000800000000, ArchiveRelocationMode: 0.
Compressed class space mapped at: 0x0000000800c00000-0x0000000840c00000, reserved size: 1073741824
Narrow klass base: 0x0000000800000000, Narrow klass shift: 0, Narrow klass range: 0x100000000

GC Precious Log:
 CPUs: 4 total, 4 available
 Memory: 6024M
 Large Page Support: Disabled
 NUMA Support: Disabled
 Compressed Oops: Enabled (32-bit)
 Heap Region Size: 1M
 Heap Min Capacity: 64M
 Heap Initial Capacity: 64M
 Heap Max Capacity: 64M
 Pre-touch: Disabled
 Parallel Workers: 4
 Concurrent Workers: 1
 Concurrent Refinement Workers: 4
 Periodic GC: Disabled

Heap:
 garbage-first heap   total 65536K, used 36971K [0x00000000fc000000, 0x0000000100000000)
  region size 1024K, 29 young (29696K), 3 survivors (3072K)
 Metaspace       used 10644K, committed 10816K, reserved 1064960K
  class space    used 1401K, committed 1472K, reserved 1048576K

Heap Regions: E=young(eden), S=young(survivor), O=old, HS=humongous(starts), HC=humongous(continues), CS=collection set, F=free, OA=open archive, CA=closed archive, TAMS=top-at-mark-start (previous, next)
|   0|0x00000000fc000000, 0x00000000fc100000, 0x00000000fc100000|100%|HS|  |TAMS 0x00000000fc000000, 0x00000000fc000000| Complete 
|   1|0x00000000fc100000, 0x00000000fc200000, 0x00000000fc200000|100%|HC|  |TAMS 0x00000000fc100000, 0x00000000fc100000| Complete 
|   2|0x00000000fc200000, 0x00000000fc300000, 0x00000000fc300000|100%|HC|  |TAMS 0x00000000fc200000, 0x00000000fc200000| Complete 
|   3|0x00000000fc300000, 0x00000000fc400000, 0x00000000fc400000|100%|HC|  |TAMS 0x00000000fc300000, 0x00000000fc300000| Complete 
|   4|0x00000000fc400000, 0x00000000fc500000, 0x00000000fc500000|100%| O|  |TAMS 0x00000000fc400000, 0x00000000fc400000| Untracked 
|   5|0x00000000fc500000, 0x00000000fc600000, 0x00000000fc600000|100%| O|  |TAMS 0x00000000fc500000, 0x00000000fc500000| Untracked 
|   6|0x00000000fc600000, 0x00000000fc700000, 0x00000000fc700000|100%| O|  |TAMS 0x00000000fc600000, 0x00000000fc600000| Untracked 
|   7|0x00000000fc700000, 0x00000000fc800000, 0x00000000fc800000|100%| O|  |TAMS 0x00000000fc700000, 0x00000000fc700000| Untracked 
|   8|0x00000000fc800000, 0x00000000fc81ac00, 0x00000000fc900000| 10%| O|  |TAMS 0x00000000fc800000, 0x00000000fc800000| Untracked 
|   9|0x00000000fc900000, 0x00000000fc900000, 0x00000000fca00000|  0%| F|  |TAMS 0x00000000fc900000, 0x00000000fc900000| Untracked 
|  10|0x00000000fca00000, 0x00000000fca00000, 0x00000000fcb00000|  0%| F|  |TAMS 0x00000000fca00000, 0x00000000fca00000| Untracked 
|  11|0x00000000fcb00000, 0x00000000fcb00000, 0x00000000fcc00000|  0%| F|  |TAMS 0x00000000fcb00000, 0x00000000fcb00000| Untracked 
|  12|0x00000000fcc00000, 0x00000000fcc00000, 0x00000000fcd00000|  0%| F|  |TAMS 0x00000000fcc00000, 0x00000000fcc00000| Untracked 
|  13|0x00000000fcd00000, 0x00000000fcd00000, 0x00000000fce00000|  0%| F|  |TAMS 0x00000000fcd00000, 0x00000000fcd00000| Untracked 
|  14|0x00000000fce00000, 0x00000000fce00000, 0x00000000fcf00000|  0%| F|  |TAMS 0x00000000fce00000, 0x00000000fce00000| Untracked 
|  15|0x00000000fcf00000, 0x00000000fcf00000, 0x00000000fd000000|  0%| F|  |TAMS 0x00000000fcf00000, 0x00000000fcf00000| Untracked 
|  16|0x00000000fd000000, 0x00000000fd000000, 0x00000000fd100000|  0%| F|  |TAMS 0x00000000fd000000, 0x00000000fd000000| Untracked 
|  17|0x00000000fd100000, 0x00000000fd100000, 0x00000000fd200000|  0%| F|  |TAMS 0x00000000fd100000, 0x00000000fd100000| Untracked 
|  18|0x00000000fd200000, 0x00000000fd200000, 0x00000000fd300000|  0%| F|  |TAMS 0x00000000fd200000, 0x00000000fd200000| Untracked 
|  19|0x00000000fd300000, 0x00000000fd300000, 0x00000000fd400000|  0%| F|  |TAMS 0x00000000fd300000, 0x00000000fd300000| Untracked 
|  20|0x00000000fd400000, 0x00000000fd400000, 0x00000000fd500000|  0%| F|  |TAMS 0x00000000fd400000, 0x00000000fd400000| Untracked 
|  21|0x00000000fd500000, 0x00000000fd500000, 0x00000000fd600000|  0%| F|  |TAMS 0x00000000fd500000, 0x00000000fd500000| Untracked 
|  22|0x00000000fd600000, 0x00000000fd600000, 0x00000000fd700000|  0%| F|  |TAMS 0x00000000fd600000, 0x00000000fd600000| Untracked 
|  23|0x00000000fd700000, 0x00000000fd700000, 0x00000000fd800000|  0%| F|  |TAMS 0x00000000fd700000, 0x00000000fd700000| Untracked 
|  24|0x00000000fd800000, 0x00000000fd800000, 0x00000000fd900000|  0%| F|  |TAMS 0x00000000fd800000, 0x00000000fd800000| Untracked 
|  25|0x00000000fd900000, 0x00000000fd900000, 0x00000000fda00000|  0%| F|  |TAMS 0x00000000fd900000, 0x00000000fd900000| Untracked 
|  26|0x00000000fda00000, 0x00000000fda00000, 0x00000000fdb00000|  0%| F|  |TAMS 0x00000000fda00000, 0x00000000fda00000| Untracked 
|  27|0x00000000fdb00000, 0x00000000fdb00000, 0x00000000fdc00000|  0%| F|  |TAMS 0x00000000fdb00000, 0x00000000fdb00000| Untracked 
|  28|0x00000000fdc00000, 0x00000000fdc00000, 0x00000000fdd00000|  0%| F|  |TAMS 0x00000000fdc00000, 0x00000000fdc00000| Untracked 
|  29|0x00000000fdd00000, 0x00000000fdd00000, 0x00000000fde00000|  0%| F|  |TAMS 0x00000000fdd00000, 0x00000000fdd00000| Untracked 
|  30|0x00000000fde00000, 0x00000000fde00000, 0x00000000fdf00000|  0%| F|  |TAMS 0x00000000fde00000, 0x00000000fde00000| Untracked 
|  31|0x00000000fdf00000, 0x00000000fdf00000, 0x00000000fe000000|  0%| F|  |TAMS 0x00000000fdf00000, 0x00000000fdf00000| Untracked 
|  32|0x00000000fe000000, 0x00000000fe000000, 0x00000000fe100000|  0%| F|  |TAMS 0x00000000fe000000, 0x00000000fe000000| Untracked 
|  33|0x00000000fe100000, 0x00000000fe100000, 0x00000000fe200000|  0%| F|  |TAMS 0x00000000fe100000, 0x00000000fe100000| Untracked 
|  34|0x00000000fe200000, 0x00000000fe200000, 0x00000000fe300000|  0%| F|  |TAMS 0x00000000fe200000, 0x00000000fe200000| Untracked 
|  35|0x00000000fe300000, 0x00000000fe400000, 0x00000000fe400000|100%| E|  |TAMS 0x00000000fe300000, 0x00000000fe300000| Complete 
|  36|0x00000000fe400000, 0x00000000fe500000, 0x00000000fe500000|100%| E|CS|TAMS 0x00000000fe400000, 0x00000000fe400000| Complete 
|  37|0x00000000fe500000, 0x00000000fe600000, 0x00000000fe600000|100%| E|CS|TAMS 0x00000000fe500000, 0x00000000fe500000| Complete 
|  38|0x00000000fe600000, 0x00000000fe700000, 0x00000000fe700000|100%| E|CS|TAMS 0x00000000fe600000, 0x00000000fe600000| Complete 
|  39|0x00000000fe700000, 0x00000000fe800000, 0x00000000fe800000|100%| E|CS|TAMS 0x00000000fe700000, 0x00000000fe700000| Complete 
|  40|0x00000000fe800000, 0x00000000fe900000, 0x00000000fe900000|100%| E|CS|TAMS 0x00000000fe800000, 0x00000000fe800000| Complete 
|  41|0x00000000fe900000, 0x00000000fea00000, 0x00000000fea00000|100%| E|CS|TAMS 0x00000000fe900000, 0x00000000fe900000| Complete 
|  42|0x00000000fea00000, 0x00000000feb00000, 0x00000000feb00000|100%| E|CS|TAMS 0x00000000fea00000, 0x00000000fea00000| Complete 
|  43|0x00000000feb00000, 0x00000000fec00000, 0x00000000fec00000|100%| S|CS|TAMS 0x00000000feb00000, 0x00000000feb00000| Complete 
|  44|0x00000000fec00000, 0x00000000fed00000, 0x00000000fed00000|100%| S|CS|TAMS 0x00000000fec00000, 0x00000000fec00000| Complete 
|  45|0x00000000fed00000, 0x00000000fee00000, 0x00000000fee00000|100%| S|CS|TAMS 0x00000000fed00000, 0x00000000fed00000| Complete 
|  46|0x00000000fee00000, 0x00000000fef00000, 0x00000000fef00000|100%| E|CS|TAMS 0x00000000fee00000, 0x00000000fee00000| Complete 
|  47|0x00000000fef00000, 0x00000000ff000000, 0x00000000ff000000|100%| E|CS|TAMS 0x00000000fef00000, 0x00000000fef00000| Complete 
|  48|0x00000000ff000000, 0x00000000ff100000, 0x00000000ff100000|100%| E|CS|TAMS 0x00000000ff000000, 0x00000000ff000000| Complete 
|  49|0x00000000ff100000, 0x00000000ff200000, 0x00000000ff200000|100%| E|CS|TAMS 0x00000000ff100000, 0x00000000ff100000| Complete 
|  50|0x00000000ff200000, 0x00000000ff300000, 0x00000000ff300000|100%| E|CS|TAMS 0x00000000ff200000, 0x00000000ff200000| Complete 
|  51|0x00000000ff300000, 0x00000000ff400000, 0x00000000ff400000|100%| E|CS|TAMS 0x00000000ff300000, 0x00000000ff300000| Complete 
|  52|0x00000000ff400000, 0x00000000ff500000, 0x00000000ff500000|100%| E|CS|TAMS 0x00000000ff400000, 0x00000000ff400000| Complete 
|  53|0x00000000ff500000, 0x00000000ff600000, 0x00000000ff600000|100%| E|CS|TAMS 0x00000000ff500000, 0x00000000ff500000| Complete 
|  54|0x00000000ff600000, 0x00000000ff700000, 0x00000000ff700000|100%| E|CS|TAMS 0x00000000ff600000, 0x00000000ff600000| Complete 
|  55|0x00000000ff700000, 0x00000000ff800000, 0x00000000ff800000|100%| E|CS|TAMS 0x00000000ff700000, 0x00000000ff700000| Complete 
|  56|0x00000000ff800000, 0x00000000ff900000, 0x00000000ff900000|100%| E|CS|TAMS 0x00000000ff800000, 0x00000000ff800000| Complete 
|  57|0x00000000ff900000, 0x00000000ffa00000, 0x00000000ffa00000|100%| E|CS|TAMS 0x00000000ff900000, 0x00000000ff900000| Complete 
|  58|0x00000000ffa00000, 0x00000000ffb00000, 0x00000000ffb00000|100%| E|CS|TAMS 0x00000000ffa00000, 0x00000000ffa00000| Complete 
|  59|0x00000000ffb00000, 0x00000000ffc00000, 0x00000000ffc00000|100%| E|CS|TAMS 0x00000000ffb00000, 0x00000000ffb00000| Complete 
|  60|0x00000000ffc00000, 0x00000000ffd00000, 0x00000000ffd00000|100%| E|CS|TAMS 0x00000000ffc00000, 0x00000000ffc00000| Complete 
|  61|0x00000000ffd00000, 0x00000000ffe00000, 0x00000000ffe00000|100%| E|CS|TAMS 0x00000000ffd00000, 0x00000000ffd00000| Complete 
|  62|0x00000000ffe00000, 0x00000000fff00000, 0x00000000fff00000|100%| E|CS|TAMS 0x00000000ffe00000, 0x00000000ffe00000| Complete 
|  63|0x00000000fff00000, 0x0000000100000000, 0x0000000100000000|100%| E|CS|TAMS 0x00000000fff00000, 0x00000000fff00000| Complete 

Card table byte_map: [0x000001fb43ee0000,0x000001fb43f00000] _byte_map_base: 0x000001fb43700000

Marking Bits (Prev, Next): (CMBitMap*) 0x000001fb44104600, (CMBitMap*) 0x000001fb44104640
 Prev Bits: [0x000001fb43f20000, 0x000001fb44020000)
 Next Bits: [0x000001fb5a930000, 0x000001fb5aa30000)

Polling page: 0x000001fb420b0000

Metaspace:

Usage:
  Non-class:      9.03 MB used.
      Class:      1.37 MB used.
       Both:     10.39 MB used.

Virtual space:
  Non-class space:       16.00 MB reserved,       9.12 MB ( 57%) committed,  2 nodes.
      Class space:        1.00 GB reserved,       1.44 MB ( <1%) committed,  1 nodes.
             Both:        1.02 GB reserved,      10.56 MB (  1%) committed. 

Chunk freelists:
   Non-Class:  2.11 MB
       Class:  2.50 MB
        Both:  4.61 MB

MaxMetaspaceSize: unlimited
CompressedClassSpaceSize: 1.00 GB
Initial GC threshold: 21.00 MB
Current GC threshold: 21.00 MB
CDS: on
MetaspaceReclaimPolicy: balanced
 - commit_granule_bytes: 65536.
 - commit_granule_words: 8192.
 - virtual_space_node_default_size: 1048576.
 - enlarge_chunks_in_place: 1.
 - new_chunks_are_fully_committed: 0.
 - uncommit_free_chunks: 1.
 - use_allocation_guard: 0.
 - handle_deallocations: 1.


Internal statistics:

num_allocs_failed_limit: 0.
num_arena_births: 100.
num_arena_deaths: 0.
num_vsnodes_births: 3.
num_vsnodes_deaths: 0.
num_space_committed: 169.
num_space_uncommitted: 0.
num_chunks_returned_to_freelist: 0.
num_chunks_taken_from_freelist: 392.
num_chunk_merges: 0.
num_chunk_splits: 256.
num_chunks_enlarged: 210.
num_purges: 0.
num_inconsistent_stats: 0.

CodeHeap 'non-profiled nmethods': size=120000Kb used=731Kb max_used=731Kb free=119268Kb
 bounds [0x000001fb53400000, 0x000001fb53670000, 0x000001fb5a930000]
CodeHeap 'profiled nmethods': size=120000Kb used=3368Kb max_used=3368Kb free=116631Kb
 bounds [0x000001fb4bed0000, 0x000001fb4c220000, 0x000001fb53400000]
CodeHeap 'non-nmethods': size=5760Kb used=1186Kb max_used=1201Kb free=4573Kb
 bounds [0x000001fb4b930000, 0x000001fb4bba0000, 0x000001fb4bed0000]
 total_blobs=2290 nmethods=1803 adapters=400
 compilation: enabled
              stopped_count=0, restarted_count=0
 full_count=0

Compilation events (20 events):
Event: 39.074 Thread 0x000001fb5cfa5480 1778       1       jdk.internal.reflect.DelegatingConstructorAccessorImpl::setDelegate (6 bytes)
Event: 39.074 Thread 0x000001fb5cfa5480 nmethod 1778 0x000001fb534b1210 code [0x000001fb534b13a0, 0x000001fb534b14b8]
Event: 39.074 Thread 0x000001fb5cfa5480 1779       1       jdk.internal.reflect.NativeConstructorAccessorImpl::setParent (6 bytes)
Event: 39.074 Thread 0x000001fb5cfa5480 nmethod 1779 0x000001fb534b1510 code [0x000001fb534b16a0, 0x000001fb534b17b8]
Event: 39.074 Thread 0x000001fb5cfb0450 1780   !   4       java.util.zip.Inflater::inflate (418 bytes)
Event: 39.078 Thread 0x000001fb5cfa5480 1781       3       java.nio.Buffer::<init> (105 bytes)
Event: 39.080 Thread 0x000001fb5cfa5480 nmethod 1781 0x000001fb4c211d90 code [0x000001fb4c212040, 0x000001fb4c212bb8]
Event: 39.080 Thread 0x000001fb5cfa5480 1783       3       java.lang.StringCoding::implEncodeAsciiArray (47 bytes)
Event: 39.080 Thread 0x000001fb5cfa5480 nmethod 1783 0x000001fb4c213010 code [0x000001fb4c2131c0, 0x000001fb4c213418]
Event: 39.082 Thread 0x000001fb5cfa5480 1784       3       java.nio.charset.CoderResult::isUnderflow (13 bytes)
Event: 39.082 Thread 0x000001fb5cfa5480 nmethod 1784 0x000001fb4c213590 code [0x000001fb4c213720, 0x000001fb4c213898]
Event: 39.086 Thread 0x000001fb5cfa5480 1788       3       java.nio.ByteBuffer::position (6 bytes)
Event: 39.087 Thread 0x000001fb5cfa5480 nmethod 1788 0x000001fb4c213910 code [0x000001fb4c213ac0, 0x000001fb4c213c88]
Event: 39.087 Thread 0x000001fb5cfb0450 nmethod 1780 0x000001fb534b1810 code [0x000001fb534b19c0, 0x000001fb534b2098]
Event: 39.087 Thread 0x000001fb5cfb0450 1782       4       org.gradle.internal.logging.text.AbstractLineChoppingStyledTextOutput$StateContext::isCurrentCharEquals (70 bytes)
Event: 39.087 Thread 0x000001fb5ea4b040 1785       4       org.gradle.internal.logging.text.AbstractLineChoppingStyledTextOutput$StateContext::hasChar (25 bytes)
Event: 39.088 Thread 0x000001fb5ea4b040 nmethod 1785 0x000001fb534b2710 code [0x000001fb534b2880, 0x000001fb534b2918]
Event: 39.089 Thread 0x000001fb5ea4b040 1786       4       org.gradle.internal.logging.text.AbstractLineChoppingStyledTextOutput$1::execute (140 bytes)
Event: 39.091 Thread 0x000001fb5cfb0450 nmethod 1782 0x000001fb534b2a10 code [0x000001fb534b2ba0, 0x000001fb534b2ce8]
Event: 39.091 Thread 0x000001fb5cfb0450 1787       4       org.gradle.internal.logging.text.AbstractLineChoppingStyledTextOutput$1::execute (9 bytes)

GC Heap History (4 events):
Event: 0.881 GC heap before
{Heap before GC invocations=0 (full 0):
 garbage-first heap   total 65536K, used 12288K [0x00000000fc000000, 0x0000000100000000)
  region size 1024K, 13 young (13312K), 0 survivors (0K)
 Metaspace       used 1644K, committed 1792K, reserved 1056768K
  class space    used 152K, committed 192K, reserved 1048576K
}
Event: 0.886 GC heap after
{Heap after GC invocations=1 (full 0):
 garbage-first heap   total 65536K, used 1944K [0x00000000fc000000, 0x0000000100000000)
  region size 1024K, 2 young (2048K), 2 survivors (2048K)
 Metaspace       used 1644K, committed 1792K, reserved 1056768K
  class space    used 152K, committed 192K, reserved 1048576K
}
Event: 1.782 GC heap before
{Heap before GC invocations=1 (full 0):
 garbage-first heap   total 65536K, used 21400K [0x00000000fc000000, 0x0000000100000000)
  region size 1024K, 18 young (18432K), 2 survivors (2048K)
 Metaspace       used 4168K, committed 4288K, reserved 1056768K
  class space    used 538K, committed 576K, reserved 1048576K
}
Event: 1.791 GC heap after
{Heap after GC invocations=2 (full 0):
 garbage-first heap   total 65536K, used 11371K [0x00000000fc000000, 0x0000000100000000)
  region size 1024K, 3 young (3072K), 3 survivors (3072K)
 Metaspace       used 4168K, committed 4288K, reserved 1056768K
  class space    used 538K, committed 576K, reserved 1048576K
}

Deoptimization events (20 events):
Event: 7.484 Thread 0x000001fb440e5230 Uncommon trap: trap_request=0xffffffc6 fr.pc=0x000001fb5343b2d0 relative=0x0000000000000bb0
Event: 7.484 Thread 0x000001fb440e5230 Uncommon trap: reason=bimorphic_or_optimized_type_check action=maybe_recompile pc=0x000001fb5343b2d0 method=java.util.HashMap.putVal(ILjava/lang/Object;Ljava/lang/Object;ZZ)Ljava/lang/Object; @ 203 c2
Event: 7.484 Thread 0x000001fb440e5230 DEOPT PACKING pc=0x000001fb5343b2d0 sp=0x000000b32cdf9720
Event: 7.484 Thread 0x000001fb440e5230 DEOPT UNPACKING pc=0x000001fb4b9823a3 sp=0x000000b32cdf9658 mode 2
Event: 7.486 Thread 0x000001fb440e5230 Uncommon trap: trap_request=0xffffffc6 fr.pc=0x000001fb5343b2d0 relative=0x0000000000000bb0
Event: 7.486 Thread 0x000001fb440e5230 Uncommon trap: reason=bimorphic_or_optimized_type_check action=maybe_recompile pc=0x000001fb5343b2d0 method=java.util.HashMap.putVal(ILjava/lang/Object;Ljava/lang/Object;ZZ)Ljava/lang/Object; @ 203 c2
Event: 7.490 Thread 0x000001fb440e5230 DEOPT PACKING pc=0x000001fb5343b2d0 sp=0x000000b32cdf9720
Event: 7.490 Thread 0x000001fb440e5230 DEOPT UNPACKING pc=0x000001fb4b9823a3 sp=0x000000b32cdf9658 mode 2
Event: 7.490 Thread 0x000001fb440e5230 Uncommon trap: trap_request=0xffffffc6 fr.pc=0x000001fb5343b2d0 relative=0x0000000000000bb0
Event: 7.490 Thread 0x000001fb440e5230 Uncommon trap: reason=bimorphic_or_optimized_type_check action=maybe_recompile pc=0x000001fb5343b2d0 method=java.util.HashMap.putVal(ILjava/lang/Object;Ljava/lang/Object;ZZ)Ljava/lang/Object; @ 203 c2
Event: 7.490 Thread 0x000001fb440e5230 DEOPT PACKING pc=0x000001fb5343b2d0 sp=0x000000b32cdf9720
Event: 7.490 Thread 0x000001fb440e5230 DEOPT UNPACKING pc=0x000001fb4b9823a3 sp=0x000000b32cdf9658 mode 2
Event: 7.496 Thread 0x000001fb440e5230 Uncommon trap: trap_request=0xffffffc6 fr.pc=0x000001fb5343b2d0 relative=0x0000000000000bb0
Event: 7.496 Thread 0x000001fb440e5230 Uncommon trap: reason=bimorphic_or_optimized_type_check action=maybe_recompile pc=0x000001fb5343b2d0 method=java.util.HashMap.putVal(ILjava/lang/Object;Ljava/lang/Object;ZZ)Ljava/lang/Object; @ 203 c2
Event: 7.496 Thread 0x000001fb440e5230 DEOPT PACKING pc=0x000001fb5343b2d0 sp=0x000000b32cdf9720
Event: 7.496 Thread 0x000001fb440e5230 DEOPT UNPACKING pc=0x000001fb4b9823a3 sp=0x000000b32cdf9658 mode 2
Event: 39.070 Thread 0x000001fb440e5230 Uncommon trap: trap_request=0xffffff45 fr.pc=0x000001fb5348ea64 relative=0x00000000000001c4
Event: 39.070 Thread 0x000001fb440e5230 Uncommon trap: reason=unstable_if action=reinterpret pc=0x000001fb5348ea64 method=java.net.URI$Parser.scan(IILjava/lang/String;)I @ 26 c2
Event: 39.070 Thread 0x000001fb440e5230 DEOPT PACKING pc=0x000001fb5348ea64 sp=0x000000b32cdfc4b0
Event: 39.070 Thread 0x000001fb440e5230 DEOPT UNPACKING pc=0x000001fb4b9823a3 sp=0x000000b32cdfc440 mode 2

Classes unloaded (0 events):
No events

Classes redefined (0 events):
No events

Internal exceptions (20 events):
Event: 1.734 Thread 0x000001fb440e5230 Exception <a 'java/lang/NoSuchMethodError'{0x00000000fefea3f8}: 'int java.lang.invoke.DirectMethodHandle$Holder.invokeSpecial(java.lang.Object, java.lang.Object, java.lang.Object)'> (0x00000000fefea3f8) 
thrown [t:\workspace\open\src\hotspot\share\interpreter\linkResolver.cpp, line 766]
Event: 1.739 Thread 0x000001fb440e5230 Exception <a 'java/lang/NoSuchMethodError'{0x00000000feffd790}: 'java.lang.Object java.lang.invoke.Invokers$Holder.invokeExact_MT(java.lang.Object, java.lang.Object, java.lang.Object, java.lang.Object)'> (0x00000000feffd790) 
thrown [t:\workspace\open\src\hotspot\share\interpreter\linkResolver.cpp, line 766]
Event: 2.024 Thread 0x000001fb440e5230 Exception <a 'java/lang/NoSuchMethodError'{0x00000000ffafe8f8}: 'void java.lang.invoke.DirectMethodHandle$Holder.invokeSpecial(java.lang.Object, java.lang.Object, java.lang.Object)'> (0x00000000ffafe8f8) 
thrown [t:\workspace\open\src\hotspot\share\interpreter\linkResolver.cpp, line 766]
Event: 2.047 Thread 0x000001fb440e5230 Implicit null exception at 0x000001fb5345aa31 to 0x000001fb5345ae7c
Event: 2.047 Thread 0x000001fb440e5230 Implicit null exception at 0x000001fb53456f2c to 0x000001fb5345735c
Event: 2.089 Thread 0x000001fb440e5230 Exception <a 'java/lang/NoSuchMethodError'{0x00000000ff871c30}: 'java.lang.Object java.lang.invoke.DirectMethodHandle$Holder.invokeStaticInit(java.lang.Object)'> (0x00000000ff871c30) 
thrown [t:\workspace\open\src\hotspot\share\interpreter\linkResolver.cpp, line 766]
Event: 2.129 Thread 0x000001fb440e5230 Exception <a 'java/lang/NoSuchMethodError'{0x00000000ff707400}: 'int java.lang.invoke.DirectMethodHandle$Holder.invokeVirtual(java.lang.Object, java.lang.Object, java.lang.Object)'> (0x00000000ff707400) 
thrown [t:\workspace\open\src\hotspot\share\interpreter\linkResolver.cpp, line 766]
Event: 2.272 Thread 0x000001fb440e5230 Exception <a 'java/lang/NoSuchMethodError'{0x00000000ff3b5b70}: 'java.lang.Object java.lang.invoke.DirectMethodHandle$Holder.invokeStaticInit(java.lang.Object, int, int, int, int)'> (0x00000000ff3b5b70) 
thrown [t:\workspace\open\src\hotspot\share\interpreter\linkResolver.cpp, line 766]
Event: 2.347 Thread 0x000001fb440e5230 Exception <a 'java/lang/NoSuchMethodError'{0x00000000ff3e9c78}: 'java.lang.Object java.lang.invoke.DirectMethodHandle$Holder.invokeStaticInit(java.lang.Object, java.lang.Object, int, int, int, int)'> (0x00000000ff3e9c78) 
thrown [t:\workspace\open\src\hotspot\share\interpreter\linkResolver.cpp, line 766]
Event: 2.534 Thread 0x000001fb440e5230 Exception <a 'java/lang/NoSuchMethodError'{0x00000000ff21ac30}: 'void java.lang.invoke.DirectMethodHandle$Holder.invokeStatic(java.lang.Object, java.lang.Object, java.lang.Object)'> (0x00000000ff21ac30) 
thrown [t:\workspace\open\src\hotspot\share\interpreter\linkResolver.cpp, line 766]
Event: 2.564 Thread 0x000001fb440e5230 Implicit null exception at 0x000001fb5343f572 to 0x000001fb5343fb48
Event: 2.577 Thread 0x000001fb440e5230 Exception <a 'java/net/ConnectException'{0x00000000ff2f36c0}: Connection refused: no further information> (0x00000000ff2f36c0) 
thrown [t:\workspace\open\src\hotspot\share\prims\jni.cpp, line 535]
Event: 2.907 Thread 0x000001fb5ec4aaf0 Exception <a 'java/lang/NoSuchMethodError'{0x00000000fe70b390}: 'void java.lang.invoke.DirectMethodHandle$Holder.invokeStatic(java.lang.Object, long)'> (0x00000000fe70b390) 
thrown [t:\workspace\open\src\hotspot\share\interpreter\linkResolver.cpp, line 766]
Event: 2.909 Thread 0x000001fb5ec4aaf0 Exception <a 'java/lang/NoSuchMethodError'{0x00000000fe710ce8}: 'java.lang.Object java.lang.invoke.DirectMethodHandle$Holder.newInvokeSpecial(java.lang.Object, long)'> (0x00000000fe710ce8) 
thrown [t:\workspace\open\src\hotspot\share\interpreter\linkResolver.cpp, line 766]
Event: 2.913 Thread 0x000001fb5ec4aaf0 Exception <a 'java/lang/NoSuchMethodError'{0x00000000fe71b890}: 'java.lang.Object java.lang.invoke.DirectMethodHandle$Holder.invokeStaticInit(java.lang.Object, java.lang.Object, long, java.lang.Object)'> (0x00000000fe71b890) 
thrown [t:\workspace\open\src\hotspot\share\interpreter\linkResolver.cpp, line 766]
Event: 2.914 Thread 0x000001fb5ec4aaf0 Exception <a 'java/lang/NoSuchMethodError'{0x00000000fe721f18}: 'java.lang.Object java.lang.invoke.DirectMethodHandle$Holder.newInvokeSpecial(java.lang.Object, java.lang.Object, long)'> (0x00000000fe721f18) 
thrown [t:\workspace\open\src\hotspot\share\interpreter\linkResolver.cpp, line 766]
Event: 2.915 Thread 0x000001fb5ec4aaf0 Exception <a 'java/lang/NoSuchMethodError'{0x00000000fe726208}: 'java.lang.Object java.lang.invoke.Invokers$Holder.linkToTargetMethod(java.lang.Object, long, java.lang.Object)'> (0x00000000fe726208) 
thrown [t:\workspace\open\src\hotspot\share\interpreter\linkResolver.cpp, line 766]
Event: 39.053 Thread 0x000001fb440e5230 Exception <a 'sun/net/ConnectionResetException'{0x00000000fe44d7e0}: Connection reset> (0x00000000fe44d7e0) 
thrown [t:\workspace\open\src\hotspot\share\prims\jni.cpp, line 535]
Event: 39.067 Thread 0x000001fb440e5230 Exception <a 'java/lang/NoSuchMethodError'{0x00000000fe35ba18}: 'int java.lang.invoke.DirectMethodHandle$Holder.invokeVirtual(java.lang.Object, java.lang.Object)'> (0x00000000fe35ba18) 
thrown [t:\workspace\open\src\hotspot\share\interpreter\linkResolver.cpp, line 766]
Event: 39.070 Thread 0x000001fb5eac6610 Exception <a 'java/io/IOException'{0x00000000fe482958}: Connection reset by peer> (0x00000000fe482958) 
thrown [t:\workspace\open\src\hotspot\share\prims\jni.cpp, line 535]

VM Operations (20 events):
Event: 19.605 Executing VM operation: Cleanup
Event: 19.605 Executing VM operation: Cleanup done
Event: 23.641 Executing VM operation: Cleanup
Event: 23.641 Executing VM operation: Cleanup done
Event: 24.642 Executing VM operation: Cleanup
Event: 24.642 Executing VM operation: Cleanup done
Event: 26.661 Executing VM operation: Cleanup
Event: 26.662 Executing VM operation: Cleanup done
Event: 27.677 Executing VM operation: Cleanup
Event: 27.677 Executing VM operation: Cleanup done
Event: 33.740 Executing VM operation: Cleanup
Event: 33.740 Executing VM operation: Cleanup done
Event: 34.750 Executing VM operation: Cleanup
Event: 34.750 Executing VM operation: Cleanup done
Event: 35.763 Executing VM operation: Cleanup
Event: 35.763 Executing VM operation: Cleanup done
Event: 37.782 Executing VM operation: Cleanup
Event: 37.782 Executing VM operation: Cleanup done
Event: 38.782 Executing VM operation: Cleanup
Event: 38.782 Executing VM operation: Cleanup done

Events (20 events):
Event: 33.536 loading class sun/util/logging/internal/LoggingProviderImpl$JULWrapper
Event: 33.537 loading class sun/util/logging/PlatformLogger$ConfigurableBridge$LoggerConfiguration
Event: 33.537 loading class sun/util/logging/PlatformLogger$ConfigurableBridge$LoggerConfiguration done
Event: 33.537 loading class sun/util/logging/internal/LoggingProviderImpl$JULWrapper done
Event: 33.537 loading class java/io/ObjectInputFilter
Event: 33.537 loading class java/io/ObjectInputFilter done
Event: 33.539 loading class java/io/ObjectInputFilter$Config$BuiltinFilterFactory
Event: 33.539 loading class java/io/ObjectInputFilter$Config$BuiltinFilterFactory done
Event: 33.539 loading class jdk/internal/access/JavaObjectInputFilterAccess
Event: 33.539 loading class jdk/internal/access/JavaObjectInputFilterAccess done
Event: 33.540 loading class java/lang/System$Logger$Level
Event: 33.540 loading class java/lang/System$Logger$Level done
Event: 33.540 loading class java/io/Bits
Event: 33.540 loading class java/io/Bits done
Event: 39.052 loading class sun/net/ConnectionResetException
Event: 39.052 loading class sun/net/ConnectionResetException done
Event: 39.071 Thread 0x000001fb5eac6610 Thread exited: 0x000001fb5eac6610
Event: 39.072 loading class java/util/concurrent/ConcurrentLinkedQueue$Itr
Event: 39.073 loading class java/util/concurrent/ConcurrentLinkedQueue$Itr done
Event: 39.087 Thread 0x000001fb5ea4b040 Thread added: 0x000001fb5ea4b040


Dynamic libraries:
0x00007ff65fec0000 - 0x00007ff65fece000 	C:\Program Files\Microsoft\jdk-17.0.2\bin\java.exe
0x00007ff97f630000 - 0x00007ff97f828000 	C:\Windows\SYSTEM32\ntdll.dll
0x00007ff97e870000 - 0x00007ff97e931000 	C:\Windows\System32\KERNEL32.DLL
0x00007ff97d1c0000 - 0x00007ff97d4bd000 	C:\Windows\System32\KERNELBASE.dll
0x00007ff97d4f0000 - 0x00007ff97d5f0000 	C:\Windows\System32\ucrtbase.dll
0x00007ff976100000 - 0x00007ff976118000 	C:\Program Files\Microsoft\jdk-17.0.2\bin\jli.dll
0x00007ff96c9f0000 - 0x00007ff96ca0a000 	C:\Program Files\Microsoft\jdk-17.0.2\bin\VCRUNTIME140.dll
0x00007ff97ebf0000 - 0x00007ff97ed8d000 	C:\Windows\System32\USER32.dll
0x00007ff96fc30000 - 0x00007ff96feca000 	C:\Windows\WinSxS\amd64_microsoft.windows.common-controls_6595b64144ccf1df_6.0.19041.4355_none_60b8b9eb71f62e16\COMCTL32.dll
0x00007ff97cce0000 - 0x00007ff97cd02000 	C:\Windows\System32\win32u.dll
0x00007ff97dfd0000 - 0x00007ff97e06e000 	C:\Windows\System32\msvcrt.dll
0x00007ff97de90000 - 0x00007ff97debb000 	C:\Windows\System32\GDI32.dll
0x00007ff97cdf0000 - 0x00007ff97cf07000 	C:\Windows\System32\gdi32full.dll
0x00007ff97d120000 - 0x00007ff97d1bd000 	C:\Windows\System32\msvcp_win.dll
0x00007ff97dd50000 - 0x00007ff97dd7f000 	C:\Windows\System32\IMM32.DLL
0x00007ff979300000 - 0x00007ff97930c000 	C:\Program Files\Microsoft\jdk-17.0.2\bin\vcruntime140_1.dll
0x00007ff95acf0000 - 0x00007ff95ad7d000 	C:\Program Files\Microsoft\jdk-17.0.2\bin\msvcp140.dll
0x00007ff930720000 - 0x00007ff9312e1000 	C:\Program Files\Microsoft\jdk-17.0.2\bin\server\jvm.dll
0x00007ff97daf0000 - 0x00007ff97dba0000 	C:\Windows\System32\ADVAPI32.dll
0x00007ff97e940000 - 0x00007ff97e9e0000 	C:\Windows\System32\sechost.dll
0x00007ff97e9e0000 - 0x00007ff97eb03000 	C:\Windows\System32\RPCRT4.dll
0x00007ff97d4c0000 - 0x00007ff97d4e7000 	C:\Windows\System32\bcrypt.dll
0x00007ff97dde0000 - 0x00007ff97dde8000 	C:\Windows\System32\PSAPI.DLL
0x00007ff978e40000 - 0x00007ff978e49000 	C:\Windows\SYSTEM32\WSOCK32.dll
0x00007ff973050000 - 0x00007ff973077000 	C:\Windows\SYSTEM32\WINMM.dll
0x00007ff973b00000 - 0x00007ff973b0a000 	C:\Windows\SYSTEM32\VERSION.dll
0x00007ff97f580000 - 0x00007ff97f5eb000 	C:\Windows\System32\WS2_32.dll
0x00007ff97ab60000 - 0x00007ff97ab72000 	C:\Windows\SYSTEM32\kernel.appcore.dll
0x00007ff978d90000 - 0x00007ff978d9a000 	C:\Program Files\Microsoft\jdk-17.0.2\bin\jimage.dll
0x00007ff96a310000 - 0x00007ff96a4f4000 	C:\Windows\SYSTEM32\DBGHELP.DLL
0x00007ff96a050000 - 0x00007ff96a084000 	C:\Windows\SYSTEM32\dbgcore.DLL
0x00007ff97cd60000 - 0x00007ff97cde2000 	C:\Windows\System32\bcryptPrimitives.dll
0x00007ff95d1d0000 - 0x00007ff95d1f5000 	C:\Program Files\Microsoft\jdk-17.0.2\bin\java.dll
0x00007ff95ac10000 - 0x00007ff95ace6000 	C:\Program Files\Microsoft\jdk-17.0.2\bin\jsvml.dll
0x00007ff97ed90000 - 0x00007ff97f4ff000 	C:\Windows\System32\SHELL32.dll
0x00007ff97ad60000 - 0x00007ff97b503000 	C:\Windows\SYSTEM32\windows.storage.dll
0x00007ff97d790000 - 0x00007ff97dae3000 	C:\Windows\System32\combase.dll
0x00007ff97c710000 - 0x00007ff97c73e000 	C:\Windows\SYSTEM32\Wldp.dll
0x00007ff97d660000 - 0x00007ff97d72d000 	C:\Windows\System32\OLEAUT32.dll
0x00007ff97e350000 - 0x00007ff97e3fd000 	C:\Windows\System32\SHCORE.dll
0x00007ff97dec0000 - 0x00007ff97df15000 	C:\Windows\System32\shlwapi.dll
0x00007ff97cc10000 - 0x00007ff97cc34000 	C:\Windows\SYSTEM32\profapi.dll
0x00007ff95b0c0000 - 0x00007ff95b0d9000 	C:\Program Files\Microsoft\jdk-17.0.2\bin\net.dll
0x00007ff976700000 - 0x00007ff97680d000 	C:\Windows\SYSTEM32\WINHTTP.dll
0x00007ff97c470000 - 0x00007ff97c4da000 	C:\Windows\system32\mswsock.dll
0x00007ff95b050000 - 0x00007ff95b066000 	C:\Program Files\Microsoft\jdk-17.0.2\bin\nio.dll
0x00007ff95afb0000 - 0x00007ff95afc8000 	C:\Program Files\Microsoft\jdk-17.0.2\bin\zip.dll
0x00007ff979380000 - 0x00007ff979390000 	C:\Program Files\Microsoft\jdk-17.0.2\bin\verify.dll
0x00007ff971ba0000 - 0x00007ff971bc7000 	C:\Users\aanan\.gradle\native\c067742578af261105cb4f569cf0c3c89f3d7b1fecec35dd04571415982c5e48\windows-amd64\native-platform.dll
0x00007ff971b90000 - 0x00007ff971b9a000 	C:\Users\aanan\.gradle\native\jansi\1.18\windows64\jansi.dll
0x00007ff9752c0000 - 0x00007ff9752c9000 	C:\Program Files\Microsoft\jdk-17.0.2\bin\management.dll
0x00007ff964d20000 - 0x00007ff964d2b000 	C:\Program Files\Microsoft\jdk-17.0.2\bin\management_ext.dll
0x00007ff97c670000 - 0x00007ff97c688000 	C:\Windows\SYSTEM32\CRYPTSP.dll
0x00007ff97bd20000 - 0x00007ff97bd54000 	C:\Windows\system32\rsaenh.dll
0x00007ff97cbd0000 - 0x00007ff97cbfe000 	C:\Windows\SYSTEM32\USERENV.dll
0x00007ff97c660000 - 0x00007ff97c66c000 	C:\Windows\SYSTEM32\CRYPTBASE.dll
0x00007ff97c100000 - 0x00007ff97c13b000 	C:\Windows\SYSTEM32\IPHLPAPI.DLL
0x00007ff97de80000 - 0x00007ff97de88000 	C:\Windows\System32\NSI.dll
0x00007ff974cf0000 - 0x00007ff974d07000 	C:\Windows\SYSTEM32\dhcpcsvc6.DLL
0x00007ff975b60000 - 0x00007ff975b7d000 	C:\Windows\SYSTEM32\dhcpcsvc.DLL
0x00007ff97c140000 - 0x00007ff97c20a000 	C:\Windows\SYSTEM32\DNSAPI.dll
0x00007ff9642d0000 - 0x00007ff9642de000 	C:\Program Files\Microsoft\jdk-17.0.2\bin\sunmscapi.dll
0x00007ff97cf10000 - 0x00007ff97d06c000 	C:\Windows\System32\CRYPT32.dll
0x00007ff97c780000 - 0x00007ff97c7a9000 	C:\Windows\SYSTEM32\ncrypt.dll
0x00007ff97c740000 - 0x00007ff97c77b000 	C:\Windows\SYSTEM32\NTASN1.dll
0x00007ff963c20000 - 0x00007ff963c27000 	C:\Windows\system32\wshunix.dll

dbghelp: loaded successfully - version: 4.0.5 - missing functions: none
symbol engine: initialized successfully - sym options: 0x614 - pdb path: .;C:\Program Files\Microsoft\jdk-17.0.2\bin;C:\Windows\SYSTEM32;C:\Windows\WinSxS\amd64_microsoft.windows.common-controls_6595b64144ccf1df_6.0.19041.4355_none_60b8b9eb71f62e16;C:\Program Files\Microsoft\jdk-17.0.2\bin\server;C:\Users\aanan\.gradle\native\c067742578af261105cb4f569cf0c3c89f3d7b1fecec35dd04571415982c5e48\windows-amd64;C:\Users\aanan\.gradle\native\jansi\1.18\windows64

VM Arguments:
jvm_args: -Xmx64m -Xms64m -Dorg.gradle.appname=gradlew 
java_command: org.gradle.wrapper.GradleWrapperMain clean
java_class_path (initial): C:\Users\aanan\Desktop\GitUsers\android\\gradle\wrapper\gradle-wrapper.jar
Launcher Type: SUN_STANDARD

[Global flags]
     intx CICompilerCount                          = 3                                         {product} {ergonomic}
     uint ConcGCThreads                            = 1                                         {product} {ergonomic}
     uint G1ConcRefinementThreads                  = 4                                         {product} {ergonomic}
   size_t G1HeapRegionSize                         = 1048576                                   {product} {ergonomic}
    uintx GCDrainStackTargetSize                   = 64                                        {product} {ergonomic}
   size_t InitialHeapSize                          = 67108864                                  {product} {command line}
   size_t MarkStackSize                            = 4194304                                   {product} {ergonomic}
   size_t MaxHeapSize                              = 67108864                                  {product} {command line}
   size_t MaxNewSize                               = 39845888                                  {product} {ergonomic}
   size_t MinHeapDeltaBytes                        = 1048576                                   {product} {ergonomic}
   size_t MinHeapSize                              = 67108864                                  {product} {command line}
    uintx NonNMethodCodeHeapSize                   = 5832780                                {pd product} {ergonomic}
    uintx NonProfiledCodeHeapSize                  = 122912730                              {pd product} {ergonomic}
    uintx ProfiledCodeHeapSize                     = 122912730                              {pd product} {ergonomic}
    uintx ReservedCodeCacheSize                    = 251658240                              {pd product} {ergonomic}
     bool SegmentedCodeCache                       = true                                      {product} {ergonomic}
   size_t SoftMaxHeapSize                          = 67108864                               {manageable} {ergonomic}
     bool UseCompressedClassPointers               = true                           {product lp64_product} {ergonomic}
     bool UseCompressedOops                        = true                           {product lp64_product} {ergonomic}
     bool UseG1GC                                  = true                                      {product} {ergonomic}
     bool UseLargePagesIndividualAllocation        = false                                  {pd product} {ergonomic}

Logging:
Log output configuration:
 #0: stdout all=warning uptime,level,tags
 #1: stderr all=off uptime,level,tags

Environment Variables:
JAVA_HOME=C:\Program Files\Microsoft\jdk-17.0.2
CLASSPATH=C:\Users\aanan\Desktop\GitUsers\android\\gradle\wrapper\gradle-wrapper.jar
PATH=C:\Program Files (x86)\Intel\iCLS Client\;C:\Program Files\Intel\iCLS Client\;C:\Windows\system32;C:\Windows;C:\Windows\System32\Wbem;C:\Windows\System32\WindowsPowerShell\v1.0\;C:\Windows\System32\OpenSSH\;C:\Program Files\dotnet\;C:\Program Files\Intel\Intel(R) Management Engine Components\DAL;C:\Program Files\Intel\Intel(R) Management Engine Components\IPT;C:\Program Files (x86)\Intel\Intel(R) Management Engine Components\DAL;C:\Program Files (x86)\Intel\Intel(R) Management Engine Components\IPT;C:\ProgramData\chocolatey\bin;C:\Users\aanan\AppData\Local\Android\Sdk\platform-tools;C:\Program Files\Git\cmd;C:\Program Files\Git\mingw64\bin;C:\Program Files\Git\usr\bin;C:\Program Files\Microsoft\jdk-17.0.2\bin;C:\Users\aanan\AppData\Roaming\nvm;C:\Program Files\nodejs;C:\Program Files\MongoDB\Server\7.0\bin;C:\Users\aanan\AppData\Local\Microsoft\WindowsApps;C:\Users\aanan\AppData\Local\Programs\Microsoft VS Code\bin;C:\Users\aanan\AppData\Roaming\npm;C:\Users\aanan\AppData\Roaming\nvm;C:\Program Files\nodejs;C:\Program Files\mongosh\
USERNAME=Devendra
OS=Windows_NT
PROCESSOR_IDENTIFIER=Intel64 Family 6 Model 69 Stepping 1, GenuineIntel



---------------  S Y S T E M  ---------------

OS:
 Windows 10 , 64 bit Build 19041 (10.0.19041.4842)
OS uptime: 1 days 0:15 hours

CPU: total 4 (initial active 4) (2 cores per cpu, 2 threads per core) family 6 model 69 stepping 1 microcode 0x25, cx8, cmov, fxsr, ht, mmx, sse, sse2, sse3, ssse3, sse4.1, sse4.2, popcnt, lzcnt, tsc, tscinvbit, avx, avx2, aes, erms, clmul, bmi1, bmi2, fma, vzeroupper, clflush

Memory: 4k page, system-wide physical 6024M (790M free)
TotalPageFile size 8072M (AvailPageFile size 272M)
current process WorkingSet (physical memory assigned to process): 96M, peak: 96M
current process commit charge ("private bytes"): 158M, peak: 160M

vm_info: OpenJDK 64-Bit Server VM (17.0.2+8-86) for windows-amd64 JRE (17.0.2+8-86), built on Dec  7 2021 21:49:10 by "mach5one" with MS VC++ 16.8 / 16.9 (VS2019)

END.
