#
# There is insufficient memory for the Java Runtime Environment to continue.
# Native memory allocation (malloc) failed to allocate 990544 bytes for Chunk::new
# Possible reasons:
#   The system is out of physical RAM or swap space
#   The process is running with CompressedOops enabled, and the Java Heap may be blocking the growth of the native heap
# Possible solutions:
#   Reduce memory load on the system
#   Increase physical memory or swap space
#   Check if swap backing store is full
#   Decrease Java heap size (-Xmx/-Xms)
#   Decrease number of Java threads
#   Decrease Java thread stack sizes (-Xss)
#   Set larger code cache with -XX:ReservedCodeCacheSize=
#   JVM is running with Unscaled Compressed Oops mode in which the Java heap is
#     placed in the first 4GB address space. The Java Heap base address is the
#     maximum limit for the native heap growth. Please use -XX:HeapBaseMinAddress
#     to set the Java Heap base and to place the Java Heap above 4GB virtual address.
# This output file may be truncated or incomplete.
#
#  Out of Memory Error (arena.cpp:189), pid=464, tid=8976
#
# JRE version: OpenJDK Runtime Environment (17.0.2+8) (build 17.0.2+8-86)
# Java VM: OpenJDK 64-Bit Server VM (17.0.2+8-86, mixed mode, sharing, tiered, compressed oops, compressed class ptrs, g1 gc, windows-amd64)
# No core dump will be written. Minidumps are not enabled by default on client versions of Windows
#

---------------  S U M M A R Y ------------

Command Line: -XX:MaxMetaspaceSize=512m --add-opens=java.base/java.util=ALL-UNNAMED --add-opens=java.base/java.lang=ALL-UNNAMED --add-opens=java.base/java.lang.invoke=ALL-UNNAMED --add-opens=java.prefs/java.util.prefs=ALL-UNNAMED --add-opens=java.base/java.nio.charset=ALL-UNNAMED --add-opens=java.base/java.net=ALL-UNNAMED --add-opens=java.base/java.util.concurrent.atomic=ALL-UNNAMED -Xmx2048m -Dfile.encoding=windows-1252 -Duser.country=IN -Duser.language=en -Duser.variant -javaagent:C:\Users\aanan\.gradle\wrapper\dists\gradle-8.8-all\6gdy1pgp427xkqcjbxw3ylt6h\gradle-8.8\lib\agents\gradle-instrumentation-agent-8.8.jar org.gradle.launcher.daemon.bootstrap.GradleDaemon 8.8

Host: Intel(R) Core(TM) i3-4010U CPU @ 1.70GHz, 4 cores, 5G,  Windows 10 , 64 bit Build 19041 (10.0.19041.4842)
Time: Wed Oct  9 19:34:36 2024 India Standard Time elapsed time: 35.840482 seconds (0d 0h 0m 35s)

---------------  T H R E A D  ---------------

Current thread (0x000001e4d2a2f980):  JavaThread "C2 CompilerThread0" daemon [_thread_in_native, id=8976, stack(0x000000c0d2700000,0x000000c0d2800000)]


Current CompileTask:
C2:  35840 10956   !   4       java.nio.file.FileTreeWalker::visit (204 bytes)

Stack: [0x000000c0d2700000,0x000000c0d2800000]
Native frames: (J=compiled Java code, j=interpreted, Vv=VM code, C=native code)
V  [jvm.dll+0x670baa]
V  [jvm.dll+0x7cfcb4]
V  [jvm.dll+0x7d145e]
V  [jvm.dll+0x7d1ac3]
V  [jvm.dll+0x242bc5]
V  [jvm.dll+0xaa57b]
V  [jvm.dll+0xaab0c]
V  [jvm.dll+0x35fd07]
V  [jvm.dll+0x1b9b68]
V  [jvm.dll+0x215de9]
V  [jvm.dll+0x2150b1]
V  [jvm.dll+0x1a1bbd]
V  [jvm.dll+0x224908]
V  [jvm.dll+0x222a6c]
V  [jvm.dll+0x7859bb]
V  [jvm.dll+0x77ff7a]
V  [jvm.dll+0x66fa35]
C  [ucrtbase.dll+0x21bb2]
C  [KERNEL32.DLL+0x17374]
C  [ntdll.dll+0x4cc91]


---------------  P R O C E S S  ---------------

Threads class SMR info:
_java_thread_list=0x000001e4d7219220, length=91, elements={
0x000001e4b514b430, 0x000001e4d29e7550, 0x000001e4d29e82d0, 0x000001e4d29ffd70,
0x000001e4d2a00630, 0x000001e4d2a00ef0, 0x000001e4d2a0b7d0, 0x000001e4d2a2f980,
0x000001e4d2a31340, 0x000001e4d2a34860, 0x000001e4b5216600, 0x000001e4d3528660,
0x000001e4d4d6b2a0, 0x000001e4d3c42470, 0x000001e4d4d42100, 0x000001e4d4dbb050,
0x000001e4d4dbb520, 0x000001e4d4b770a0, 0x000001e4d4b77570, 0x000001e4d4adeaa0,
0x000001e4d4ca4060, 0x000001e4d4ca4a00, 0x000001e4d4ca4530, 0x000001e4d4ca4ed0,
0x000001e4d4ca5870, 0x000001e4d5bf1f60, 0x000001e4d5bedc00, 0x000001e4d5bf4f80,
0x000001e4d5bef410, 0x000001e4d5bf10f0, 0x000001e4d5bf15c0, 0x000001e4d5bf1a90,
0x000001e4d5bf3c40, 0x000001e4d5bef8e0, 0x000001e4d5beea70, 0x000001e4d5bee0d0,
0x000001e4d5bf45e0, 0x000001e4d5bf2dd0, 0x000001e4d5bf32a0, 0x000001e4d5bf0280,
0x000001e4d8820f30, 0x000001e4d8826f70, 0x000001e4d8822c10, 0x000001e4d8825760,
0x000001e4d8826100, 0x000001e4d88265d0, 0x000001e4d8820590, 0x000001e4d8827910,
0x000001e4d88218d0, 0x000001e4d8826aa0, 0x000001e4d8822270, 0x000001e4d8824dc0,
0x000001e4d8fd9d40, 0x000001e4d8fdea40, 0x000001e4d8fdcd60, 0x000001e4d8fdabb0,
0x000001e4d8fda6e0, 0x000001e4d8dc8030, 0x000001e4d8fdb080, 0x000001e4d8fdd700,
0x000001e4d8fdf3e0, 0x000001e4d8fdb550, 0x000001e4d8fdba20, 0x000001e4d8fde570,
0x000001e4d8fdc3c0, 0x000001e4d8fdc890, 0x000001e4d8fd9870, 0x000001e4d8fddbd0,
0x000001e4d8fde0a0, 0x000001e4d8fd8060, 0x000001e4d8fd93a0, 0x000001e4d8fda210,
0x000001e4d8fdbef0, 0x000001e4d8fdd230, 0x000001e4d8fdef10, 0x000001e4d8fdf8b0,
0x000001e4d8fd8530, 0x000001e4d8fd8a00, 0x000001e4d8fd8ed0, 0x000001e4d88248f0,
0x000001e4db16f6e0, 0x000001e4db173a40, 0x000001e4db16ed40, 0x000001e4db173570,
0x000001e4db172bd0, 0x000001e4db170ef0, 0x000001e4db170080, 0x000001e4db1730a0,
0x000001e4db1748b0, 0x000001e4db173f10, 0x000001e4db1743e0
}

Java Threads: ( => current thread )
  0x000001e4b514b430 JavaThread "main" [_thread_blocked, id=10236, stack(0x000000c0d1a00000,0x000000c0d1b00000)]
  0x000001e4d29e7550 JavaThread "Reference Handler" daemon [_thread_blocked, id=10076, stack(0x000000c0d2100000,0x000000c0d2200000)]
  0x000001e4d29e82d0 JavaThread "Finalizer" daemon [_thread_blocked, id=13140, stack(0x000000c0d2200000,0x000000c0d2300000)]
  0x000001e4d29ffd70 JavaThread "Signal Dispatcher" daemon [_thread_blocked, id=15260, stack(0x000000c0d2300000,0x000000c0d2400000)]
  0x000001e4d2a00630 JavaThread "Attach Listener" daemon [_thread_blocked, id=6216, stack(0x000000c0d2400000,0x000000c0d2500000)]
  0x000001e4d2a00ef0 JavaThread "Service Thread" daemon [_thread_blocked, id=6040, stack(0x000000c0d2500000,0x000000c0d2600000)]
  0x000001e4d2a0b7d0 JavaThread "Monitor Deflation Thread" daemon [_thread_blocked, id=2216, stack(0x000000c0d2600000,0x000000c0d2700000)]
=>0x000001e4d2a2f980 JavaThread "C2 CompilerThread0" daemon [_thread_in_native, id=8976, stack(0x000000c0d2700000,0x000000c0d2800000)]
  0x000001e4d2a31340 JavaThread "C1 CompilerThread0" daemon [_thread_blocked, id=14244, stack(0x000000c0d2800000,0x000000c0d2900000)]
  0x000001e4d2a34860 JavaThread "Sweeper thread" daemon [_thread_blocked, id=6076, stack(0x000000c0d2900000,0x000000c0d2a00000)]
  0x000001e4b5216600 JavaThread "Common-Cleaner" daemon [_thread_blocked, id=15040, stack(0x000000c0d2a00000,0x000000c0d2b00000)]
  0x000001e4d3528660 JavaThread "Notification Thread" daemon [_thread_blocked, id=2480, stack(0x000000c0d2b00000,0x000000c0d2c00000)]
  0x000001e4d4d6b2a0 JavaThread "Daemon health stats" [_thread_blocked, id=14044, stack(0x000000c0d3100000,0x000000c0d3200000)]
  0x000001e4d3c42470 JavaThread "Incoming local TCP Connector on port 62200" [_thread_in_native, id=10344, stack(0x000000c0d2f00000,0x000000c0d3000000)]
  0x000001e4d4d42100 JavaThread "Daemon periodic checks" [_thread_blocked, id=4964, stack(0x000000c0d3200000,0x000000c0d3300000)]
  0x000001e4d4dbb050 JavaThread "Daemon" [_thread_blocked, id=8168, stack(0x000000c0d3400000,0x000000c0d3500000)]
  0x000001e4d4dbb520 JavaThread "Handler for socket connection from /127.0.0.1:62200 to /127.0.0.1:62201" [_thread_in_native, id=4620, stack(0x000000c0d3500000,0x000000c0d3600000)]
  0x000001e4d4b770a0 JavaThread "Cancel handler" [_thread_blocked, id=15252, stack(0x000000c0d3600000,0x000000c0d3700000)]
  0x000001e4d4b77570 JavaThread "Daemon worker" [_thread_in_native, id=228, stack(0x000000c0d3700000,0x000000c0d3800000)]
  0x000001e4d4adeaa0 JavaThread "Asynchronous log dispatcher for DefaultDaemonConnection: socket connection from /127.0.0.1:62200 to /127.0.0.1:62201" [_thread_blocked, id=10416, stack(0x000000c0d3800000,0x000000c0d3900000)]
  0x000001e4d4ca4060 JavaThread "Stdin handler" [_thread_blocked, id=1972, stack(0x000000c0d3900000,0x000000c0d3a00000)]
  0x000001e4d4ca4a00 JavaThread "Daemon client event forwarder" [_thread_blocked, id=6580, stack(0x000000c0d3a00000,0x000000c0d3b00000)]
  0x000001e4d4ca4530 JavaThread "Cache worker for journal cache (C:\Users\aanan\.gradle\caches\journal-1)" [_thread_blocked, id=7104, stack(0x000000c0d3300000,0x000000c0d3400000)]
  0x000001e4d4ca4ed0 JavaThread "File lock request listener" [_thread_in_native, id=10160, stack(0x000000c0d3b00000,0x000000c0d3c00000)]
  0x000001e4d4ca5870 JavaThread "Cache worker for file hash cache (C:\Users\aanan\.gradle\caches\8.8\fileHashes)" [_thread_blocked, id=11608, stack(0x000000c0d3c00000,0x000000c0d3d00000)]
  0x000001e4d5bf1f60 JavaThread "Cache worker for file hash cache (C:\Users\aanan\Desktop\GitUsers\android\.gradle\8.8\fileHashes)" [_thread_blocked, id=15312, stack(0x000000c0d3e00000,0x000000c0d3f00000)]
  0x000001e4d5bedc00 JavaThread "File watcher server" daemon [_thread_in_native, id=8488, stack(0x000000c0d3f00000,0x000000c0d4000000)]
  0x000001e4d5bf4f80 JavaThread "File watcher consumer" daemon [_thread_blocked, id=14300, stack(0x000000c0d4000000,0x000000c0d4100000)]
  0x000001e4d5bef410 JavaThread "Cache worker for checksums cache (C:\Users\aanan\Desktop\GitUsers\android\.gradle\8.8\checksums)" [_thread_blocked, id=14552, stack(0x000000c0d4100000,0x000000c0d4200000)]
  0x000001e4d5bf10f0 JavaThread "Cache worker for file content cache (C:\Users\aanan\.gradle\caches\8.8\fileContent)" [_thread_blocked, id=5260, stack(0x000000c0d4200000,0x000000c0d4300000)]
  0x000001e4d5bf15c0 JavaThread "Cache worker for cache directory md-rule (C:\Users\aanan\.gradle\caches\8.8\md-rule)" [_thread_blocked, id=14224, stack(0x000000c0d4300000,0x000000c0d4400000)]
  0x000001e4d5bf1a90 JavaThread "Cache worker for cache directory md-supplier (C:\Users\aanan\.gradle\caches\8.8\md-supplier)" [_thread_blocked, id=9068, stack(0x000000c0d4400000,0x000000c0d4500000)]
  0x000001e4d5bf3c40 JavaThread "jar transforms" [_thread_blocked, id=6840, stack(0x000000c0d4500000,0x000000c0d4600000)]
  0x000001e4d5bef8e0 JavaThread "Unconstrained build operations" [_thread_blocked, id=12580, stack(0x000000c0d3d00000,0x000000c0d3e00000)]
  0x000001e4d5beea70 JavaThread "Unconstrained build operations Thread 2" [_thread_blocked, id=7852, stack(0x000000c0d4800000,0x000000c0d4900000)]
  0x000001e4d5bee0d0 JavaThread "Unconstrained build operations Thread 3" [_thread_blocked, id=1072, stack(0x000000c0d4900000,0x000000c0d4a00000)]
  0x000001e4d5bf45e0 JavaThread "Unconstrained build operations Thread 4" [_thread_blocked, id=14828, stack(0x000000c0d4a00000,0x000000c0d4b00000)]
  0x000001e4d5bf2dd0 JavaThread "Unconstrained build operations Thread 5" [_thread_blocked, id=11332, stack(0x000000c0d4b00000,0x000000c0d4c00000)]
  0x000001e4d5bf32a0 JavaThread "Unconstrained build operations Thread 6" [_thread_blocked, id=11524, stack(0x000000c0d4c00000,0x000000c0d4d00000)]
  0x000001e4d5bf0280 JavaThread "Cache worker for Build Output Cleanup Cache (C:\Users\aanan\Desktop\GitUsers\node_modules\@react-native\gradle-plugin\.gradle\buildOutputCleanup)" [_thread_blocked, id=7816, stack(0x000000c0d4e00000,0x000000c0d4f00000)]
  0x000001e4d8820f30 JavaThread "Unconstrained build operations Thread 7" [_thread_blocked, id=9212, stack(0x000000c0d4f00000,0x000000c0d5000000)]
  0x000001e4d8826f70 JavaThread "Unconstrained build operations Thread 8" [_thread_blocked, id=3008, stack(0x000000c0d5000000,0x000000c0d5100000)]
  0x000001e4d8822c10 JavaThread "Unconstrained build operations Thread 9" [_thread_in_Java, id=5988, stack(0x000000c0d5100000,0x000000c0d5200000)]
  0x000001e4d8825760 JavaThread "Unconstrained build operations Thread 10" [_thread_blocked, id=604, stack(0x000000c0d5200000,0x000000c0d5300000)]
  0x000001e4d8826100 JavaThread "Unconstrained build operations Thread 11" [_thread_in_Java, id=4908, stack(0x000000c0d5300000,0x000000c0d5400000)]
  0x000001e4d88265d0 JavaThread "Unconstrained build operations Thread 12" [_thread_in_native, id=6796, stack(0x000000c0d5400000,0x000000c0d5500000)]
  0x000001e4d8820590 JavaThread "Unconstrained build operations Thread 13" [_thread_blocked, id=3024, stack(0x000000c0d5500000,0x000000c0d5600000)]
  0x000001e4d8827910 JavaThread "Unconstrained build operations Thread 14" [_thread_blocked, id=5712, stack(0x000000c0d5600000,0x000000c0d5700000)]
  0x000001e4d88218d0 JavaThread "Unconstrained build operations Thread 15" [_thread_blocked, id=11072, stack(0x000000c0d5700000,0x000000c0d5800000)]
  0x000001e4d8826aa0 JavaThread "Memory manager" [_thread_blocked, id=8276, stack(0x000000c0d5800000,0x000000c0d5900000)]
  0x000001e4d8822270 JavaThread "build event listener" [_thread_blocked, id=4052, stack(0x000000c0d5900000,0x000000c0d5a00000)]
  0x000001e4d8824dc0 JavaThread "ForkJoinPool.commonPool-worker-1" daemon [_thread_blocked, id=7308, stack(0x000000c0d5a00000,0x000000c0d5b00000)]
  0x000001e4d8fd9d40 JavaThread "ForkJoinPool.commonPool-worker-2" daemon [_thread_blocked, id=5064, stack(0x000000c0d5b00000,0x000000c0d5c00000)]
  0x000001e4d8fdea40 JavaThread "ForkJoinPool.commonPool-worker-3" daemon [_thread_blocked, id=14008, stack(0x000000c0d5c00000,0x000000c0d5d00000)]
  0x000001e4d8fdcd60 JavaThread "Exec process" [_thread_blocked, id=11968, stack(0x000000c0d5d00000,0x000000c0d5e00000)]
  0x000001e4d8fdabb0 JavaThread "Exec process Thread 2" [_thread_blocked, id=2680, stack(0x000000c0d5e00000,0x000000c0d5f00000)]
  0x000001e4d8fda6e0 JavaThread "Exec process Thread 3" [_thread_blocked, id=10912, stack(0x000000c0d5f00000,0x000000c0d6000000)]
  0x000001e4d8dc8030 JavaThread "C2 CompilerThread1" daemon [_thread_in_native, id=796, stack(0x000000c0d4d00000,0x000000c0d4e00000)]
  0x000001e4d8fdb080 JavaThread "included builds" [_thread_blocked, id=14928, stack(0x000000c0d6000000,0x000000c0d6100000)]
  0x000001e4d8fdd700 JavaThread "Execution worker" [_thread_blocked, id=12428, stack(0x000000c0d6100000,0x000000c0d6200000)]
  0x000001e4d8fdf3e0 JavaThread "Execution worker Thread 2" [_thread_blocked, id=408, stack(0x000000c0d6200000,0x000000c0d6300000)]
  0x000001e4d8fdb550 JavaThread "Execution worker Thread 3" [_thread_blocked, id=14876, stack(0x000000c0d6300000,0x000000c0d6400000)]
  0x000001e4d8fdba20 JavaThread "Cache worker for execution history cache (C:\Users\aanan\Desktop\GitUsers\node_modules\@react-native\gradle-plugin\.gradle\8.8\executionHistory)" [_thread_blocked, id=4552, stack(0x000000c0d6400000,0x000000c0d6500000)]
  0x000001e4d8fde570 JavaThread "Unconstrained build operations Thread 16" [_thread_blocked, id=11420, stack(0x000000c0d6500000,0x000000c0d6600000)]
  0x000001e4d8fdc3c0 JavaThread "Unconstrained build operations Thread 17" [_thread_blocked, id=8872, stack(0x000000c0d6600000,0x000000c0d6700000)]
  0x000001e4d8fdc890 JavaThread "Unconstrained build operations Thread 18" [_thread_blocked, id=12700, stack(0x000000c0d6700000,0x000000c0d6800000)]
  0x000001e4d8fd9870 JavaThread "Unconstrained build operations Thread 19" [_thread_blocked, id=8440, stack(0x000000c0d6800000,0x000000c0d6900000)]
  0x000001e4d8fddbd0 JavaThread "Unconstrained build operations Thread 20" [_thread_blocked, id=6492, stack(0x000000c0d6900000,0x000000c0d6a00000)]
  0x000001e4d8fde0a0 JavaThread "Unconstrained build operations Thread 21" [_thread_blocked, id=8400, stack(0x000000c0d6a00000,0x000000c0d6b00000)]
  0x000001e4d8fd8060 JavaThread "Unconstrained build operations Thread 22" [_thread_blocked, id=3124, stack(0x000000c0d6b00000,0x000000c0d6c00000)]
  0x000001e4d8fd93a0 JavaThread "Unconstrained build operations Thread 23" [_thread_blocked, id=9752, stack(0x000000c0d6c00000,0x000000c0d6d00000)]
  0x000001e4d8fda210 JavaThread "Unconstrained build operations Thread 24" [_thread_blocked, id=12748, stack(0x000000c0d6d00000,0x000000c0d6e00000)]
  0x000001e4d8fdbef0 JavaThread "Unconstrained build operations Thread 25" [_thread_blocked, id=7888, stack(0x000000c0d6e00000,0x000000c0d6f00000)]
  0x000001e4d8fdd230 JavaThread "Unconstrained build operations Thread 26" [_thread_blocked, id=8804, stack(0x000000c0d6f00000,0x000000c0d7000000)]
  0x000001e4d8fdef10 JavaThread "Unconstrained build operations Thread 27" [_thread_blocked, id=1092, stack(0x000000c0d7000000,0x000000c0d7100000)]
  0x000001e4d8fdf8b0 JavaThread "Unconstrained build operations Thread 28" [_thread_blocked, id=9876, stack(0x000000c0d7100000,0x000000c0d7200000)]
  0x000001e4d8fd8530 JavaThread "Unconstrained build operations Thread 29" [_thread_blocked, id=13540, stack(0x000000c0d7200000,0x000000c0d7300000)]
  0x000001e4d8fd8a00 JavaThread "Unconstrained build operations Thread 30" [_thread_blocked, id=7400, stack(0x000000c0d7300000,0x000000c0d7400000)]
  0x000001e4d8fd8ed0 JavaThread "Unconstrained build operations Thread 31" [_thread_blocked, id=2336, stack(0x000000c0d7400000,0x000000c0d7500000)]
  0x000001e4d88248f0 JavaThread "Unconstrained build operations Thread 32" [_thread_blocked, id=13072, stack(0x000000c0d7500000,0x000000c0d7600000)]
  0x000001e4db16f6e0 JavaThread "Unconstrained build operations Thread 33" [_thread_blocked, id=12920, stack(0x000000c0d7600000,0x000000c0d7700000)]
  0x000001e4db173a40 JavaThread "Unconstrained build operations Thread 34" [_thread_blocked, id=9016, stack(0x000000c0d7700000,0x000000c0d7800000)]
  0x000001e4db16ed40 JavaThread "Unconstrained build operations Thread 35" [_thread_blocked, id=2496, stack(0x000000c0d7800000,0x000000c0d7900000)]
  0x000001e4db173570 JavaThread "Unconstrained build operations Thread 36" [_thread_blocked, id=8360, stack(0x000000c0d7900000,0x000000c0d7a00000)]
  0x000001e4db172bd0 JavaThread "jar transforms Thread 2" [_thread_blocked, id=1984, stack(0x000000c0d7a00000,0x000000c0d7b00000)]
  0x000001e4db170ef0 JavaThread "Cache worker for Build Output Cleanup Cache (C:\Users\aanan\Desktop\GitUsers\android\.gradle\buildOutputCleanup)" [_thread_blocked, id=2580, stack(0x000000c0d7b00000,0x000000c0d7c00000)]
  0x000001e4db170080 JavaThread "jar transforms Thread 3" [_thread_blocked, id=5804, stack(0x000000c0d7c00000,0x000000c0d7d00000)]
  0x000001e4db1730a0 JavaThread "Unconstrained build operations Thread 37" [_thread_blocked, id=8744, stack(0x000000c0d7f00000,0x000000c0d8000000)]
  0x000001e4db1748b0 JavaThread "Unconstrained build operations Thread 38" [_thread_blocked, id=12000, stack(0x000000c0d8000000,0x000000c0d8100000)]
  0x000001e4db173f10 JavaThread "Unconstrained build operations Thread 39" [_thread_blocked, id=9408, stack(0x000000c0d8100000,0x000000c0d8200000)]
  0x000001e4db1743e0 JavaThread "Unconstrained build operations Thread 40" [_thread_blocked, id=4480, stack(0x000000c0d8200000,0x000000c0d8300000)]

Other Threads:
  0x000001e4d29e5a60 VMThread "VM Thread" [stack: 0x000000c0d2000000,0x000000c0d2100000] [id=14232]
  0x000001e4b514c2f0 WatcherThread [stack: 0x000000c0d2c00000,0x000000c0d2d00000] [id=7976]
  0x000001e4b304e7d0 GCTaskThread "GC Thread#0" [stack: 0x000000c0d1b00000,0x000000c0d1c00000] [id=4868]
  0x000001e4d34fbf10 GCTaskThread "GC Thread#1" [stack: 0x000000c0d2d00000,0x000000c0d2e00000] [id=3508]
  0x000001e4d3747e80 GCTaskThread "GC Thread#2" [stack: 0x000000c0d2e00000,0x000000c0d2f00000] [id=9264]
  0x000001e4d42ae270 GCTaskThread "GC Thread#3" [stack: 0x000000c0d3000000,0x000000c0d3100000] [id=3444]
  0x000001e4b5196d00 ConcurrentGCThread "G1 Main Marker" [stack: 0x000000c0d1c00000,0x000000c0d1d00000] [id=10056]
  0x000001e4b5197dc0 ConcurrentGCThread "G1 Conc#0" [stack: 0x000000c0d1d00000,0x000000c0d1e00000] [id=9556]
  0x000001e4b51fcd90 ConcurrentGCThread "G1 Refine#0" [stack: 0x000000c0d1e00000,0x000000c0d1f00000] [id=6488]
  0x000001e4d4373cc0 ConcurrentGCThread "G1 Refine#1" [stack: 0x000000c0d4600000,0x000000c0d4700000] [id=8116]
  0x000001e4b51fd6c0 ConcurrentGCThread "G1 Service" [stack: 0x000000c0d1f00000,0x000000c0d2000000] [id=14192]

Threads with active compile tasks:
C2 CompilerThread0    35918 10956   !   4       java.nio.file.FileTreeWalker::visit (204 bytes)
C2 CompilerThread1    35919 10981       4       sun.nio.cs.UTF_8$Decoder::decodeArrayLoop (688 bytes)

VM state: not at safepoint (normal execution)

VM Mutex/Monitor currently owned by a thread: None

Heap address: 0x0000000080000000, size: 2048 MB, Compressed Oops mode: 32-bit

CDS archive(s) mapped at: [0x0000000800000000-0x0000000800bc0000-0x0000000800bc0000), size 12320768, SharedBaseAddress: 0x0000000800000000, ArchiveRelocationMode: 0.
Compressed class space mapped at: 0x0000000800c00000-0x000000081a800000, reserved size: 432013312
Narrow klass base: 0x0000000800000000, Narrow klass shift: 0, Narrow klass range: 0x100000000

GC Precious Log:
 CPUs: 4 total, 4 available
 Memory: 6024M
 Large Page Support: Disabled
 NUMA Support: Disabled
 Compressed Oops: Enabled (32-bit)
 Heap Region Size: 1M
 Heap Min Capacity: 8M
 Heap Initial Capacity: 96M
 Heap Max Capacity: 2G
 Pre-touch: Disabled
 Parallel Workers: 4
 Concurrent Workers: 1
 Concurrent Refinement Workers: 4
 Periodic GC: Disabled

Heap:
 garbage-first heap   total 263168K, used 90644K [0x0000000080000000, 0x0000000100000000)
  region size 1024K, 9 young (9216K), 7 survivors (7168K)
 Metaspace       used 77077K, committed 77952K, reserved 495616K
  class space    used 10786K, committed 11200K, reserved 421888K

Heap Regions: E=young(eden), S=young(survivor), O=old, HS=humongous(starts), HC=humongous(continues), CS=collection set, F=free, OA=open archive, CA=closed archive, TAMS=top-at-mark-start (previous, next)
|   0|0x0000000080000000, 0x0000000080100000, 0x0000000080100000|100%|HS|  |TAMS 0x0000000080100000, 0x0000000080000000| Complete 
|   1|0x0000000080100000, 0x0000000080200000, 0x0000000080200000|100%|HC|  |TAMS 0x0000000080200000, 0x0000000080100000| Complete 
|   2|0x0000000080200000, 0x0000000080300000, 0x0000000080300000|100%|HC|  |TAMS 0x0000000080300000, 0x0000000080200000| Complete 
|   3|0x0000000080300000, 0x0000000080400000, 0x0000000080400000|100%|HC|  |TAMS 0x0000000080400000, 0x0000000080300000| Complete 
|   4|0x0000000080400000, 0x0000000080500000, 0x0000000080500000|100%| O|  |TAMS 0x0000000080500000, 0x0000000080400000| Untracked 
|   5|0x0000000080500000, 0x0000000080600000, 0x0000000080600000|100%| O|  |TAMS 0x0000000080600000, 0x0000000080500000| Untracked 
|   6|0x0000000080600000, 0x0000000080700000, 0x0000000080700000|100%| O|  |TAMS 0x0000000080700000, 0x0000000080600000| Untracked 
|   7|0x0000000080700000, 0x0000000080800000, 0x0000000080800000|100%| O|  |TAMS 0x0000000080800000, 0x0000000080700000| Untracked 
|   8|0x0000000080800000, 0x0000000080900000, 0x0000000080900000|100%| O|  |TAMS 0x0000000080900000, 0x0000000080800000| Untracked 
|   9|0x0000000080900000, 0x0000000080a00000, 0x0000000080a00000|100%| O|  |TAMS 0x0000000080a00000, 0x0000000080900000| Untracked 
|  10|0x0000000080a00000, 0x0000000080b00000, 0x0000000080b00000|100%| O|  |TAMS 0x0000000080b00000, 0x0000000080a00000| Untracked 
|  11|0x0000000080b00000, 0x0000000080c00000, 0x0000000080c00000|100%|HS|  |TAMS 0x0000000080c00000, 0x0000000080b00000| Complete 
|  12|0x0000000080c00000, 0x0000000080d00000, 0x0000000080d00000|100%| O|  |TAMS 0x0000000080d00000, 0x0000000080c00000| Untracked 
|  13|0x0000000080d00000, 0x0000000080e00000, 0x0000000080e00000|100%| O|  |TAMS 0x0000000080e00000, 0x0000000080d00000| Untracked 
|  14|0x0000000080e00000, 0x0000000080f00000, 0x0000000080f00000|100%| O|  |TAMS 0x0000000080f00000, 0x0000000080e00000| Untracked 
|  15|0x0000000080f00000, 0x0000000081000000, 0x0000000081000000|100%| O|  |TAMS 0x0000000081000000, 0x0000000080f00000| Untracked 
|  16|0x0000000081000000, 0x0000000081100000, 0x0000000081100000|100%| O|  |TAMS 0x0000000081100000, 0x0000000081000000| Untracked 
|  17|0x0000000081100000, 0x0000000081200000, 0x0000000081200000|100%| O|  |TAMS 0x0000000081200000, 0x0000000081100000| Untracked 
|  18|0x0000000081200000, 0x0000000081300000, 0x0000000081300000|100%| O|  |TAMS 0x0000000081300000, 0x0000000081200000| Untracked 
|  19|0x0000000081300000, 0x00000000813a2800, 0x0000000081400000| 63%| O|  |TAMS 0x00000000813a2800, 0x0000000081300000| Untracked 
|  20|0x0000000081400000, 0x0000000081500000, 0x0000000081500000|100%| O|  |TAMS 0x0000000081500000, 0x0000000081400000| Untracked 
|  21|0x0000000081500000, 0x0000000081600000, 0x0000000081600000|100%| O|  |TAMS 0x0000000081600000, 0x0000000081500000| Untracked 
|  22|0x0000000081600000, 0x0000000081700000, 0x0000000081700000|100%| O|  |TAMS 0x0000000081700000, 0x0000000081600000| Untracked 
|  23|0x0000000081700000, 0x0000000081800000, 0x0000000081800000|100%| O|  |TAMS 0x0000000081800000, 0x0000000081700000| Untracked 
|  24|0x0000000081800000, 0x0000000081900000, 0x0000000081900000|100%| O|  |TAMS 0x0000000081900000, 0x0000000081800000| Untracked 
|  25|0x0000000081900000, 0x0000000081a00000, 0x0000000081a00000|100%| O|  |TAMS 0x0000000081a00000, 0x0000000081900000| Untracked 
|  26|0x0000000081a00000, 0x0000000081b00000, 0x0000000081b00000|100%| O|  |TAMS 0x0000000081b00000, 0x0000000081a00000| Untracked 
|  27|0x0000000081b00000, 0x0000000081c00000, 0x0000000081c00000|100%| O|  |TAMS 0x0000000081c00000, 0x0000000081b00000| Untracked 
|  28|0x0000000081c00000, 0x0000000081d00000, 0x0000000081d00000|100%| O|  |TAMS 0x0000000081d00000, 0x0000000081c00000| Untracked 
|  29|0x0000000081d00000, 0x0000000081e00000, 0x0000000081e00000|100%| O|  |TAMS 0x0000000081e00000, 0x0000000081d00000| Untracked 
|  30|0x0000000081e00000, 0x0000000081f00000, 0x0000000081f00000|100%| O|  |TAMS 0x0000000081f00000, 0x0000000081e00000| Untracked 
|  31|0x0000000081f00000, 0x0000000082000000, 0x0000000082000000|100%| O|  |TAMS 0x0000000082000000, 0x0000000081f00000| Untracked 
|  32|0x0000000082000000, 0x0000000082100000, 0x0000000082100000|100%| O|  |TAMS 0x0000000082100000, 0x0000000082000000| Untracked 
|  33|0x0000000082100000, 0x0000000082200000, 0x0000000082200000|100%| O|  |TAMS 0x0000000082200000, 0x0000000082100000| Untracked 
|  34|0x0000000082200000, 0x0000000082300000, 0x0000000082300000|100%| O|  |TAMS 0x0000000082300000, 0x0000000082200000| Untracked 
|  35|0x0000000082300000, 0x0000000082400000, 0x0000000082400000|100%| O|  |TAMS 0x0000000082400000, 0x0000000082300000| Untracked 
|  36|0x0000000082400000, 0x0000000082500000, 0x0000000082500000|100%| O|  |TAMS 0x0000000082500000, 0x0000000082400000| Untracked 
|  37|0x0000000082500000, 0x0000000082600000, 0x0000000082600000|100%| O|  |TAMS 0x0000000082600000, 0x0000000082500000| Untracked 
|  38|0x0000000082600000, 0x0000000082700000, 0x0000000082700000|100%| O|  |TAMS 0x0000000082700000, 0x0000000082600000| Untracked 
|  39|0x0000000082700000, 0x0000000082800000, 0x0000000082800000|100%| O|  |TAMS 0x0000000082800000, 0x0000000082700000| Untracked 
|  40|0x0000000082800000, 0x0000000082900000, 0x0000000082900000|100%| O|  |TAMS 0x0000000082900000, 0x0000000082800000| Untracked 
|  41|0x0000000082900000, 0x0000000082a00000, 0x0000000082a00000|100%| O|  |TAMS 0x0000000082a00000, 0x0000000082900000| Untracked 
|  42|0x0000000082a00000, 0x0000000082b00000, 0x0000000082b00000|100%| O|  |TAMS 0x0000000082b00000, 0x0000000082a00000| Untracked 
|  43|0x0000000082b00000, 0x0000000082c00000, 0x0000000082c00000|100%| O|  |TAMS 0x0000000082c00000, 0x0000000082b00000| Untracked 
|  44|0x0000000082c00000, 0x0000000082d00000, 0x0000000082d00000|100%| O|  |TAMS 0x0000000082c00000, 0x0000000082c00000| Untracked 
|  45|0x0000000082d00000, 0x0000000082e00000, 0x0000000082e00000|100%| O|  |TAMS 0x0000000082e00000, 0x0000000082d00000| Untracked 
|  46|0x0000000082e00000, 0x0000000082f00000, 0x0000000082f00000|100%| O|  |TAMS 0x0000000082f00000, 0x0000000082e00000| Untracked 
|  47|0x0000000082f00000, 0x0000000083000000, 0x0000000083000000|100%|HS|  |TAMS 0x0000000083000000, 0x0000000082f00000| Complete 
|  48|0x0000000083000000, 0x0000000083100000, 0x0000000083100000|100%|HC|  |TAMS 0x0000000083100000, 0x0000000083000000| Complete 
|  49|0x0000000083100000, 0x0000000083200000, 0x0000000083200000|100%|HS|  |TAMS 0x0000000083200000, 0x0000000083100000| Complete 
|  50|0x0000000083200000, 0x0000000083300000, 0x0000000083300000|100%|HC|  |TAMS 0x0000000083300000, 0x0000000083200000| Complete 
|  51|0x0000000083300000, 0x0000000083400000, 0x0000000083400000|100%|HS|  |TAMS 0x0000000083400000, 0x0000000083300000| Complete 
|  52|0x0000000083400000, 0x0000000083500000, 0x0000000083500000|100%|HC|  |TAMS 0x0000000083500000, 0x0000000083400000| Complete 
|  53|0x0000000083500000, 0x0000000083600000, 0x0000000083600000|100%|HC|  |TAMS 0x0000000083600000, 0x0000000083500000| Complete 
|  54|0x0000000083600000, 0x0000000083700000, 0x0000000083700000|100%|HC|  |TAMS 0x0000000083700000, 0x0000000083600000| Complete 
|  55|0x0000000083700000, 0x0000000083800000, 0x0000000083800000|100%|HS|  |TAMS 0x0000000083800000, 0x0000000083700000| Complete 
|  56|0x0000000083800000, 0x0000000083900000, 0x0000000083900000|100%|HC|  |TAMS 0x0000000083900000, 0x0000000083800000| Complete 
|  57|0x0000000083900000, 0x0000000083a00000, 0x0000000083a00000|100%|HC|  |TAMS 0x0000000083a00000, 0x0000000083900000| Complete 
|  58|0x0000000083a00000, 0x0000000083b00000, 0x0000000083b00000|100%|HC|  |TAMS 0x0000000083b00000, 0x0000000083a00000| Complete 
|  59|0x0000000083b00000, 0x0000000083c00000, 0x0000000083c00000|100%| O|  |TAMS 0x0000000083c00000, 0x0000000083b00000| Untracked 
|  60|0x0000000083c00000, 0x0000000083d00000, 0x0000000083d00000|100%| O|  |TAMS 0x0000000083d00000, 0x0000000083c00000| Untracked 
|  61|0x0000000083d00000, 0x0000000083e00000, 0x0000000083e00000|100%| O|  |TAMS 0x0000000083e00000, 0x0000000083d00000| Untracked 
|  62|0x0000000083e00000, 0x0000000083f00000, 0x0000000083f00000|100%| O|  |TAMS 0x0000000083f00000, 0x0000000083e00000| Untracked 
|  63|0x0000000083f00000, 0x0000000084000000, 0x0000000084000000|100%| O|  |TAMS 0x0000000084000000, 0x0000000083f00000| Untracked 
|  64|0x0000000084000000, 0x0000000084100000, 0x0000000084100000|100%| O|  |TAMS 0x0000000084100000, 0x0000000084000000| Untracked 
|  65|0x0000000084100000, 0x0000000084200000, 0x0000000084200000|100%| O|  |TAMS 0x0000000084200000, 0x0000000084100000| Untracked 
|  66|0x0000000084200000, 0x0000000084300000, 0x0000000084300000|100%| O|  |TAMS 0x0000000084300000, 0x0000000084200000| Untracked 
|  67|0x0000000084300000, 0x0000000084400000, 0x0000000084400000|100%| O|  |TAMS 0x0000000084400000, 0x0000000084300000| Untracked 
|  68|0x0000000084400000, 0x0000000084400000, 0x0000000084500000|  0%| F|  |TAMS 0x0000000084400000, 0x0000000084400000| Untracked 
|  69|0x0000000084500000, 0x0000000084500000, 0x0000000084600000|  0%| F|  |TAMS 0x0000000084500000, 0x0000000084500000| Untracked 
|  70|0x0000000084600000, 0x0000000084700000, 0x0000000084700000|100%| O|  |TAMS 0x0000000084700000, 0x0000000084600000| Untracked 
|  71|0x0000000084700000, 0x0000000084800000, 0x0000000084800000|100%| O|  |TAMS 0x0000000084800000, 0x0000000084700000| Untracked 
|  72|0x0000000084800000, 0x0000000084900000, 0x0000000084900000|100%| O|  |TAMS 0x0000000084900000, 0x0000000084800000| Untracked 
|  73|0x0000000084900000, 0x0000000084a00000, 0x0000000084a00000|100%| O|  |TAMS 0x0000000084a00000, 0x0000000084900000| Untracked 
|  74|0x0000000084a00000, 0x0000000084b00000, 0x0000000084b00000|100%| O|  |TAMS 0x0000000084b00000, 0x0000000084a00000| Untracked 
|  75|0x0000000084b00000, 0x0000000084c00000, 0x0000000084c00000|100%| O|  |TAMS 0x0000000084c00000, 0x0000000084b00000| Untracked 
|  76|0x0000000084c00000, 0x0000000084d00000, 0x0000000084d00000|100%| O|  |TAMS 0x0000000084c2a608, 0x0000000084c00000| Untracked 
|  77|0x0000000084d00000, 0x0000000084e00000, 0x0000000084e00000|100%| O|  |TAMS 0x0000000084d00000, 0x0000000084d00000| Untracked 
|  78|0x0000000084e00000, 0x0000000084f00000, 0x0000000084f00000|100%| O|  |TAMS 0x0000000084e00000, 0x0000000084e00000| Untracked 
|  79|0x0000000084f00000, 0x0000000085000000, 0x0000000085000000|100%| O|  |TAMS 0x0000000084f00000, 0x0000000084f00000| Untracked 
|  80|0x0000000085000000, 0x0000000085100000, 0x0000000085100000|100%| O|  |TAMS 0x0000000085000000, 0x0000000085000000| Untracked 
|  81|0x0000000085100000, 0x0000000085200000, 0x0000000085200000|100%| O|  |TAMS 0x0000000085100000, 0x0000000085100000| Untracked 
|  82|0x0000000085200000, 0x0000000085300000, 0x0000000085300000|100%| O|  |TAMS 0x0000000085200000, 0x0000000085200000| Untracked 
|  83|0x0000000085300000, 0x0000000085367800, 0x0000000085400000| 40%| O|  |TAMS 0x0000000085300000, 0x0000000085300000| Untracked 
|  84|0x0000000085400000, 0x0000000085400000, 0x0000000085500000|  0%| F|  |TAMS 0x0000000085400000, 0x0000000085400000| Untracked 
|  85|0x0000000085500000, 0x0000000085500000, 0x0000000085600000|  0%| F|  |TAMS 0x0000000085500000, 0x0000000085500000| Untracked 
|  86|0x0000000085600000, 0x0000000085600000, 0x0000000085700000|  0%| F|  |TAMS 0x0000000085600000, 0x0000000085600000| Untracked 
|  87|0x0000000085700000, 0x0000000085700000, 0x0000000085800000|  0%| F|  |TAMS 0x0000000085700000, 0x0000000085700000| Untracked 
|  88|0x0000000085800000, 0x0000000085800000, 0x0000000085900000|  0%| F|  |TAMS 0x0000000085800000, 0x0000000085800000| Untracked 
|  89|0x0000000085900000, 0x0000000085900000, 0x0000000085a00000|  0%| F|  |TAMS 0x0000000085900000, 0x0000000085900000| Untracked 
|  90|0x0000000085a00000, 0x0000000085a00000, 0x0000000085b00000|  0%| F|  |TAMS 0x0000000085a00000, 0x0000000085a00000| Untracked 
|  91|0x0000000085b00000, 0x0000000085b00000, 0x0000000085c00000|  0%| F|  |TAMS 0x0000000085b00000, 0x0000000085b00000| Untracked 
|  92|0x0000000085c00000, 0x0000000085c00000, 0x0000000085d00000|  0%| F|  |TAMS 0x0000000085c00000, 0x0000000085c00000| Untracked 
|  93|0x0000000085d00000, 0x0000000085d00000, 0x0000000085e00000|  0%| F|  |TAMS 0x0000000085d00000, 0x0000000085d00000| Untracked 
|  94|0x0000000085e00000, 0x0000000085e00000, 0x0000000085f00000|  0%| F|  |TAMS 0x0000000085e00000, 0x0000000085e00000| Untracked 
|  95|0x0000000085f00000, 0x0000000085f00000, 0x0000000086000000|  0%| F|  |TAMS 0x0000000085f00000, 0x0000000085f00000| Untracked 
|  96|0x0000000086000000, 0x0000000086000000, 0x0000000086100000|  0%| F|  |TAMS 0x0000000086000000, 0x0000000086000000| Untracked 
|  97|0x0000000086100000, 0x0000000086100000, 0x0000000086200000|  0%| F|  |TAMS 0x0000000086100000, 0x0000000086100000| Untracked 
|  98|0x0000000086200000, 0x0000000086200000, 0x0000000086300000|  0%| F|  |TAMS 0x0000000086200000, 0x0000000086200000| Untracked 
|  99|0x0000000086300000, 0x0000000086300000, 0x0000000086400000|  0%| F|  |TAMS 0x0000000086300000, 0x0000000086300000| Untracked 
| 100|0x0000000086400000, 0x0000000086400000, 0x0000000086500000|  0%| F|  |TAMS 0x0000000086400000, 0x0000000086400000| Untracked 
| 101|0x0000000086500000, 0x0000000086500000, 0x0000000086600000|  0%| F|  |TAMS 0x0000000086500000, 0x0000000086500000| Untracked 
| 102|0x0000000086600000, 0x0000000086600000, 0x0000000086700000|  0%| F|  |TAMS 0x0000000086600000, 0x0000000086600000| Untracked 
| 103|0x0000000086700000, 0x0000000086700000, 0x0000000086800000|  0%| F|  |TAMS 0x0000000086700000, 0x0000000086700000| Untracked 
| 104|0x0000000086800000, 0x0000000086800000, 0x0000000086900000|  0%| F|  |TAMS 0x0000000086800000, 0x0000000086800000| Untracked 
| 105|0x0000000086900000, 0x0000000086900000, 0x0000000086a00000|  0%| F|  |TAMS 0x0000000086900000, 0x0000000086900000| Untracked 
| 106|0x0000000086a00000, 0x0000000086a00000, 0x0000000086b00000|  0%| F|  |TAMS 0x0000000086a00000, 0x0000000086a00000| Untracked 
| 107|0x0000000086b00000, 0x0000000086b00000, 0x0000000086c00000|  0%| F|  |TAMS 0x0000000086b00000, 0x0000000086b00000| Untracked 
| 108|0x0000000086c00000, 0x0000000086c00000, 0x0000000086d00000|  0%| F|  |TAMS 0x0000000086c00000, 0x0000000086c00000| Untracked 
| 109|0x0000000086d00000, 0x0000000086d00000, 0x0000000086e00000|  0%| F|  |TAMS 0x0000000086d00000, 0x0000000086d00000| Untracked 
| 110|0x0000000086e00000, 0x0000000086e00000, 0x0000000086f00000|  0%| F|  |TAMS 0x0000000086e00000, 0x0000000086e00000| Untracked 
| 111|0x0000000086f00000, 0x0000000086f00000, 0x0000000087000000|  0%| F|  |TAMS 0x0000000086f00000, 0x0000000086f00000| Untracked 
| 112|0x0000000087000000, 0x0000000087000000, 0x0000000087100000|  0%| F|  |TAMS 0x0000000087000000, 0x0000000087000000| Untracked 
| 113|0x0000000087100000, 0x0000000087100000, 0x0000000087200000|  0%| F|  |TAMS 0x0000000087100000, 0x0000000087100000| Untracked 
| 114|0x0000000087200000, 0x0000000087200000, 0x0000000087300000|  0%| F|  |TAMS 0x0000000087200000, 0x0000000087200000| Untracked 
| 115|0x0000000087300000, 0x0000000087300000, 0x0000000087400000|  0%| F|  |TAMS 0x0000000087300000, 0x0000000087300000| Untracked 
| 116|0x0000000087400000, 0x0000000087400000, 0x0000000087500000|  0%| F|  |TAMS 0x0000000087400000, 0x0000000087400000| Untracked 
| 117|0x0000000087500000, 0x0000000087500000, 0x0000000087600000|  0%| F|  |TAMS 0x0000000087500000, 0x0000000087500000| Untracked 
| 118|0x0000000087600000, 0x0000000087600000, 0x0000000087700000|  0%| F|  |TAMS 0x0000000087600000, 0x0000000087600000| Untracked 
| 119|0x0000000087700000, 0x0000000087700000, 0x0000000087800000|  0%| F|  |TAMS 0x0000000087700000, 0x0000000087700000| Untracked 
| 120|0x0000000087800000, 0x0000000087800000, 0x0000000087900000|  0%| F|  |TAMS 0x0000000087800000, 0x0000000087800000| Untracked 
| 121|0x0000000087900000, 0x0000000087900000, 0x0000000087a00000|  0%| F|  |TAMS 0x0000000087900000, 0x0000000087900000| Untracked 
| 122|0x0000000087a00000, 0x0000000087a00000, 0x0000000087b00000|  0%| F|  |TAMS 0x0000000087a00000, 0x0000000087a00000| Untracked 
| 123|0x0000000087b00000, 0x0000000087b00000, 0x0000000087c00000|  0%| F|  |TAMS 0x0000000087b00000, 0x0000000087b00000| Untracked 
| 124|0x0000000087c00000, 0x0000000087c00000, 0x0000000087d00000|  0%| F|  |TAMS 0x0000000087c00000, 0x0000000087c00000| Untracked 
| 125|0x0000000087d00000, 0x0000000087d00000, 0x0000000087e00000|  0%| F|  |TAMS 0x0000000087d00000, 0x0000000087d00000| Untracked 
| 126|0x0000000087e00000, 0x0000000087e00000, 0x0000000087f00000|  0%| F|  |TAMS 0x0000000087e00000, 0x0000000087e00000| Untracked 
| 127|0x0000000087f00000, 0x0000000087f00000, 0x0000000088000000|  0%| F|  |TAMS 0x0000000087f00000, 0x0000000087f00000| Untracked 
| 128|0x0000000088000000, 0x0000000088000000, 0x0000000088100000|  0%| F|  |TAMS 0x0000000088000000, 0x0000000088000000| Untracked 
| 129|0x0000000088100000, 0x0000000088100000, 0x0000000088200000|  0%| F|  |TAMS 0x0000000088100000, 0x0000000088100000| Untracked 
| 130|0x0000000088200000, 0x0000000088200000, 0x0000000088300000|  0%| F|  |TAMS 0x0000000088200000, 0x0000000088200000| Untracked 
| 131|0x0000000088300000, 0x0000000088300000, 0x0000000088400000|  0%| F|  |TAMS 0x0000000088300000, 0x0000000088300000| Untracked 
| 132|0x0000000088400000, 0x0000000088400000, 0x0000000088500000|  0%| F|  |TAMS 0x0000000088400000, 0x0000000088400000| Untracked 
| 133|0x0000000088500000, 0x0000000088500000, 0x0000000088600000|  0%| F|  |TAMS 0x0000000088500000, 0x0000000088500000| Untracked 
| 134|0x0000000088600000, 0x0000000088600000, 0x0000000088700000|  0%| F|  |TAMS 0x0000000088600000, 0x0000000088600000| Untracked 
| 135|0x0000000088700000, 0x0000000088700000, 0x0000000088800000|  0%| F|  |TAMS 0x0000000088700000, 0x0000000088700000| Untracked 
| 136|0x0000000088800000, 0x0000000088800000, 0x0000000088900000|  0%| F|  |TAMS 0x0000000088800000, 0x0000000088800000| Untracked 
| 137|0x0000000088900000, 0x0000000088900000, 0x0000000088a00000|  0%| F|  |TAMS 0x0000000088900000, 0x0000000088900000| Untracked 
| 138|0x0000000088a00000, 0x0000000088a00000, 0x0000000088b00000|  0%| F|  |TAMS 0x0000000088a00000, 0x0000000088a00000| Untracked 
| 139|0x0000000088b00000, 0x0000000088b00000, 0x0000000088c00000|  0%| F|  |TAMS 0x0000000088b00000, 0x0000000088b00000| Untracked 
| 140|0x0000000088c00000, 0x0000000088c00000, 0x0000000088d00000|  0%| F|  |TAMS 0x0000000088c00000, 0x0000000088c00000| Untracked 
| 141|0x0000000088d00000, 0x0000000088d00000, 0x0000000088e00000|  0%| F|  |TAMS 0x0000000088d00000, 0x0000000088d00000| Untracked 
| 142|0x0000000088e00000, 0x0000000088e7b1c0, 0x0000000088f00000| 48%| S|CS|TAMS 0x0000000088e00000, 0x0000000088e00000| Complete 
| 143|0x0000000088f00000, 0x0000000089000000, 0x0000000089000000|100%| S|CS|TAMS 0x0000000088f00000, 0x0000000088f00000| Complete 
| 144|0x0000000089000000, 0x0000000089100000, 0x0000000089100000|100%| S|CS|TAMS 0x0000000089000000, 0x0000000089000000| Complete 
| 145|0x0000000089100000, 0x0000000089200000, 0x0000000089200000|100%| S|CS|TAMS 0x0000000089100000, 0x0000000089100000| Complete 
| 146|0x0000000089200000, 0x0000000089300000, 0x0000000089300000|100%| S|CS|TAMS 0x0000000089200000, 0x0000000089200000| Complete 
| 147|0x0000000089300000, 0x0000000089400000, 0x0000000089400000|100%| S|CS|TAMS 0x0000000089300000, 0x0000000089300000| Complete 
| 148|0x0000000089400000, 0x0000000089500000, 0x0000000089500000|100%| S|CS|TAMS 0x0000000089400000, 0x0000000089400000| Complete 
| 149|0x0000000089500000, 0x0000000089500000, 0x0000000089600000|  0%| F|  |TAMS 0x0000000089500000, 0x0000000089500000| Untracked 
| 150|0x0000000089600000, 0x0000000089600000, 0x0000000089700000|  0%| F|  |TAMS 0x0000000089600000, 0x0000000089600000| Untracked 
| 151|0x0000000089700000, 0x0000000089700000, 0x0000000089800000|  0%| F|  |TAMS 0x0000000089700000, 0x0000000089700000| Untracked 
| 152|0x0000000089800000, 0x0000000089800000, 0x0000000089900000|  0%| F|  |TAMS 0x0000000089800000, 0x0000000089800000| Untracked 
| 153|0x0000000089900000, 0x0000000089900000, 0x0000000089a00000|  0%| F|  |TAMS 0x0000000089900000, 0x0000000089900000| Untracked 
| 154|0x0000000089a00000, 0x0000000089a00000, 0x0000000089b00000|  0%| F|  |TAMS 0x0000000089a00000, 0x0000000089a00000| Untracked 
| 155|0x0000000089b00000, 0x0000000089b00000, 0x0000000089c00000|  0%| F|  |TAMS 0x0000000089b00000, 0x0000000089b00000| Untracked 
| 156|0x0000000089c00000, 0x0000000089c00000, 0x0000000089d00000|  0%| F|  |TAMS 0x0000000089c00000, 0x0000000089c00000| Untracked 
| 157|0x0000000089d00000, 0x0000000089d00000, 0x0000000089e00000|  0%| F|  |TAMS 0x0000000089d00000, 0x0000000089d00000| Untracked 
| 158|0x0000000089e00000, 0x0000000089e00000, 0x0000000089f00000|  0%| F|  |TAMS 0x0000000089e00000, 0x0000000089e00000| Untracked 
| 159|0x0000000089f00000, 0x0000000089f00000, 0x000000008a000000|  0%| F|  |TAMS 0x0000000089f00000, 0x0000000089f00000| Untracked 
| 160|0x000000008a000000, 0x000000008a000000, 0x000000008a100000|  0%| F|  |TAMS 0x000000008a000000, 0x000000008a000000| Untracked 
| 161|0x000000008a100000, 0x000000008a100000, 0x000000008a200000|  0%| F|  |TAMS 0x000000008a100000, 0x000000008a100000| Untracked 
| 162|0x000000008a200000, 0x000000008a200000, 0x000000008a300000|  0%| F|  |TAMS 0x000000008a200000, 0x000000008a200000| Untracked 
| 163|0x000000008a300000, 0x000000008a300000, 0x000000008a400000|  0%| F|  |TAMS 0x000000008a300000, 0x000000008a300000| Untracked 
| 164|0x000000008a400000, 0x000000008a400000, 0x000000008a500000|  0%| F|  |TAMS 0x000000008a400000, 0x000000008a400000| Untracked 
| 165|0x000000008a500000, 0x000000008a500000, 0x000000008a600000|  0%| F|  |TAMS 0x000000008a500000, 0x000000008a500000| Untracked 
| 166|0x000000008a600000, 0x000000008a600000, 0x000000008a700000|  0%| F|  |TAMS 0x000000008a600000, 0x000000008a600000| Untracked 
| 167|0x000000008a700000, 0x000000008a700000, 0x000000008a800000|  0%| F|  |TAMS 0x000000008a700000, 0x000000008a700000| Untracked 
| 168|0x000000008a800000, 0x000000008a800000, 0x000000008a900000|  0%| F|  |TAMS 0x000000008a800000, 0x000000008a800000| Untracked 
| 169|0x000000008a900000, 0x000000008a900000, 0x000000008aa00000|  0%| F|  |TAMS 0x000000008a900000, 0x000000008a900000| Untracked 
| 170|0x000000008aa00000, 0x000000008aa00000, 0x000000008ab00000|  0%| F|  |TAMS 0x000000008aa00000, 0x000000008aa00000| Untracked 
| 171|0x000000008ab00000, 0x000000008ab00000, 0x000000008ac00000|  0%| F|  |TAMS 0x000000008ab00000, 0x000000008ab00000| Untracked 
| 172|0x000000008ac00000, 0x000000008ac00000, 0x000000008ad00000|  0%| F|  |TAMS 0x000000008ac00000, 0x000000008ac00000| Untracked 
| 173|0x000000008ad00000, 0x000000008ad00000, 0x000000008ae00000|  0%| F|  |TAMS 0x000000008ad00000, 0x000000008ad00000| Untracked 
| 174|0x000000008ae00000, 0x000000008ae00000, 0x000000008af00000|  0%| F|  |TAMS 0x000000008ae00000, 0x000000008ae00000| Untracked 
| 175|0x000000008af00000, 0x000000008af00000, 0x000000008b000000|  0%| F|  |TAMS 0x000000008af00000, 0x000000008af00000| Untracked 
| 176|0x000000008b000000, 0x000000008b000000, 0x000000008b100000|  0%| F|  |TAMS 0x000000008b000000, 0x000000008b000000| Untracked 
| 177|0x000000008b100000, 0x000000008b100000, 0x000000008b200000|  0%| F|  |TAMS 0x000000008b100000, 0x000000008b100000| Untracked 
| 178|0x000000008b200000, 0x000000008b200000, 0x000000008b300000|  0%| F|  |TAMS 0x000000008b200000, 0x000000008b200000| Untracked 
| 179|0x000000008b300000, 0x000000008b300000, 0x000000008b400000|  0%| F|  |TAMS 0x000000008b300000, 0x000000008b300000| Untracked 
| 180|0x000000008b400000, 0x000000008b400000, 0x000000008b500000|  0%| F|  |TAMS 0x000000008b400000, 0x000000008b400000| Untracked 
| 181|0x000000008b500000, 0x000000008b500000, 0x000000008b600000|  0%| F|  |TAMS 0x000000008b500000, 0x000000008b500000| Untracked 
| 182|0x000000008b600000, 0x000000008b600000, 0x000000008b700000|  0%| F|  |TAMS 0x000000008b600000, 0x000000008b600000| Untracked 
| 183|0x000000008b700000, 0x000000008b700000, 0x000000008b800000|  0%| F|  |TAMS 0x000000008b700000, 0x000000008b700000| Untracked 
| 184|0x000000008b800000, 0x000000008b800000, 0x000000008b900000|  0%| F|  |TAMS 0x000000008b800000, 0x000000008b800000| Untracked 
| 185|0x000000008b900000, 0x000000008b900000, 0x000000008ba00000|  0%| F|  |TAMS 0x000000008b900000, 0x000000008b900000| Untracked 
| 186|0x000000008ba00000, 0x000000008ba00000, 0x000000008bb00000|  0%| F|  |TAMS 0x000000008ba00000, 0x000000008ba00000| Untracked 
| 187|0x000000008bb00000, 0x000000008bb00000, 0x000000008bc00000|  0%| F|  |TAMS 0x000000008bb00000, 0x000000008bb00000| Untracked 
| 188|0x000000008bc00000, 0x000000008bc00000, 0x000000008bd00000|  0%| F|  |TAMS 0x000000008bc00000, 0x000000008bc00000| Untracked 
| 189|0x000000008bd00000, 0x000000008bd00000, 0x000000008be00000|  0%| F|  |TAMS 0x000000008bd00000, 0x000000008bd00000| Untracked 
| 190|0x000000008be00000, 0x000000008be00000, 0x000000008bf00000|  0%| F|  |TAMS 0x000000008be00000, 0x000000008be00000| Untracked 
| 191|0x000000008bf00000, 0x000000008bf00000, 0x000000008c000000|  0%| F|  |TAMS 0x000000008bf00000, 0x000000008bf00000| Untracked 
| 192|0x000000008c000000, 0x000000008c000000, 0x000000008c100000|  0%| F|  |TAMS 0x000000008c000000, 0x000000008c000000| Untracked 
| 193|0x000000008c100000, 0x000000008c100000, 0x000000008c200000|  0%| F|  |TAMS 0x000000008c100000, 0x000000008c100000| Untracked 
| 194|0x000000008c200000, 0x000000008c200000, 0x000000008c300000|  0%| F|  |TAMS 0x000000008c200000, 0x000000008c200000| Untracked 
| 195|0x000000008c300000, 0x000000008c300000, 0x000000008c400000|  0%| F|  |TAMS 0x000000008c300000, 0x000000008c300000| Untracked 
| 196|0x000000008c400000, 0x000000008c400000, 0x000000008c500000|  0%| F|  |TAMS 0x000000008c400000, 0x000000008c400000| Untracked 
| 197|0x000000008c500000, 0x000000008c500000, 0x000000008c600000|  0%| F|  |TAMS 0x000000008c500000, 0x000000008c500000| Untracked 
| 198|0x000000008c600000, 0x000000008c600000, 0x000000008c700000|  0%| F|  |TAMS 0x000000008c600000, 0x000000008c600000| Untracked 
| 199|0x000000008c700000, 0x000000008c700000, 0x000000008c800000|  0%| F|  |TAMS 0x000000008c700000, 0x000000008c700000| Untracked 
| 200|0x000000008c800000, 0x000000008c800000, 0x000000008c900000|  0%| F|  |TAMS 0x000000008c800000, 0x000000008c800000| Untracked 
| 201|0x000000008c900000, 0x000000008c900000, 0x000000008ca00000|  0%| F|  |TAMS 0x000000008c900000, 0x000000008c900000| Untracked 
| 202|0x000000008ca00000, 0x000000008ca00000, 0x000000008cb00000|  0%| F|  |TAMS 0x000000008ca00000, 0x000000008ca00000| Untracked 
| 203|0x000000008cb00000, 0x000000008cb00000, 0x000000008cc00000|  0%| F|  |TAMS 0x000000008cb00000, 0x000000008cb00000| Untracked 
| 204|0x000000008cc00000, 0x000000008cc00000, 0x000000008cd00000|  0%| F|  |TAMS 0x000000008cc00000, 0x000000008cc00000| Untracked 
| 205|0x000000008cd00000, 0x000000008cd00000, 0x000000008ce00000|  0%| F|  |TAMS 0x000000008cd00000, 0x000000008cd00000| Untracked 
| 206|0x000000008ce00000, 0x000000008ce00000, 0x000000008cf00000|  0%| F|  |TAMS 0x000000008ce00000, 0x000000008ce00000| Untracked 
| 207|0x000000008cf00000, 0x000000008cf00000, 0x000000008d000000|  0%| F|  |TAMS 0x000000008cf00000, 0x000000008cf00000| Untracked 
| 208|0x000000008d000000, 0x000000008d000000, 0x000000008d100000|  0%| F|  |TAMS 0x000000008d000000, 0x000000008d000000| Untracked 
| 209|0x000000008d100000, 0x000000008d100000, 0x000000008d200000|  0%| F|  |TAMS 0x000000008d100000, 0x000000008d100000| Untracked 
| 210|0x000000008d200000, 0x000000008d200000, 0x000000008d300000|  0%| F|  |TAMS 0x000000008d200000, 0x000000008d200000| Untracked 
| 211|0x000000008d300000, 0x000000008d300000, 0x000000008d400000|  0%| F|  |TAMS 0x000000008d300000, 0x000000008d300000| Untracked 
| 212|0x000000008d400000, 0x000000008d400000, 0x000000008d500000|  0%| F|  |TAMS 0x000000008d400000, 0x000000008d400000| Untracked 
| 213|0x000000008d500000, 0x000000008d500000, 0x000000008d600000|  0%| F|  |TAMS 0x000000008d500000, 0x000000008d500000| Untracked 
| 214|0x000000008d600000, 0x000000008d600000, 0x000000008d700000|  0%| F|  |TAMS 0x000000008d600000, 0x000000008d600000| Untracked 
| 215|0x000000008d700000, 0x000000008d700000, 0x000000008d800000|  0%| F|  |TAMS 0x000000008d700000, 0x000000008d700000| Untracked 
| 216|0x000000008d800000, 0x000000008d800000, 0x000000008d900000|  0%| F|  |TAMS 0x000000008d800000, 0x000000008d800000| Untracked 
| 217|0x000000008d900000, 0x000000008d900000, 0x000000008da00000|  0%| F|  |TAMS 0x000000008d900000, 0x000000008d900000| Untracked 
| 218|0x000000008da00000, 0x000000008da00000, 0x000000008db00000|  0%| F|  |TAMS 0x000000008da00000, 0x000000008da00000| Untracked 
| 219|0x000000008db00000, 0x000000008db00000, 0x000000008dc00000|  0%| F|  |TAMS 0x000000008db00000, 0x000000008db00000| Untracked 
| 220|0x000000008dc00000, 0x000000008dc00000, 0x000000008dd00000|  0%| F|  |TAMS 0x000000008dc00000, 0x000000008dc00000| Untracked 
| 221|0x000000008dd00000, 0x000000008dd00000, 0x000000008de00000|  0%| F|  |TAMS 0x000000008dd00000, 0x000000008dd00000| Untracked 
| 222|0x000000008de00000, 0x000000008de00000, 0x000000008df00000|  0%| F|  |TAMS 0x000000008de00000, 0x000000008de00000| Untracked 
| 223|0x000000008df00000, 0x000000008df00000, 0x000000008e000000|  0%| F|  |TAMS 0x000000008df00000, 0x000000008df00000| Untracked 
| 224|0x000000008e000000, 0x000000008e000000, 0x000000008e100000|  0%| F|  |TAMS 0x000000008e000000, 0x000000008e000000| Untracked 
| 225|0x000000008e100000, 0x000000008e100000, 0x000000008e200000|  0%| F|  |TAMS 0x000000008e100000, 0x000000008e100000| Untracked 
| 226|0x000000008e200000, 0x000000008e200000, 0x000000008e300000|  0%| F|  |TAMS 0x000000008e200000, 0x000000008e200000| Untracked 
| 227|0x000000008e300000, 0x000000008e300000, 0x000000008e400000|  0%| F|  |TAMS 0x000000008e300000, 0x000000008e300000| Untracked 
| 228|0x000000008e400000, 0x000000008e400000, 0x000000008e500000|  0%| F|  |TAMS 0x000000008e400000, 0x000000008e400000| Untracked 
| 229|0x000000008e500000, 0x000000008e500000, 0x000000008e600000|  0%| F|  |TAMS 0x000000008e500000, 0x000000008e500000| Untracked 
| 230|0x000000008e600000, 0x000000008e600000, 0x000000008e700000|  0%| F|  |TAMS 0x000000008e600000, 0x000000008e600000| Untracked 
| 231|0x000000008e700000, 0x000000008e700000, 0x000000008e800000|  0%| F|  |TAMS 0x000000008e700000, 0x000000008e700000| Untracked 
| 232|0x000000008e800000, 0x000000008e800000, 0x000000008e900000|  0%| F|  |TAMS 0x000000008e800000, 0x000000008e800000| Untracked 
| 233|0x000000008e900000, 0x000000008e900000, 0x000000008ea00000|  0%| F|  |TAMS 0x000000008e900000, 0x000000008e900000| Untracked 
| 234|0x000000008ea00000, 0x000000008ea00000, 0x000000008eb00000|  0%| F|  |TAMS 0x000000008ea00000, 0x000000008ea00000| Untracked 
| 235|0x000000008eb00000, 0x000000008eb00000, 0x000000008ec00000|  0%| F|  |TAMS 0x000000008eb00000, 0x000000008eb00000| Untracked 
| 236|0x000000008ec00000, 0x000000008ec00000, 0x000000008ed00000|  0%| F|  |TAMS 0x000000008ec00000, 0x000000008ec00000| Untracked 
| 237|0x000000008ed00000, 0x000000008ed00000, 0x000000008ee00000|  0%| F|  |TAMS 0x000000008ed00000, 0x000000008ed00000| Untracked 
| 238|0x000000008ee00000, 0x000000008ee00000, 0x000000008ef00000|  0%| F|  |TAMS 0x000000008ee00000, 0x000000008ee00000| Untracked 
| 239|0x000000008ef00000, 0x000000008ef00000, 0x000000008f000000|  0%| F|  |TAMS 0x000000008ef00000, 0x000000008ef00000| Untracked 
| 240|0x000000008f000000, 0x000000008f000000, 0x000000008f100000|  0%| F|  |TAMS 0x000000008f000000, 0x000000008f000000| Untracked 
| 241|0x000000008f100000, 0x000000008f100000, 0x000000008f200000|  0%| F|  |TAMS 0x000000008f100000, 0x000000008f100000| Untracked 
| 242|0x000000008f200000, 0x000000008f200000, 0x000000008f300000|  0%| F|  |TAMS 0x000000008f200000, 0x000000008f200000| Untracked 
| 243|0x000000008f300000, 0x000000008f300000, 0x000000008f400000|  0%| F|  |TAMS 0x000000008f300000, 0x000000008f300000| Untracked 
| 244|0x000000008f400000, 0x000000008f400000, 0x000000008f500000|  0%| F|  |TAMS 0x000000008f400000, 0x000000008f400000| Untracked 
| 245|0x000000008f500000, 0x000000008f500000, 0x000000008f600000|  0%| F|  |TAMS 0x000000008f500000, 0x000000008f500000| Untracked 
| 246|0x000000008f600000, 0x000000008f600000, 0x000000008f700000|  0%| F|  |TAMS 0x000000008f600000, 0x000000008f600000| Untracked 
| 247|0x000000008f700000, 0x000000008f700000, 0x000000008f800000|  0%| F|  |TAMS 0x000000008f700000, 0x000000008f700000| Untracked 
| 248|0x000000008f800000, 0x000000008f800000, 0x000000008f900000|  0%| F|  |TAMS 0x000000008f800000, 0x000000008f800000| Untracked 
| 249|0x000000008f900000, 0x000000008f900000, 0x000000008fa00000|  0%| F|  |TAMS 0x000000008f900000, 0x000000008f900000| Untracked 
| 250|0x000000008fa00000, 0x000000008fa00000, 0x000000008fb00000|  0%| F|  |TAMS 0x000000008fa00000, 0x000000008fa00000| Untracked 
| 251|0x000000008fb00000, 0x000000008fb00000, 0x000000008fc00000|  0%| F|  |TAMS 0x000000008fb00000, 0x000000008fb00000| Untracked 
| 252|0x000000008fc00000, 0x000000008fc00000, 0x000000008fd00000|  0%| F|  |TAMS 0x000000008fc00000, 0x000000008fc00000| Untracked 
| 253|0x000000008fd00000, 0x000000008fd00000, 0x000000008fe00000|  0%| F|  |TAMS 0x000000008fd00000, 0x000000008fd00000| Untracked 
| 254|0x000000008fe00000, 0x000000008fe15e90, 0x000000008ff00000|  8%| E|  |TAMS 0x000000008fe00000, 0x000000008fe00000| Complete 
| 255|0x000000008ff00000, 0x0000000090000000, 0x0000000090000000|100%| E|CS|TAMS 0x000000008ff00000, 0x000000008ff00000| Complete 
| 256|0x0000000090000000, 0x0000000090100000, 0x0000000090100000|100%| E|CS|TAMS 0x0000000090000000, 0x0000000090000000| Complete 

Card table byte_map: [0x000001e4cbd90000,0x000001e4cc190000] _byte_map_base: 0x000001e4cb990000

Marking Bits (Prev, Next): (CMBitMap*) 0x000001e4b5186610, (CMBitMap*) 0x000001e4b5186650
 Prev Bits: [0x000001e4cc590000, 0x000001e4ce590000)
 Next Bits: [0x000001e4ce590000, 0x000001e4d0590000)

Polling page: 0x000001e4b30b0000

Metaspace:

Usage:
  Non-class:     64.74 MB used.
      Class:     10.53 MB used.
       Both:     75.27 MB used.

Virtual space:
  Non-class space:       72.00 MB reserved,      65.19 MB ( 91%) committed,  9 nodes.
      Class space:      412.00 MB reserved,      10.94 MB (  3%) committed,  1 nodes.
             Both:      484.00 MB reserved,      76.12 MB ( 16%) committed. 

Chunk freelists:
   Non-Class:  2.77 MB
       Class:  1.12 MB
        Both:  3.89 MB

MaxMetaspaceSize: 512.00 MB
CompressedClassSpaceSize: 412.00 MB
Initial GC threshold: 21.00 MB
Current GC threshold: 123.69 MB
CDS: on
MetaspaceReclaimPolicy: balanced
 - commit_granule_bytes: 65536.
 - commit_granule_words: 8192.
 - virtual_space_node_default_size: 1048576.
 - enlarge_chunks_in_place: 1.
 - new_chunks_are_fully_committed: 0.
 - uncommit_free_chunks: 1.
 - use_allocation_guard: 0.
 - handle_deallocations: 1.


Internal statistics:

num_allocs_failed_limit: 9.
num_arena_births: 1052.
num_arena_deaths: 0.
num_vsnodes_births: 10.
num_vsnodes_deaths: 0.
num_space_committed: 1218.
num_space_uncommitted: 0.
num_chunks_returned_to_freelist: 9.
num_chunks_taken_from_freelist: 4217.
num_chunk_merges: 9.
num_chunk_splits: 2698.
num_chunks_enlarged: 1707.
num_purges: 0.
num_inconsistent_stats: 0.

CodeHeap 'non-profiled nmethods': size=120000Kb used=5600Kb max_used=5600Kb free=114399Kb
 bounds [0x000001e4c4460000, 0x000001e4c49e0000, 0x000001e4cb990000]
CodeHeap 'profiled nmethods': size=120000Kb used=19967Kb max_used=19967Kb free=100032Kb
 bounds [0x000001e4bcf30000, 0x000001e4be2b0000, 0x000001e4c4460000]
CodeHeap 'non-nmethods': size=5760Kb used=2415Kb max_used=2475Kb free=3344Kb
 bounds [0x000001e4bc990000, 0x000001e4bcc10000, 0x000001e4bcf30000]
 total_blobs=11071 nmethods=10127 adapters=856
 compilation: enabled
              stopped_count=0, restarted_count=0
 full_count=0

Compilation events (20 events):
Event: 35.594 Thread 0x000001e4d2a31340 nmethod 10968 0x000001e4be2ae110 code [0x000001e4be2ae2c0, 0x000001e4be2ae538]
Event: 35.594 Thread 0x000001e4d2a31340 10969       3       java.util.Collections$2::<init> (15 bytes)
Event: 35.594 Thread 0x000001e4d2a31340 nmethod 10969 0x000001e4be2ae610 code [0x000001e4be2ae7a0, 0x000001e4be2ae978]
Event: 35.594 Thread 0x000001e4d2a31340 10970       3       java.util.Collections$SingletonSet::spliterator (8 bytes)
Event: 35.594 Thread 0x000001e4d2a31340 nmethod 10970 0x000001e4be2aea10 code [0x000001e4be2aebc0, 0x000001e4be2aeeb8]
Event: 35.610 Thread 0x000001e4d8dc8030 10971   !   4       org.gradle.cache.internal.DefaultCacheCoordinator::getFileLock (97 bytes)
Event: 35.621 Thread 0x000001e4d2a31340 10973       3       java.util.Collections$2::forEachRemaining (7 bytes)
Event: 35.621 Thread 0x000001e4d2a31340 nmethod 10973 0x000001e4be2af010 code [0x000001e4be2af1c0, 0x000001e4be2af308]
Event: 35.624 Thread 0x000001e4d8dc8030 nmethod 10971 0x000001e4c49ce990 code [0x000001e4c49ceb40, 0x000001e4c49cf098]
Event: 35.624 Thread 0x000001e4d8dc8030 10972       4       org.gradle.internal.snapshot.VfsRelativePath::lengthOfCommonPrefix (173 bytes)
Event: 35.654 Thread 0x000001e4d8dc8030 nmethod 10972 0x000001e4c49cf410 code [0x000001e4c49cf620, 0x000001e4c49cff88]
Event: 35.654 Thread 0x000001e4d8dc8030 10974       4       com.google.common.collect.CollectSpliterators$1WithCharacteristics::characteristics (9 bytes)
Event: 35.655 Thread 0x000001e4d8dc8030 nmethod 10974 0x000001e4c49d0890 code [0x000001e4c49d0a00, 0x000001e4c49d0a78]
Event: 35.657 Thread 0x000001e4d8dc8030 10975       4       org.gradle.internal.logging.sink.OutputEventRenderer::onOutput (82 bytes)
Event: 35.661 Thread 0x000001e4d8dc8030 nmethod 10975 0x000001e4c49d0b90 code [0x000001e4c49d0d40, 0x000001e4c49d0f08]
Event: 35.661 Thread 0x000001e4d8dc8030 10976       4       org.gradle.internal.logging.sink.OutputEventListenerManager$1::onOutput (33 bytes)
Event: 35.662 Thread 0x000001e4d2a31340 10978       3       com.google.common.collect.SingletonImmutableList::spliterator (13 bytes)
Event: 35.663 Thread 0x000001e4d2a31340 nmethod 10978 0x000001e4be2af390 code [0x000001e4be2af580, 0x000001e4be2afb78]
Event: 35.670 Thread 0x000001e4d8dc8030 nmethod 10976 0x000001e4c49d1190 code [0x000001e4c49d1360, 0x000001e4c49d16a8]
Event: 35.670 Thread 0x000001e4d8dc8030 10977       4       org.gradle.internal.logging.sink.OutputEventTransformer::onOutput (369 bytes)

GC Heap History (20 events):
Event: 24.470 GC heap before
{Heap before GC invocations=18 (full 0):
 garbage-first heap   total 133120K, used 117198K [0x0000000080000000, 0x0000000100000000)
  region size 1024K, 57 young (58368K), 2 survivors (2048K)
 Metaspace       used 64916K, committed 65536K, reserved 479232K
  class space    used 9102K, committed 9344K, reserved 421888K
}
Event: 24.484 GC heap after
{Heap after GC invocations=19 (full 0):
 garbage-first heap   total 133120K, used 64624K [0x0000000080000000, 0x0000000100000000)
  region size 1024K, 5 young (5120K), 5 survivors (5120K)
 Metaspace       used 64916K, committed 65536K, reserved 479232K
  class space    used 9102K, committed 9344K, reserved 421888K
}
Event: 25.498 GC heap before
{Heap before GC invocations=19 (full 0):
 garbage-first heap   total 133120K, used 107632K [0x0000000080000000, 0x0000000100000000)
  region size 1024K, 47 young (48128K), 5 survivors (5120K)
 Metaspace       used 67385K, committed 68032K, reserved 487424K
  class space    used 9437K, committed 9792K, reserved 421888K
}
Event: 25.511 GC heap after
{Heap after GC invocations=20 (full 0):
 garbage-first heap   total 133120K, used 66835K [0x0000000080000000, 0x0000000100000000)
  region size 1024K, 3 young (3072K), 3 survivors (3072K)
 Metaspace       used 67385K, committed 68032K, reserved 487424K
  class space    used 9437K, committed 9792K, reserved 421888K
}
Event: 27.273 GC heap before
{Heap before GC invocations=21 (full 0):
 garbage-first heap   total 133120K, used 108819K [0x0000000080000000, 0x0000000100000000)
  region size 1024K, 44 young (45056K), 3 survivors (3072K)
 Metaspace       used 69059K, committed 69760K, reserved 487424K
  class space    used 9679K, committed 10048K, reserved 421888K
}
Event: 27.298 GC heap after
{Heap after GC invocations=22 (full 0):
 garbage-first heap   total 133120K, used 70912K [0x0000000080000000, 0x0000000100000000)
  region size 1024K, 6 young (6144K), 6 survivors (6144K)
 Metaspace       used 69059K, committed 69760K, reserved 487424K
  class space    used 9679K, committed 10048K, reserved 421888K
}
Event: 27.354 GC heap before
{Heap before GC invocations=22 (full 0):
 garbage-first heap   total 133120K, used 71936K [0x0000000080000000, 0x0000000100000000)
  region size 1024K, 7 young (7168K), 6 survivors (6144K)
 Metaspace       used 69101K, committed 69824K, reserved 487424K
  class space    used 9684K, committed 10048K, reserved 421888K
}
Event: 27.368 GC heap after
{Heap after GC invocations=23 (full 0):
 garbage-first heap   total 133120K, used 71035K [0x0000000080000000, 0x0000000100000000)
  region size 1024K, 1 young (1024K), 1 survivors (1024K)
 Metaspace       used 69101K, committed 69824K, reserved 487424K
  class space    used 9684K, committed 10048K, reserved 421888K
}
Event: 28.426 GC heap before
{Heap before GC invocations=23 (full 0):
 garbage-first heap   total 133120K, used 108923K [0x0000000080000000, 0x0000000100000000)
  region size 1024K, 38 young (38912K), 1 survivors (1024K)
 Metaspace       used 70973K, committed 71680K, reserved 487424K
  class space    used 9942K, committed 10304K, reserved 421888K
}
Event: 28.445 GC heap after
{Heap after GC invocations=24 (full 0):
 garbage-first heap   total 133120K, used 74368K [0x0000000080000000, 0x0000000100000000)
  region size 1024K, 5 young (5120K), 5 survivors (5120K)
 Metaspace       used 70973K, committed 71680K, reserved 487424K
  class space    used 9942K, committed 10304K, reserved 421888K
}
Event: 30.920 GC heap before
{Heap before GC invocations=25 (full 0):
 garbage-first heap   total 137216K, used 107136K [0x0000000080000000, 0x0000000100000000)
  region size 1024K, 37 young (37888K), 5 survivors (5120K)
 Metaspace       used 73566K, committed 74368K, reserved 487424K
  class space    used 10307K, committed 10688K, reserved 421888K
}
Event: 30.937 GC heap after
{Heap after GC invocations=26 (full 0):
 garbage-first heap   total 137216K, used 77423K [0x0000000080000000, 0x0000000100000000)
  region size 1024K, 3 young (3072K), 3 survivors (3072K)
 Metaspace       used 73566K, committed 74368K, reserved 487424K
  class space    used 10307K, committed 10688K, reserved 421888K
}
Event: 31.089 GC heap before
{Heap before GC invocations=26 (full 0):
 garbage-first heap   total 137216K, used 79471K [0x0000000080000000, 0x0000000100000000)
  region size 1024K, 6 young (6144K), 3 survivors (3072K)
 Metaspace       used 73924K, committed 74688K, reserved 487424K
  class space    used 10387K, committed 10752K, reserved 421888K
}
Event: 31.098 GC heap after
{Heap after GC invocations=27 (full 0):
 garbage-first heap   total 137216K, used 77179K [0x0000000080000000, 0x0000000100000000)
  region size 1024K, 1 young (1024K), 1 survivors (1024K)
 Metaspace       used 73924K, committed 74688K, reserved 487424K
  class space    used 10387K, committed 10752K, reserved 421888K
}
Event: 32.279 GC heap before
{Heap before GC invocations=27 (full 0):
 garbage-first heap   total 137216K, used 109947K [0x0000000080000000, 0x0000000100000000)
  region size 1024K, 34 young (34816K), 1 survivors (1024K)
 Metaspace       used 75102K, committed 75840K, reserved 487424K
  class space    used 10593K, committed 10944K, reserved 421888K
}
Event: 32.340 GC heap after
{Heap after GC invocations=28 (full 0):
 garbage-first heap   total 137216K, used 80968K [0x0000000080000000, 0x0000000100000000)
  region size 1024K, 5 young (5120K), 5 survivors (5120K)
 Metaspace       used 75102K, committed 75840K, reserved 487424K
  class space    used 10593K, committed 10944K, reserved 421888K
}
Event: 33.361 GC heap before
{Heap before GC invocations=29 (full 0):
 garbage-first heap   total 145408K, used 110664K [0x0000000080000000, 0x0000000100000000)
  region size 1024K, 33 young (33792K), 5 survivors (5120K)
 Metaspace       used 76479K, committed 77312K, reserved 495616K
  class space    used 10781K, committed 11136K, reserved 421888K
}
Event: 33.383 GC heap after
{Heap after GC invocations=30 (full 0):
 garbage-first heap   total 145408K, used 84688K [0x0000000080000000, 0x0000000100000000)
  region size 1024K, 5 young (5120K), 5 survivors (5120K)
 Metaspace       used 76479K, committed 77312K, reserved 495616K
  class space    used 10781K, committed 11136K, reserved 421888K
}
Event: 33.521 GC heap before
{Heap before GC invocations=30 (full 0):
 garbage-first heap   total 145408K, used 86736K [0x0000000080000000, 0x0000000100000000)
  region size 1024K, 7 young (7168K), 5 survivors (5120K)
 Metaspace       used 76533K, committed 77312K, reserved 495616K
  class space    used 10781K, committed 11136K, reserved 421888K
}
Event: 33.583 GC heap after
{Heap after GC invocations=31 (full 0):
 garbage-first heap   total 263168K, used 83873K [0x0000000080000000, 0x0000000100000000)
  region size 1024K, 1 young (1024K), 1 survivors (1024K)
 Metaspace       used 76533K, committed 77312K, reserved 495616K
  class space    used 10781K, committed 11136K, reserved 421888K
}

Deoptimization events (20 events):
Event: 34.911 Thread 0x000001e4d4b77570 Uncommon trap: trap_request=0xffffffbe fr.pc=0x000001e4c49a49d8 relative=0x0000000000000eb8
Event: 34.911 Thread 0x000001e4d4b77570 Uncommon trap: reason=profile_predicate action=maybe_recompile pc=0x000001e4c49a49d8 method=org.gradle.internal.file.FileHierarchySet$Node.contains(Ljava/lang/String;I)Z @ 69 c2
Event: 34.911 Thread 0x000001e4d4b77570 DEOPT PACKING pc=0x000001e4c49a49d8 sp=0x000000c0d37f48a0
Event: 34.911 Thread 0x000001e4d4b77570 DEOPT UNPACKING pc=0x000001e4bc9e23a3 sp=0x000000c0d37f4828 mode 2
Event: 34.912 Thread 0x000001e4d8820f30 Uncommon trap: trap_request=0xffffffbe fr.pc=0x000001e4c49a49d8 relative=0x0000000000000eb8
Event: 34.912 Thread 0x000001e4d8820f30 Uncommon trap: reason=profile_predicate action=maybe_recompile pc=0x000001e4c49a49d8 method=org.gradle.internal.file.FileHierarchySet$Node.contains(Ljava/lang/String;I)Z @ 69 c2
Event: 34.912 Thread 0x000001e4d8820f30 DEOPT PACKING pc=0x000001e4c49a49d8 sp=0x000000c0d4ffd170
Event: 34.912 Thread 0x000001e4d8820f30 DEOPT UNPACKING pc=0x000001e4bc9e23a3 sp=0x000000c0d4ffd0f8 mode 2
Event: 34.912 Thread 0x000001e4d4b77570 Uncommon trap: trap_request=0xffffffbe fr.pc=0x000001e4c49a49d8 relative=0x0000000000000eb8
Event: 34.912 Thread 0x000001e4d4b77570 Uncommon trap: reason=profile_predicate action=maybe_recompile pc=0x000001e4c49a49d8 method=org.gradle.internal.file.FileHierarchySet$Node.contains(Ljava/lang/String;I)Z @ 69 c2
Event: 34.912 Thread 0x000001e4d4b77570 DEOPT PACKING pc=0x000001e4c49a49d8 sp=0x000000c0d37f48a0
Event: 34.912 Thread 0x000001e4d4b77570 DEOPT UNPACKING pc=0x000001e4bc9e23a3 sp=0x000000c0d37f4828 mode 2
Event: 34.912 Thread 0x000001e4d8820f30 Uncommon trap: trap_request=0xffffffbe fr.pc=0x000001e4c49a49d8 relative=0x0000000000000eb8
Event: 34.912 Thread 0x000001e4d8820f30 Uncommon trap: reason=profile_predicate action=maybe_recompile pc=0x000001e4c49a49d8 method=org.gradle.internal.file.FileHierarchySet$Node.contains(Ljava/lang/String;I)Z @ 69 c2
Event: 34.912 Thread 0x000001e4d8820f30 DEOPT PACKING pc=0x000001e4c49a49d8 sp=0x000000c0d4ffd170
Event: 34.912 Thread 0x000001e4d8820f30 DEOPT UNPACKING pc=0x000001e4bc9e23a3 sp=0x000000c0d4ffd0f8 mode 2
Event: 35.102 Thread 0x000001e4d8822c10 Uncommon trap: trap_request=0xffffff45 fr.pc=0x000001e4c499b734 relative=0x0000000000001cd4
Event: 35.102 Thread 0x000001e4d8822c10 Uncommon trap: reason=unstable_if action=reinterpret pc=0x000001e4c499b734 method=java.util.concurrent.locks.AbstractQueuedSynchronizer.acquire(Ljava/util/concurrent/locks/AbstractQueuedSynchronizer$Node;IZZZJ)I @ 83 c2
Event: 35.102 Thread 0x000001e4d8822c10 DEOPT PACKING pc=0x000001e4c499b734 sp=0x000000c0d51fbe00
Event: 35.102 Thread 0x000001e4d8822c10 DEOPT UNPACKING pc=0x000001e4bc9e23a3 sp=0x000000c0d51fbdc0 mode 2

Classes unloaded (0 events):
No events

Classes redefined (0 events):
No events

Internal exceptions (20 events):
Event: 33.117 Thread 0x000001e4d4b77570 Exception <a 'java/lang/ClassNotFoundException'{0x000000008773f300}: org/gradle/api/internal/DefaultNamedDomainObjectListBeanInfo> (0x000000008773f300) 
thrown [t:\workspace\open\src\hotspot\share\classfile\systemDictionary.cpp, line 256]
Event: 33.123 Thread 0x000001e4d4b77570 Exception <a 'java/lang/ClassNotFoundException'{0x0000000087755648}: org/gradle/api/internal/DefaultNamedDomainObjectCollectionBeanInfo> (0x0000000087755648) 
thrown [t:\workspace\open\src\hotspot\share\classfile\systemDictionary.cpp, line 256]
Event: 33.125 Thread 0x000001e4d4b77570 Exception <a 'java/lang/ClassNotFoundException'{0x000000008776b518}: org/gradle/api/internal/DefaultDomainObjectCollectionBeanInfo> (0x000000008776b518) 
thrown [t:\workspace\open\src\hotspot\share\classfile\systemDictionary.cpp, line 256]
Event: 33.126 Thread 0x000001e4d4b77570 Exception <a 'java/lang/ClassNotFoundException'{0x00000000877732e8}: java/util/AbstractCollectionBeanInfo> (0x00000000877732e8) 
thrown [t:\workspace\open\src\hotspot\share\classfile\systemDictionary.cpp, line 256]
Event: 33.126 Thread 0x000001e4d4b77570 Exception <a 'java/lang/ClassNotFoundException'{0x000000008777b080}: java/util/AbstractCollectionCustomizer> (0x000000008777b080) 
thrown [t:\workspace\open\src\hotspot\share\classfile\systemDictionary.cpp, line 256]
Event: 33.129 Thread 0x000001e4d4b77570 Exception <a 'java/lang/ClassNotFoundException'{0x000000008779ab10}: org/gradle/api/internal/DefaultDomainObjectCollectionCustomizer> (0x000000008779ab10) 
thrown [t:\workspace\open\src\hotspot\share\classfile\systemDictionary.cpp, line 256]
Event: 33.135 Thread 0x000001e4d4b77570 Exception <a 'java/lang/ClassNotFoundException'{0x00000000877d1168}: org/gradle/api/internal/DefaultNamedDomainObjectCollectionCustomizer> (0x00000000877d1168) 
thrown [t:\workspace\open\src\hotspot\share\classfile\systemDictionary.cpp, line 256]
Event: 33.139 Thread 0x000001e4d4b77570 Exception <a 'java/lang/ClassNotFoundException'{0x00000000876107d0}: org/gradle/api/internal/DefaultNamedDomainObjectListCustomizer> (0x00000000876107d0) 
thrown [t:\workspace\open\src\hotspot\share\classfile\systemDictionary.cpp, line 256]
Event: 33.142 Thread 0x000001e4d4b77570 Exception <a 'java/lang/ClassNotFoundException'{0x00000000876467d8}: org/gradle/api/internal/artifacts/DefaultArtifactRepositoryContainerCustomizer> (0x00000000876467d8) 
thrown [t:\workspace\open\src\hotspot\share\classfile\systemDictionary.cpp, line 256]
Event: 33.147 Thread 0x000001e4d4b77570 Exception <a 'java/lang/ClassNotFoundException'{0x00000000876712d0}: org/gradle/api/internal/artifacts/dsl/DefaultRepositoryHandlerCustomizer> (0x00000000876712d0) 
thrown [t:\workspace\open\src\hotspot\share\classfile\systemDictionary.cpp, line 256]
Event: 33.150 Thread 0x000001e4d4b77570 Exception <a 'java/lang/ClassNotFoundException'{0x00000000876a9780}: org/gradle/api/internal/artifacts/dsl/DefaultRepositoryHandler_DecoratedCustomizer> (0x00000000876a9780) 
thrown [t:\workspace\open\src\hotspot\share\classfile\systemDictionary.cpp, line 256]
Event: 33.162 Thread 0x000001e4d4b77570 Exception <a 'java/lang/ClassNotFoundException'{0x0000000087553500}: org/gradle/api/internal/artifacts/dsl/dependencies/DefaultDependencyHandler_DecoratedBeanInfo> (0x0000000087553500) 
thrown [t:\workspace\open\src\hotspot\share\classfile\systemDictionary.cpp, line 256]
Event: 33.163 Thread 0x000001e4d4b77570 Exception <a 'java/lang/ClassNotFoundException'{0x000000008756b4e8}: org/gradle/api/internal/artifacts/dsl/dependencies/DefaultDependencyHandlerBeanInfo> (0x000000008756b4e8) 
thrown [t:\workspace\open\src\hotspot\share\classfile\systemDictionary.cpp, line 256]
Event: 33.164 Thread 0x000001e4d4b77570 Exception <a 'java/lang/ClassNotFoundException'{0x0000000087582f40}: org/gradle/api/internal/artifacts/dsl/dependencies/DefaultDependencyHandlerCustomizer> (0x0000000087582f40) 
thrown [t:\workspace\open\src\hotspot\share\classfile\systemDictionary.cpp, line 256]
Event: 33.166 Thread 0x000001e4d4b77570 Exception <a 'java/lang/ClassNotFoundException'{0x00000000875c2d30}: org/gradle/api/internal/artifacts/dsl/dependencies/DefaultDependencyHandler_DecoratedCustomizer> (0x00000000875c2d30) 
thrown [t:\workspace\open\src\hotspot\share\classfile\systemDictionary.cpp, line 256]
Event: 34.254 Thread 0x000001e4d8fdb080 Exception <a 'sun/nio/fs/WindowsException'{0x000000008f023248}> (0x000000008f023248) 
thrown [t:\workspace\open\src\hotspot\share\prims\jni.cpp, line 516]
Event: 34.255 Thread 0x000001e4d8fdb080 Exception <a 'sun/nio/fs/WindowsException'{0x000000008f025d78}> (0x000000008f025d78) 
thrown [t:\workspace\open\src\hotspot\share\prims\jni.cpp, line 516]
Event: 34.256 Thread 0x000001e4d8fdb080 Exception <a 'sun/nio/fs/WindowsException'{0x000000008f028638}> (0x000000008f028638) 
thrown [t:\workspace\open\src\hotspot\share\prims\jni.cpp, line 516]
Event: 34.256 Thread 0x000001e4d8fdb080 Exception <a 'sun/nio/fs/WindowsException'{0x000000008f02adb0}> (0x000000008f02adb0) 
thrown [t:\workspace\open\src\hotspot\share\prims\jni.cpp, line 516]
Event: 34.910 Thread 0x000001e4d4b77570 Implicit null exception at 0x000001e4c49a27d3 to 0x000001e4c49a2e08

VM Operations (20 events):
Event: 31.930 Executing VM operation: ICBufferFull
Event: 31.930 Executing VM operation: ICBufferFull done
Event: 32.279 Executing VM operation: G1CollectForAllocation
Event: 32.352 Executing VM operation: G1CollectForAllocation done
Event: 32.542 Executing VM operation: G1Concurrent
Event: 32.567 Executing VM operation: G1Concurrent done
Event: 32.694 Executing VM operation: G1Concurrent
Event: 32.695 Executing VM operation: G1Concurrent done
Event: 33.210 Executing VM operation: HandshakeAllThreads
Event: 33.210 Executing VM operation: HandshakeAllThreads done
Event: 33.361 Executing VM operation: G1CollectForAllocation
Event: 33.383 Executing VM operation: G1CollectForAllocation done
Event: 33.521 Executing VM operation: G1CollectForAllocation
Event: 33.583 Executing VM operation: G1CollectForAllocation done
Event: 33.938 Executing VM operation: ICBufferFull
Event: 33.938 Executing VM operation: ICBufferFull done
Event: 34.286 Executing VM operation: ICBufferFull
Event: 34.286 Executing VM operation: ICBufferFull done
Event: 35.068 Executing VM operation: ICBufferFull
Event: 35.068 Executing VM operation: ICBufferFull done

Events (20 events):
Event: 33.026 Thread 0x000001e4db170ef0 Thread added: 0x000001e4db170ef0
Event: 33.042 Thread 0x000001e4db170080 Thread added: 0x000001e4db170080
Event: 33.125 loading class java/util/AbstractCollectionBeanInfo
Event: 33.125 loading class java/util/AbstractCollectionBeanInfo done
Event: 33.126 loading class java/util/AbstractCollectionBeanInfo
Event: 33.126 loading class java/util/AbstractCollectionBeanInfo done
Event: 33.126 loading class java/util/AbstractCollectionCustomizer
Event: 33.126 loading class java/util/AbstractCollectionCustomizer done
Event: 33.126 loading class java/util/AbstractCollectionCustomizer
Event: 33.126 loading class java/util/AbstractCollectionCustomizer done
Event: 33.127 loading class sun/reflect/generics/reflectiveObjects/GenericArrayTypeImpl
Event: 33.127 loading class sun/reflect/generics/reflectiveObjects/GenericArrayTypeImpl done
Event: 33.724 loading class java/util/Collections$ReverseComparator
Event: 33.725 loading class java/util/Collections$ReverseComparator done
Event: 33.725 loading class java/util/Collections$ReverseComparator2
Event: 33.725 loading class java/util/Collections$ReverseComparator2 done
Event: 34.118 Thread 0x000001e4db1730a0 Thread added: 0x000001e4db1730a0
Event: 34.118 Thread 0x000001e4db1748b0 Thread added: 0x000001e4db1748b0
Event: 34.119 Thread 0x000001e4db173f10 Thread added: 0x000001e4db173f10
Event: 34.158 Thread 0x000001e4db1743e0 Thread added: 0x000001e4db1743e0


Dynamic libraries:
0x00007ff65fec0000 - 0x00007ff65fece000 	C:\Program Files\Microsoft\jdk-17.0.2\bin\java.exe
0x00007ff97f630000 - 0x00007ff97f828000 	C:\Windows\SYSTEM32\ntdll.dll
0x00007ff97e870000 - 0x00007ff97e931000 	C:\Windows\System32\KERNEL32.DLL
0x00007ff97d1c0000 - 0x00007ff97d4bd000 	C:\Windows\System32\KERNELBASE.dll
0x00007ff97d4f0000 - 0x00007ff97d5f0000 	C:\Windows\System32\ucrtbase.dll
0x00007ff96c9f0000 - 0x00007ff96ca0a000 	C:\Program Files\Microsoft\jdk-17.0.2\bin\VCRUNTIME140.dll
0x00007ff976100000 - 0x00007ff976118000 	C:\Program Files\Microsoft\jdk-17.0.2\bin\jli.dll
0x00007ff96fc30000 - 0x00007ff96feca000 	C:\Windows\WinSxS\amd64_microsoft.windows.common-controls_6595b64144ccf1df_6.0.19041.4355_none_60b8b9eb71f62e16\COMCTL32.dll
0x00007ff97dfd0000 - 0x00007ff97e06e000 	C:\Windows\System32\msvcrt.dll
0x00007ff97ebf0000 - 0x00007ff97ed8d000 	C:\Windows\System32\USER32.dll
0x00007ff97de90000 - 0x00007ff97debb000 	C:\Windows\System32\GDI32.dll
0x00007ff97cce0000 - 0x00007ff97cd02000 	C:\Windows\System32\win32u.dll
0x00007ff97cdf0000 - 0x00007ff97cf07000 	C:\Windows\System32\gdi32full.dll
0x00007ff97d120000 - 0x00007ff97d1bd000 	C:\Windows\System32\msvcp_win.dll
0x00007ff97dd50000 - 0x00007ff97dd7f000 	C:\Windows\System32\IMM32.DLL
0x00007ff979300000 - 0x00007ff97930c000 	C:\Program Files\Microsoft\jdk-17.0.2\bin\vcruntime140_1.dll
0x00007ff95acf0000 - 0x00007ff95ad7d000 	C:\Program Files\Microsoft\jdk-17.0.2\bin\msvcp140.dll
0x00007ff930720000 - 0x00007ff9312e1000 	C:\Program Files\Microsoft\jdk-17.0.2\bin\server\jvm.dll
0x00007ff97daf0000 - 0x00007ff97dba0000 	C:\Windows\System32\ADVAPI32.dll
0x00007ff97e940000 - 0x00007ff97e9e0000 	C:\Windows\System32\sechost.dll
0x00007ff97e9e0000 - 0x00007ff97eb03000 	C:\Windows\System32\RPCRT4.dll
0x00007ff97d4c0000 - 0x00007ff97d4e7000 	C:\Windows\System32\bcrypt.dll
0x00007ff97dde0000 - 0x00007ff97dde8000 	C:\Windows\System32\PSAPI.DLL
0x00007ff978e40000 - 0x00007ff978e49000 	C:\Windows\SYSTEM32\WSOCK32.dll
0x00007ff973050000 - 0x00007ff973077000 	C:\Windows\SYSTEM32\WINMM.dll
0x00007ff973b00000 - 0x00007ff973b0a000 	C:\Windows\SYSTEM32\VERSION.dll
0x00007ff97f580000 - 0x00007ff97f5eb000 	C:\Windows\System32\WS2_32.dll
0x00007ff97ab60000 - 0x00007ff97ab72000 	C:\Windows\SYSTEM32\kernel.appcore.dll
0x00007ff978d90000 - 0x00007ff978d9a000 	C:\Program Files\Microsoft\jdk-17.0.2\bin\jimage.dll
0x00007ff96a310000 - 0x00007ff96a4f4000 	C:\Windows\SYSTEM32\DBGHELP.DLL
0x00007ff96a050000 - 0x00007ff96a084000 	C:\Windows\SYSTEM32\dbgcore.DLL
0x00007ff97cd60000 - 0x00007ff97cde2000 	C:\Windows\System32\bcryptPrimitives.dll
0x00007ff971b80000 - 0x00007ff971b8e000 	C:\Program Files\Microsoft\jdk-17.0.2\bin\instrument.dll
0x00007ff95d1d0000 - 0x00007ff95d1f5000 	C:\Program Files\Microsoft\jdk-17.0.2\bin\java.dll
0x00007ff95ac10000 - 0x00007ff95ace6000 	C:\Program Files\Microsoft\jdk-17.0.2\bin\jsvml.dll
0x00007ff97ed90000 - 0x00007ff97f4ff000 	C:\Windows\System32\SHELL32.dll
0x00007ff97ad60000 - 0x00007ff97b503000 	C:\Windows\SYSTEM32\windows.storage.dll
0x00007ff97d790000 - 0x00007ff97dae3000 	C:\Windows\System32\combase.dll
0x00007ff97c710000 - 0x00007ff97c73e000 	C:\Windows\SYSTEM32\Wldp.dll
0x00007ff97d660000 - 0x00007ff97d72d000 	C:\Windows\System32\OLEAUT32.dll
0x00007ff97e350000 - 0x00007ff97e3fd000 	C:\Windows\System32\SHCORE.dll
0x00007ff97dec0000 - 0x00007ff97df15000 	C:\Windows\System32\shlwapi.dll
0x00007ff97cc10000 - 0x00007ff97cc34000 	C:\Windows\SYSTEM32\profapi.dll
0x00007ff95afb0000 - 0x00007ff95afc8000 	C:\Program Files\Microsoft\jdk-17.0.2\bin\zip.dll
0x00007ff95b0c0000 - 0x00007ff95b0d9000 	C:\Program Files\Microsoft\jdk-17.0.2\bin\net.dll
0x00007ff976700000 - 0x00007ff97680d000 	C:\Windows\SYSTEM32\WINHTTP.dll
0x00007ff97c470000 - 0x00007ff97c4da000 	C:\Windows\system32\mswsock.dll
0x00007ff95b050000 - 0x00007ff95b066000 	C:\Program Files\Microsoft\jdk-17.0.2\bin\nio.dll
0x00007ff979380000 - 0x00007ff979390000 	C:\Program Files\Microsoft\jdk-17.0.2\bin\verify.dll
0x00007ff971ba0000 - 0x00007ff971bc7000 	C:\Users\aanan\.gradle\native\c067742578af261105cb4f569cf0c3c89f3d7b1fecec35dd04571415982c5e48\windows-amd64\native-platform.dll
0x00007ff929490000 - 0x00007ff9295d4000 	C:\Users\aanan\.gradle\native\100fb08df4bc3b14c8652ba06237920a3bd2aa13389f12d3474272988ae205f9\windows-amd64\native-platform-file-events.dll
0x00007ff9752c0000 - 0x00007ff9752c9000 	C:\Program Files\Microsoft\jdk-17.0.2\bin\management.dll
0x00007ff964d20000 - 0x00007ff964d2b000 	C:\Program Files\Microsoft\jdk-17.0.2\bin\management_ext.dll
0x00007ff97c670000 - 0x00007ff97c688000 	C:\Windows\SYSTEM32\CRYPTSP.dll
0x00007ff97bd20000 - 0x00007ff97bd54000 	C:\Windows\system32\rsaenh.dll
0x00007ff97cbd0000 - 0x00007ff97cbfe000 	C:\Windows\SYSTEM32\USERENV.dll
0x00007ff97c660000 - 0x00007ff97c66c000 	C:\Windows\SYSTEM32\CRYPTBASE.dll
0x00007ff97c100000 - 0x00007ff97c13b000 	C:\Windows\SYSTEM32\IPHLPAPI.DLL
0x00007ff97de80000 - 0x00007ff97de88000 	C:\Windows\System32\NSI.dll
0x00007ff974cf0000 - 0x00007ff974d07000 	C:\Windows\SYSTEM32\dhcpcsvc6.DLL
0x00007ff975b60000 - 0x00007ff975b7d000 	C:\Windows\SYSTEM32\dhcpcsvc.DLL
0x00007ff97c140000 - 0x00007ff97c20a000 	C:\Windows\SYSTEM32\DNSAPI.dll
0x00007ff9642d0000 - 0x00007ff9642de000 	C:\Program Files\Microsoft\jdk-17.0.2\bin\sunmscapi.dll
0x00007ff97cf10000 - 0x00007ff97d06c000 	C:\Windows\System32\CRYPT32.dll
0x00007ff97c780000 - 0x00007ff97c7a9000 	C:\Windows\SYSTEM32\ncrypt.dll
0x00007ff97c740000 - 0x00007ff97c77b000 	C:\Windows\SYSTEM32\NTASN1.dll
0x00007ff963c20000 - 0x00007ff963c27000 	C:\Windows\system32\wshunix.dll
0x00007ff96f930000 - 0x00007ff96f93a000 	C:\Windows\System32\rasadhlp.dll
0x00007ff971160000 - 0x00007ff9711e0000 	C:\Windows\System32\fwpuclnt.dll
0x00007ff9757d0000 - 0x00007ff9757e7000 	C:\Windows\system32\napinsp.dll
0x00007ff9757b0000 - 0x00007ff9757cb000 	C:\Windows\system32\pnrpnsp.dll
0x00007ff9789b0000 - 0x00007ff9789c5000 	C:\Windows\system32\wshbth.dll
0x00007ff9785b0000 - 0x00007ff9785cd000 	C:\Windows\system32\NLAapi.dll
0x00007ff974b60000 - 0x00007ff974b72000 	C:\Windows\System32\winrnr.dll

dbghelp: loaded successfully - version: 4.0.5 - missing functions: none
symbol engine: initialized successfully - sym options: 0x614 - pdb path: .;C:\Program Files\Microsoft\jdk-17.0.2\bin;C:\Windows\SYSTEM32;C:\Windows\WinSxS\amd64_microsoft.windows.common-controls_6595b64144ccf1df_6.0.19041.4355_none_60b8b9eb71f62e16;C:\Program Files\Microsoft\jdk-17.0.2\bin\server;C:\Users\aanan\.gradle\native\c067742578af261105cb4f569cf0c3c89f3d7b1fecec35dd04571415982c5e48\windows-amd64;C:\Users\aanan\.gradle\native\100fb08df4bc3b14c8652ba06237920a3bd2aa13389f12d3474272988ae205f9\windows-amd64

VM Arguments:
jvm_args: -XX:MaxMetaspaceSize=512m --add-opens=java.base/java.util=ALL-UNNAMED --add-opens=java.base/java.lang=ALL-UNNAMED --add-opens=java.base/java.lang.invoke=ALL-UNNAMED --add-opens=java.prefs/java.util.prefs=ALL-UNNAMED --add-opens=java.base/java.nio.charset=ALL-UNNAMED --add-opens=java.base/java.net=ALL-UNNAMED --add-opens=java.base/java.util.concurrent.atomic=ALL-UNNAMED -Xmx2048m -Dfile.encoding=windows-1252 -Duser.country=IN -Duser.language=en -Duser.variant -javaagent:C:\Users\aanan\.gradle\wrapper\dists\gradle-8.8-all\6gdy1pgp427xkqcjbxw3ylt6h\gradle-8.8\lib\agents\gradle-instrumentation-agent-8.8.jar 
java_command: org.gradle.launcher.daemon.bootstrap.GradleDaemon 8.8
java_class_path (initial): C:\Users\aanan\.gradle\wrapper\dists\gradle-8.8-all\6gdy1pgp427xkqcjbxw3ylt6h\gradle-8.8\lib\gradle-launcher-8.8.jar
Launcher Type: SUN_STANDARD

[Global flags]
     intx CICompilerCount                          = 3                                         {product} {ergonomic}
   size_t CompressedClassSpaceSize                 = 432013312                                 {product} {ergonomic}
     uint ConcGCThreads                            = 1                                         {product} {ergonomic}
     uint G1ConcRefinementThreads                  = 4                                         {product} {ergonomic}
   size_t G1HeapRegionSize                         = 1048576                                   {product} {ergonomic}
    uintx GCDrainStackTargetSize                   = 64                                        {product} {ergonomic}
   size_t InitialHeapSize                          = 100663296                                 {product} {ergonomic}
   size_t MarkStackSize                            = 4194304                                   {product} {ergonomic}
   size_t MaxHeapSize                              = 2147483648                                {product} {command line}
   size_t MaxMetaspaceSize                         = 536870912                                 {product} {command line}
   size_t MaxNewSize                               = 1287651328                                {product} {ergonomic}
   size_t MinHeapDeltaBytes                        = 1048576                                   {product} {ergonomic}
   size_t MinHeapSize                              = 8388608                                   {product} {ergonomic}
    uintx NonNMethodCodeHeapSize                   = 5832780                                {pd product} {ergonomic}
    uintx NonProfiledCodeHeapSize                  = 122912730                              {pd product} {ergonomic}
    uintx ProfiledCodeHeapSize                     = 122912730                              {pd product} {ergonomic}
    uintx ReservedCodeCacheSize                    = 251658240                              {pd product} {ergonomic}
     bool SegmentedCodeCache                       = true                                      {product} {ergonomic}
   size_t SoftMaxHeapSize                          = 2147483648                             {manageable} {ergonomic}
     bool UseCompressedClassPointers               = true                           {product lp64_product} {ergonomic}
     bool UseCompressedOops                        = true                           {product lp64_product} {ergonomic}
     bool UseG1GC                                  = true                                      {product} {ergonomic}
     bool UseLargePagesIndividualAllocation        = false                                  {pd product} {ergonomic}

Logging:
Log output configuration:
 #0: stdout all=warning uptime,level,tags
 #1: stderr all=off uptime,level,tags

Environment Variables:
JAVA_HOME=C:\Program Files\Microsoft\jdk-17.0.2
CLASSPATH=C:\Users\aanan\Desktop\GitUsers\android\\gradle\wrapper\gradle-wrapper.jar
PATH=C:\Program Files (x86)\Intel\iCLS Client\;C:\Program Files\Intel\iCLS Client\;C:\Windows\system32;C:\Windows;C:\Windows\System32\Wbem;C:\Windows\System32\WindowsPowerShell\v1.0\;C:\Windows\System32\OpenSSH\;C:\Program Files\dotnet\;C:\Program Files\Intel\Intel(R) Management Engine Components\DAL;C:\Program Files\Intel\Intel(R) Management Engine Components\IPT;C:\Program Files (x86)\Intel\Intel(R) Management Engine Components\DAL;C:\Program Files (x86)\Intel\Intel(R) Management Engine Components\IPT;C:\ProgramData\chocolatey\bin;C:\Users\aanan\AppData\Local\Android\Sdk\platform-tools;C:\Program Files\Git\cmd;C:\Program Files\Git\mingw64\bin;C:\Program Files\Git\usr\bin;C:\Program Files\Microsoft\jdk-17.0.2\bin;C:\Users\aanan\AppData\Roaming\nvm;C:\Program Files\nodejs;C:\Program Files\MongoDB\Server\7.0\bin;C:\Users\aanan\AppData\Local\Microsoft\WindowsApps;C:\Users\aanan\AppData\Local\Programs\Microsoft VS Code\bin;C:\Users\aanan\AppData\Roaming\npm;C:\Users\aanan\AppData\Roaming\nvm;C:\Program Files\nodejs;C:\Program Files\mongosh\
USERNAME=Devendra
OS=Windows_NT
PROCESSOR_IDENTIFIER=Intel64 Family 6 Model 69 Stepping 1, GenuineIntel



---------------  S Y S T E M  ---------------

OS:
 Windows 10 , 64 bit Build 19041 (10.0.19041.4842)
OS uptime: 1 days 0:15 hours

CPU: total 4 (initial active 4) (2 cores per cpu, 2 threads per core) family 6 model 69 stepping 1 microcode 0x25, cx8, cmov, fxsr, ht, mmx, sse, sse2, sse3, ssse3, sse4.1, sse4.2, popcnt, lzcnt, tsc, tscinvbit, avx, avx2, aes, erms, clmul, bmi1, bmi2, fma, vzeroupper, clflush

Memory: 4k page, system-wide physical 6024M (533M free)
TotalPageFile size 8072M (AvailPageFile size 5M)
current process WorkingSet (physical memory assigned to process): 477M, peak: 477M
current process commit charge ("private bytes"): 520M, peak: 522M

vm_info: OpenJDK 64-Bit Server VM (17.0.2+8-86) for windows-amd64 JRE (17.0.2+8-86), built on Dec  7 2021 21:49:10 by "mach5one" with MS VC++ 16.8 / 16.9 (VS2019)

END.
